#
# There is insufficient memory for the Java Runtime Environment to continue.
# Native memory allocation (malloc) failed to allocate 587216 bytes. Error detail: Chunk::new
# Possible reasons:
#   The system is out of physical RAM or swap space
#   This process is running with CompressedOops enabled, and the Java Heap may be blocking the growth of the native heap
# Possible solutions:
#   Reduce memory load on the system
#   Increase physical memory or swap space
#   Check if swap backing store is full
#   Decrease Java heap size (-Xmx/-Xms)
#   Decrease number of Java threads
#   Decrease Java thread stack sizes (-Xss)
#   Set larger code cache with -XX:ReservedCodeCacheSize=
#   JVM is running with Unscaled Compressed Oops mode in which the Java heap is
#     placed in the first 4GB address space. The Java Heap base address is the
#     maximum limit for the native heap growth. Please use -XX:HeapBaseMinAddress
#     to set the Java Heap base and to place the Java Heap above 4GB virtual address.
# This output file may be truncated or incomplete.
#
#  Out of Memory Error (arena.cpp:168), pid=14312, tid=11784
#
# JRE version: OpenJDK Runtime Environment (21.0.8) (build 21.0.8+-14018985-b1038.68)
# Java VM: OpenJDK 64-Bit Server VM (21.0.8+-14018985-b1038.68, mixed mode, tiered, compressed oops, compressed class ptrs, g1 gc, windows-amd64)
# No core dump will be written. Minidumps are not enabled by default on client versions of Windows
#

---------------  S U M M A R Y ------------

Command Line: org.jetbrains.kotlin.cli.jvm.K2JVMCompiler @C:\xampp\htdocs\Final-Flutter-App\Ecommerce_UI\build\mobile_scanner\20251202_11976560531505902428.compiler.options

Host: Intel(R) Core(TM) i5-4460S CPU @ 2.90GHz, 4 cores, 3G,  Windows 11 , 64 bit Build 22621 (10.0.22621.5415)
Time: Tue Dec  2 13:22:07 2025 Egypt Standard Time elapsed time: 5.449787 seconds (0d 0h 0m 5s)

---------------  T H R E A D  ---------------

Current thread (0x000002176f87fbd0):  JavaThread "C2 CompilerThread0" daemon [_thread_in_native, id=11784, stack(0x0000001bdc700000,0x0000001bdc800000) (1024K)]


Current CompileTask:
C2:5449 1655   !   4       jdk.internal.loader.BuiltinClassLoader::loadClassOrNull (143 bytes)

Stack: [0x0000001bdc700000,0x0000001bdc800000]
Native frames: (J=compiled Java code, j=interpreted, Vv=VM code, C=native code)
V  [jvm.dll+0x6d68d9]
V  [jvm.dll+0x866693]
V  [jvm.dll+0x868c4e]
V  [jvm.dll+0x869333]
V  [jvm.dll+0x280566]
V  [jvm.dll+0xc07cd]
V  [jvm.dll+0xc0d03]
V  [jvm.dll+0x2f5970]
V  [jvm.dll+0x5ff719]
V  [jvm.dll+0x252362]
V  [jvm.dll+0x24a824]
V  [jvm.dll+0x24871e]
V  [jvm.dll+0x1c73a4]
V  [jvm.dll+0x257f9e]
V  [jvm.dll+0x2564e6]
V  [jvm.dll+0x3f4696]
V  [jvm.dll+0x80eac8]
V  [jvm.dll+0x6d512d]
C  [ucrtbase.dll+0x29333]
C  [KERNEL32.DLL+0x1259d]
C  [ntdll.dll+0x5af78]


---------------  P R O C E S S  ---------------

Threads class SMR info:
_java_thread_list=0x000002176f988e60, length=11, elements={
0x0000021757ab3440, 0x000002176f736890, 0x000002176f740bf0, 0x000002176f870080,
0x000002176f87a700, 0x000002176f87b970, 0x000002176f87c3d0, 0x000002176f87ce30,
0x000002176f87fbd0, 0x000002176f884290, 0x000002176f9b0c50
}

Java Threads: ( => current thread )
  0x0000021757ab3440 JavaThread "main"                              [_thread_in_Java, id=17156, stack(0x0000001bdb800000,0x0000001bdb900000) (1024K)]
  0x000002176f736890 JavaThread "Common-Cleaner"             daemon [_thread_blocked, id=14852, stack(0x0000001bdc000000,0x0000001bdc100000) (1024K)]
  0x000002176f740bf0 JavaThread "Reference Handler"          daemon [_thread_blocked, id=8012, stack(0x0000001bdc100000,0x0000001bdc200000) (1024K)]
  0x000002176f870080 JavaThread "Finalizer"                  daemon [_thread_blocked, id=16540, stack(0x0000001bdc200000,0x0000001bdc300000) (1024K)]
  0x000002176f87a700 JavaThread "Signal Dispatcher"          daemon [_thread_blocked, id=17352, stack(0x0000001bdc300000,0x0000001bdc400000) (1024K)]
  0x000002176f87b970 JavaThread "Attach Listener"            daemon [_thread_blocked, id=15344, stack(0x0000001bdc400000,0x0000001bdc500000) (1024K)]
  0x000002176f87c3d0 JavaThread "Service Thread"             daemon [_thread_blocked, id=16136, stack(0x0000001bdc500000,0x0000001bdc600000) (1024K)]
  0x000002176f87ce30 JavaThread "Monitor Deflation Thread"   daemon [_thread_blocked, id=12444, stack(0x0000001bdc600000,0x0000001bdc700000) (1024K)]
=>0x000002176f87fbd0 JavaThread "C2 CompilerThread0"         daemon [_thread_in_native, id=11784, stack(0x0000001bdc700000,0x0000001bdc800000) (1024K)]
  0x000002176f884290 JavaThread "C1 CompilerThread0"         daemon [_thread_blocked, id=13816, stack(0x0000001bdc800000,0x0000001bdc900000) (1024K)]
  0x000002176f9b0c50 JavaThread "Notification Thread"        daemon [_thread_blocked, id=16252, stack(0x0000001bdc900000,0x0000001bdca00000) (1024K)]
Total: 11

Other Threads:
  0x000002176f6b6640 VMThread "VM Thread"                           [id=16724, stack(0x0000001bdbf00000,0x0000001bdc000000) (1024K)]
  0x0000021759dc8310 WatcherThread "VM Periodic Task Thread"        [id=12492, stack(0x0000001bdbe00000,0x0000001bdbf00000) (1024K)]
  0x0000021759d54d10 WorkerThread "GC Thread#0"                     [id=5076, stack(0x0000001bdb900000,0x0000001bdba00000) (1024K)]
  0x00000217742d8450 WorkerThread "GC Thread#1"                     [id=7848, stack(0x0000001bdca00000,0x0000001bdcb00000) (1024K)]
  0x00000217742ecab0 WorkerThread "GC Thread#2"                     [id=15464, stack(0x0000001bdcb00000,0x0000001bdcc00000) (1024K)]
  0x0000021774324f90 WorkerThread "GC Thread#3"                     [id=13960, stack(0x0000001bdcc00000,0x0000001bdcd00000) (1024K)]
  0x0000021759d5da70 ConcurrentGCThread "G1 Main Marker"            [id=7020, stack(0x0000001bdba00000,0x0000001bdbb00000) (1024K)]
  0x0000021759d5f580 WorkerThread "G1 Conc#0"                       [id=5468, stack(0x0000001bdbb00000,0x0000001bdbc00000) (1024K)]
  0x0000021759db8660 ConcurrentGCThread "G1 Refine#0"               [id=15972, stack(0x0000001bdbc00000,0x0000001bdbd00000) (1024K)]
  0x0000021759db91d0 ConcurrentGCThread "G1 Service"                [id=17384, stack(0x0000001bdbd00000,0x0000001bdbe00000) (1024K)]
Total: 10

Threads with active compile tasks:
C2 CompilerThread0  5467 1655   !   4       jdk.internal.loader.BuiltinClassLoader::loadClassOrNull (143 bytes)
Total: 1

VM state: not at safepoint (normal execution)

VM Mutex/Monitor currently owned by a thread: None

Heap address: 0x00000000c1400000, size: 1004 MB, Compressed Oops mode: 32-bit

CDS archive(s) not mapped
Compressed class space mapped at: 0x0000000100000000-0x0000000140000000, reserved size: 1073741824
Narrow klass base: 0x0000000000000000, Narrow klass shift: 3, Narrow klass range: 0x140000000

GC Precious Log:
 CardTable entry size: 512
 Card Set container configuration: InlinePtr #cards 5 size 8 Array Of Cards #cards 12 size 40 Howl #buckets 4 coarsen threshold 1843 Howl Bitmap #cards 512 size 80 coarsen threshold 460 Card regions per heap region 1 cards per card region 2048
 CPUs: 4 total, 4 available
 Memory: 4008M
 Large Page Support: Disabled
 NUMA Support: Disabled
 Compressed Oops: Enabled (32-bit)
 Heap Region Size: 1M
 Heap Min Capacity: 8M
 Heap Initial Capacity: 64M
 Heap Max Capacity: 1004M
 Pre-touch: Disabled
 Parallel Workers: 4
 Concurrent Workers: 1
 Concurrent Refinement Workers: 4
 Periodic GC: Disabled

Heap:
 garbage-first heap   total 38912K, used 26761K [0x00000000c1400000, 0x0000000100000000)
  region size 1024K, 14 young (14336K), 2 survivors (2048K)
 Metaspace       used 32624K, committed 32832K, reserved 1114112K
  class space    used 4056K, committed 4160K, reserved 1048576K

Heap Regions: E=young(eden), S=young(survivor), O=old, HS=humongous(starts), HC=humongous(continues), CS=collection set, F=free, TAMS=top-at-mark-start, PB=parsable bottom
|   0|0x00000000c1400000, 0x00000000c1500000, 0x00000000c1500000|100%|HS|  |TAMS 0x00000000c1400000| PB 0x00000000c1400000| Complete 
|   1|0x00000000c1500000, 0x00000000c1600000, 0x00000000c1600000|100%|HC|  |TAMS 0x00000000c1500000| PB 0x00000000c1500000| Complete 
|   2|0x00000000c1600000, 0x00000000c1700000, 0x00000000c1700000|100%|HC|  |TAMS 0x00000000c1600000| PB 0x00000000c1600000| Complete 
|   3|0x00000000c1700000, 0x00000000c1800000, 0x00000000c1800000|100%|HC|  |TAMS 0x00000000c1700000| PB 0x00000000c1700000| Complete 
|   4|0x00000000c1800000, 0x00000000c1900000, 0x00000000c1900000|100%| O|  |TAMS 0x00000000c1800000| PB 0x00000000c1800000| Untracked 
|   5|0x00000000c1900000, 0x00000000c1a00000, 0x00000000c1a00000|100%| O|  |TAMS 0x00000000c1900000| PB 0x00000000c1900000| Untracked 
|   6|0x00000000c1a00000, 0x00000000c1a00000, 0x00000000c1b00000|  0%| F|  |TAMS 0x00000000c1a00000| PB 0x00000000c1a00000| Untracked 
|   7|0x00000000c1b00000, 0x00000000c1c00000, 0x00000000c1c00000|100%| O|  |TAMS 0x00000000c1b00000| PB 0x00000000c1b00000| Untracked 
|   8|0x00000000c1c00000, 0x00000000c1d00000, 0x00000000c1d00000|100%| O|  |TAMS 0x00000000c1c00000| PB 0x00000000c1c00000| Untracked 
|   9|0x00000000c1d00000, 0x00000000c1e00000, 0x00000000c1e00000|100%| O|  |TAMS 0x00000000c1d00000| PB 0x00000000c1d00000| Untracked 
|  10|0x00000000c1e00000, 0x00000000c1f00000, 0x00000000c1f00000|100%| O|  |TAMS 0x00000000c1e00000| PB 0x00000000c1e00000| Untracked 
|  11|0x00000000c1f00000, 0x00000000c1fb7740, 0x00000000c2000000| 71%| O|  |TAMS 0x00000000c1f00000| PB 0x00000000c1f00000| Untracked 
|  12|0x00000000c2000000, 0x00000000c2000000, 0x00000000c2100000|  0%| F|  |TAMS 0x00000000c2000000| PB 0x00000000c2000000| Untracked 
|  13|0x00000000c2100000, 0x00000000c2100000, 0x00000000c2200000|  0%| F|  |TAMS 0x00000000c2100000| PB 0x00000000c2100000| Untracked 
|  14|0x00000000c2200000, 0x00000000c226afa0, 0x00000000c2300000| 41%| S|CS|TAMS 0x00000000c2200000| PB 0x00000000c2200000| Complete 
|  15|0x00000000c2300000, 0x00000000c2400000, 0x00000000c2400000|100%| S|CS|TAMS 0x00000000c2300000| PB 0x00000000c2300000| Complete 
|  16|0x00000000c2400000, 0x00000000c2400000, 0x00000000c2500000|  0%| F|  |TAMS 0x00000000c2400000| PB 0x00000000c2400000| Untracked 
|  17|0x00000000c2500000, 0x00000000c2500000, 0x00000000c2600000|  0%| F|  |TAMS 0x00000000c2500000| PB 0x00000000c2500000| Untracked 
|  18|0x00000000c2600000, 0x00000000c2600000, 0x00000000c2700000|  0%| F|  |TAMS 0x00000000c2600000| PB 0x00000000c2600000| Untracked 
|  19|0x00000000c2700000, 0x00000000c2700000, 0x00000000c2800000|  0%| F|  |TAMS 0x00000000c2700000| PB 0x00000000c2700000| Untracked 
|  20|0x00000000c2800000, 0x00000000c2800000, 0x00000000c2900000|  0%| F|  |TAMS 0x00000000c2800000| PB 0x00000000c2800000| Untracked 
|  21|0x00000000c2900000, 0x00000000c2900000, 0x00000000c2a00000|  0%| F|  |TAMS 0x00000000c2900000| PB 0x00000000c2900000| Untracked 
|  22|0x00000000c2a00000, 0x00000000c2a00000, 0x00000000c2b00000|  0%| F|  |TAMS 0x00000000c2a00000| PB 0x00000000c2a00000| Untracked 
|  23|0x00000000c2b00000, 0x00000000c2be29e0, 0x00000000c2c00000| 88%| E|  |TAMS 0x00000000c2b00000| PB 0x00000000c2b00000| Complete 
|  24|0x00000000c2c00000, 0x00000000c2d00000, 0x00000000c2d00000|100%| E|CS|TAMS 0x00000000c2c00000| PB 0x00000000c2c00000| Complete 
|  25|0x00000000c2d00000, 0x00000000c2e00000, 0x00000000c2e00000|100%| E|CS|TAMS 0x00000000c2d00000| PB 0x00000000c2d00000| Complete 
|  26|0x00000000c2e00000, 0x00000000c2f00000, 0x00000000c2f00000|100%| E|CS|TAMS 0x00000000c2e00000| PB 0x00000000c2e00000| Complete 
|  27|0x00000000c2f00000, 0x00000000c3000000, 0x00000000c3000000|100%| E|CS|TAMS 0x00000000c2f00000| PB 0x00000000c2f00000| Complete 
|  28|0x00000000c3000000, 0x00000000c3100000, 0x00000000c3100000|100%| E|CS|TAMS 0x00000000c3000000| PB 0x00000000c3000000| Complete 
|  29|0x00000000c3100000, 0x00000000c3200000, 0x00000000c3200000|100%| E|CS|TAMS 0x00000000c3100000| PB 0x00000000c3100000| Complete 
|  30|0x00000000c3200000, 0x00000000c3300000, 0x00000000c3300000|100%| E|CS|TAMS 0x00000000c3200000| PB 0x00000000c3200000| Complete 
|  31|0x00000000c3300000, 0x00000000c3400000, 0x00000000c3400000|100%| E|CS|TAMS 0x00000000c3300000| PB 0x00000000c3300000| Complete 
|  50|0x00000000c4600000, 0x00000000c4700000, 0x00000000c4700000|100%| E|CS|TAMS 0x00000000c4600000| PB 0x00000000c4600000| Complete 
|  51|0x00000000c4700000, 0x00000000c4800000, 0x00000000c4800000|100%| E|CS|TAMS 0x00000000c4700000| PB 0x00000000c4700000| Complete 
|  63|0x00000000c5300000, 0x00000000c5400000, 0x00000000c5400000|100%| E|CS|TAMS 0x00000000c5300000| PB 0x00000000c5300000| Complete 
|1001|0x00000000ffd00000, 0x00000000ffe00000, 0x00000000ffe00000|100%| O|  |TAMS 0x00000000ffd00000| PB 0x00000000ffd00000| Untracked 
|1002|0x00000000ffe00000, 0x00000000fff00000, 0x00000000fff00000|100%| O|  |TAMS 0x00000000ffe00000| PB 0x00000000ffe00000| Untracked 
|1003|0x00000000fff00000, 0x0000000100000000, 0x0000000100000000|100%| O|  |TAMS 0x00000000fff00000| PB 0x00000000fff00000| Untracked 

Card table byte_map: [0x000002176c070000,0x000002176c270000] _byte_map_base: 0x000002176ba66000

Marking Bits: (CMBitMap*) 0x0000021759d55410
 Bits: [0x000002176c270000, 0x000002176d220000)

Polling page: 0x00000217594e0000

Metaspace:

Usage:
  Non-class:     27.90 MB used.
      Class:      3.96 MB used.
       Both:     31.86 MB used.

Virtual space:
  Non-class space:       64.00 MB reserved,      28.00 MB ( 44%) committed,  1 nodes.
      Class space:        1.00 GB reserved,       4.06 MB ( <1%) committed,  1 nodes.
             Both:        1.06 GB reserved,      32.06 MB (  3%) committed. 

Chunk freelists:
   Non-Class:  3.12 MB
       Class:  11.88 MB
        Both:  15.00 MB

MaxMetaspaceSize: unlimited
CompressedClassSpaceSize: 1.00 GB
Initial GC threshold: 21.00 MB
Current GC threshold: 35.12 MB
CDS: off
 - commit_granule_bytes: 65536.
 - commit_granule_words: 8192.
 - virtual_space_node_default_size: 8388608.
 - enlarge_chunks_in_place: 1.
 - use_allocation_guard: 0.


Internal statistics:

num_allocs_failed_limit: 3.
num_arena_births: 176.
num_arena_deaths: 0.
num_vsnodes_births: 2.
num_vsnodes_deaths: 0.
num_space_committed: 513.
num_space_uncommitted: 0.
num_chunks_returned_to_freelist: 3.
num_chunks_taken_from_freelist: 1005.
num_chunk_merges: 3.
num_chunk_splits: 832.
num_chunks_enlarged: 758.
num_inconsistent_stats: 0.

CodeHeap 'non-profiled nmethods': size=120000Kb used=700Kb max_used=700Kb free=119299Kb
 bounds [0x0000021764940000, 0x0000021764bb0000, 0x000002176be70000]
CodeHeap 'profiled nmethods': size=120000Kb used=2849Kb max_used=2849Kb free=117150Kb
 bounds [0x000002175ce70000, 0x000002175d140000, 0x00000217643a0000]
CodeHeap 'non-nmethods': size=5760Kb used=1427Kb max_used=1447Kb free=4332Kb
 bounds [0x00000217643a0000, 0x0000021764610000, 0x0000021764940000]
CodeCache: size=245760Kb, used=4976Kb, max_used=4996Kb, free=240781Kb
 total_blobs=2189, nmethods=1656, adapters=438, full_count=0
Compilation: enabled, stopped_count=0, restarted_count=0

Compilation events (20 events):
Event: 5.369 Thread 0x000002176f884290 1650       3       java.util.LinkedHashMap::valuesToArray (80 bytes)
Event: 5.369 Thread 0x000002176f884290 nmethod 1650 0x000002175d133b10 code [0x000002175d133d00, 0x000002175d1342d8]
Event: 5.369 Thread 0x000002176f884290 1648       3       java.lang.Class::getGenericSuperclass (28 bytes)
Event: 5.369 Thread 0x000002176f884290 nmethod 1648 0x000002175d134510 code [0x000002175d134760, 0x000002175d135118]
Event: 5.369 Thread 0x000002176f884290 1654       1       kotlin.collections.EmptyIterator::hasNext (2 bytes)
Event: 5.370 Thread 0x000002176f884290 nmethod 1654 0x00000217649ec790 code [0x00000217649ec920, 0x00000217649ec9e8]
Event: 5.370 Thread 0x000002176f884290 1649       3       java.util.HashMap::prepareArray (38 bytes)
Event: 5.370 Thread 0x000002176f884290 nmethod 1649 0x000002175d135490 code [0x000002175d135680, 0x000002175d135c38]
Event: 5.370 Thread 0x000002176f884290 1651       3       java.util.LinkedHashMap$LinkedValues::toArray (20 bytes)
Event: 5.370 Thread 0x000002176f884290 nmethod 1651 0x000002175d135e10 code [0x000002175d135fc0, 0x000002175d136160]
Event: 5.370 Thread 0x000002176f884290 1652       3       kotlin.jvm.JvmClassMappingKt::getAnnotationClass (28 bytes)
Event: 5.371 Thread 0x000002176f884290 nmethod 1652 0x000002175d136290 code [0x000002175d1365e0, 0x000002175d1375f8]
Event: 5.371 Thread 0x000002176f884290 1653       1       java.lang.reflect.Method::getAnnotationBytes (5 bytes)
Event: 5.371 Thread 0x000002176f884290 nmethod 1653 0x00000217649eca90 code [0x00000217649ecc20, 0x00000217649ecce8]
Event: 5.384 Thread 0x000002176f884290 1656       3       jdk.internal.misc.Unsafe::getAndAddInt (27 bytes)
Event: 5.385 Thread 0x000002176f884290 nmethod 1656 0x000002175d137c10 code [0x000002175d137dc0, 0x000002175d137ff0]
Event: 5.389 Thread 0x000002176f87fbd0 nmethod 1640% 0x00000217649ecd90 code [0x00000217649ecfa0, 0x00000217649ee548]
Event: 5.389 Thread 0x000002176f87fbd0 1643       4       java.lang.ThreadLocal::get (8 bytes)
Event: 5.391 Thread 0x000002176f87fbd0 nmethod 1643 0x00000217649eed90 code [0x00000217649eef40, 0x00000217649ef0e0]
Event: 5.391 Thread 0x000002176f87fbd0 1655   !   4       jdk.internal.loader.BuiltinClassLoader::loadClassOrNull (143 bytes)

GC Heap History (10 events):
Event: 2.063 GC heap before
{Heap before GC invocations=0 (full 0):
 garbage-first heap   total 65536K, used 17408K [0x00000000c1400000, 0x0000000100000000)
  region size 1024K, 13 young (13312K), 0 survivors (0K)
 Metaspace       used 11311K, committed 11520K, reserved 1114112K
  class space    used 969K, committed 1088K, reserved 1048576K
}
Event: 2.087 GC heap after
{Heap after GC invocations=1 (full 0):
 garbage-first heap   total 65536K, used 6340K [0x00000000c1400000, 0x0000000100000000)
  region size 1024K, 2 young (2048K), 2 survivors (2048K)
 Metaspace       used 11311K, committed 11520K, reserved 1114112K
  class space    used 969K, committed 1088K, reserved 1048576K
}
Event: 2.887 GC heap before
{Heap before GC invocations=1 (full 0):
 garbage-first heap   total 65536K, used 26820K [0x00000000c1400000, 0x0000000100000000)
  region size 1024K, 22 young (22528K), 2 survivors (2048K)
 Metaspace       used 17084K, committed 17216K, reserved 1114112K
  class space    used 1718K, committed 1792K, reserved 1048576K
}
Event: 2.892 GC heap after
{Heap after GC invocations=2 (full 0):
 garbage-first heap   total 65536K, used 8034K [0x00000000c1400000, 0x0000000100000000)
  region size 1024K, 2 young (2048K), 2 survivors (2048K)
 Metaspace       used 17084K, committed 17216K, reserved 1114112K
  class space    used 1718K, committed 1792K, reserved 1048576K
}
Event: 3.272 GC heap before
{Heap before GC invocations=2 (full 0):
 garbage-first heap   total 65536K, used 19298K [0x00000000c1400000, 0x0000000100000000)
  region size 1024K, 14 young (14336K), 2 survivors (2048K)
 Metaspace       used 21376K, committed 21504K, reserved 1114112K
  class space    used 2245K, committed 2304K, reserved 1048576K
}
Event: 3.276 GC heap after
{Heap after GC invocations=3 (full 0):
 garbage-first heap   total 65536K, used 8430K [0x00000000c1400000, 0x0000000100000000)
  region size 1024K, 2 young (2048K), 2 survivors (2048K)
 Metaspace       used 21376K, committed 21504K, reserved 1114112K
  class space    used 2245K, committed 2304K, reserved 1048576K
}
Event: 3.946 GC heap before
{Heap before GC invocations=4 (full 0):
 garbage-first heap   total 30720K, used 29934K [0x00000000c1400000, 0x0000000100000000)
  region size 1024K, 23 young (23552K), 2 survivors (2048K)
 Metaspace       used 24696K, committed 24896K, reserved 1114112K
  class space    used 2674K, committed 2752K, reserved 1048576K
}
Event: 3.959 GC heap after
{Heap after GC invocations=5 (full 0):
 garbage-first heap   total 38912K, used 14034K [0x00000000c1400000, 0x0000000100000000)
  region size 1024K, 5 young (5120K), 5 survivors (5120K)
 Metaspace       used 24696K, committed 24896K, reserved 1114112K
  class space    used 2674K, committed 2752K, reserved 1048576K
}
Event: 4.573 GC heap before
{Heap before GC invocations=5 (full 0):
 garbage-first heap   total 38912K, used 28370K [0x00000000c1400000, 0x0000000100000000)
  region size 1024K, 19 young (19456K), 5 survivors (5120K)
 Metaspace       used 28546K, committed 28736K, reserved 1114112K
  class space    used 3103K, committed 3200K, reserved 1048576K
}
Event: 4.584 GC heap after
{Heap after GC invocations=6 (full 0):
 garbage-first heap   total 38912K, used 15497K [0x00000000c1400000, 0x0000000100000000)
  region size 1024K, 2 young (2048K), 2 survivors (2048K)
 Metaspace       used 28546K, committed 28736K, reserved 1114112K
  class space    used 3103K, committed 3200K, reserved 1048576K
}

Dll operation events (3 events):
Event: 0.033 Loaded shared library C:\Program Files\Android\Android Studio\jbr\bin\java.dll
Event: 0.114 Loaded shared library C:\Program Files\Android\Android Studio\jbr\bin\zip.dll
Event: 4.031 Loaded shared library C:\Program Files\Android\Android Studio\jbr\bin\verify.dll

Deoptimization events (20 events):
Event: 5.169 Thread 0x0000021757ab3440 Uncommon trap: trap_request=0xffffffde fr.pc=0x00000217649d9174 relative=0x0000000000000834
Event: 5.169 Thread 0x0000021757ab3440 Uncommon trap: reason=class_check action=maybe_recompile pc=0x00000217649d9174 method=java.util.HashMap.putVal(ILjava/lang/Object;Ljava/lang/Object;ZZ)Ljava/lang/Object; @ 91 c2
Event: 5.169 Thread 0x0000021757ab3440 DEOPT PACKING pc=0x00000217649d9174 sp=0x0000001bdb8fabd0
Event: 5.169 Thread 0x0000021757ab3440 DEOPT UNPACKING pc=0x00000217643f46a2 sp=0x0000001bdb8faae0 mode 2
Event: 5.169 Thread 0x0000021757ab3440 Uncommon trap: trap_request=0xffffffde fr.pc=0x00000217649d9174 relative=0x0000000000000834
Event: 5.169 Thread 0x0000021757ab3440 Uncommon trap: reason=class_check action=maybe_recompile pc=0x00000217649d9174 method=java.util.HashMap.putVal(ILjava/lang/Object;Ljava/lang/Object;ZZ)Ljava/lang/Object; @ 91 c2
Event: 5.169 Thread 0x0000021757ab3440 DEOPT PACKING pc=0x00000217649d9174 sp=0x0000001bdb8fabd0
Event: 5.169 Thread 0x0000021757ab3440 DEOPT UNPACKING pc=0x00000217643f46a2 sp=0x0000001bdb8faae0 mode 2
Event: 5.169 Thread 0x0000021757ab3440 Uncommon trap: trap_request=0xffffffde fr.pc=0x00000217649d9174 relative=0x0000000000000834
Event: 5.169 Thread 0x0000021757ab3440 Uncommon trap: reason=class_check action=maybe_recompile pc=0x00000217649d9174 method=java.util.HashMap.putVal(ILjava/lang/Object;Ljava/lang/Object;ZZ)Ljava/lang/Object; @ 91 c2
Event: 5.169 Thread 0x0000021757ab3440 DEOPT PACKING pc=0x00000217649d9174 sp=0x0000001bdb8fabd0
Event: 5.169 Thread 0x0000021757ab3440 DEOPT UNPACKING pc=0x00000217643f46a2 sp=0x0000001bdb8faae0 mode 2
Event: 5.169 Thread 0x0000021757ab3440 Uncommon trap: trap_request=0xffffffde fr.pc=0x00000217649d9174 relative=0x0000000000000834
Event: 5.169 Thread 0x0000021757ab3440 Uncommon trap: reason=class_check action=maybe_recompile pc=0x00000217649d9174 method=java.util.HashMap.putVal(ILjava/lang/Object;Ljava/lang/Object;ZZ)Ljava/lang/Object; @ 91 c2
Event: 5.169 Thread 0x0000021757ab3440 DEOPT PACKING pc=0x00000217649d9174 sp=0x0000001bdb8fabd0
Event: 5.169 Thread 0x0000021757ab3440 DEOPT UNPACKING pc=0x00000217643f46a2 sp=0x0000001bdb8faae0 mode 2
Event: 5.262 Thread 0x0000021757ab3440 Uncommon trap: trap_request=0xffffff45 fr.pc=0x000002176497a128 relative=0x0000000000000268
Event: 5.262 Thread 0x0000021757ab3440 Uncommon trap: reason=unstable_if action=reinterpret pc=0x000002176497a128 method=java.util.concurrent.ConcurrentHashMap.get(Ljava/lang/Object;)Ljava/lang/Object; @ 76 c2
Event: 5.262 Thread 0x0000021757ab3440 DEOPT PACKING pc=0x000002176497a128 sp=0x0000001bdb8fb510
Event: 5.262 Thread 0x0000021757ab3440 DEOPT UNPACKING pc=0x00000217643f46a2 sp=0x0000001bdb8fb488 mode 2

Classes loaded (20 events):
Event: 4.197 Loading class java/lang/invoke/VarHandleByteArrayAsInts$ByteArrayViewVarHandle done
Event: 4.197 Loading class java/lang/invoke/VarHandleByteArrayAsInts$ArrayHandle done
Event: 4.197 Loading class java/lang/invoke/VarHandleByteArrayAsFloats$ArrayHandle
Event: 4.197 Loading class java/lang/invoke/VarHandleByteArrayAsFloats$ByteArrayViewVarHandle
Event: 4.197 Loading class java/lang/invoke/VarHandleByteArrayAsFloats$ByteArrayViewVarHandle done
Event: 4.197 Loading class java/lang/invoke/VarHandleByteArrayAsFloats$ArrayHandle done
Event: 4.197 Loading class java/lang/invoke/VarHandleByteArrayAsLongs$ArrayHandle
Event: 4.197 Loading class java/lang/invoke/VarHandleByteArrayAsLongs$ByteArrayViewVarHandle
Event: 4.197 Loading class java/lang/invoke/VarHandleByteArrayAsLongs$ByteArrayViewVarHandle done
Event: 4.197 Loading class java/lang/invoke/VarHandleByteArrayAsLongs$ArrayHandle done
Event: 4.198 Loading class java/lang/invoke/VarHandleByteArrayAsDoubles$ArrayHandle
Event: 4.198 Loading class java/lang/invoke/VarHandleByteArrayAsDoubles$ByteArrayViewVarHandle
Event: 4.198 Loading class java/lang/invoke/VarHandleByteArrayAsDoubles$ByteArrayViewVarHandle done
Event: 4.198 Loading class java/lang/invoke/VarHandleByteArrayAsDoubles$ArrayHandle done
Event: 4.422 Loading class java/util/Collections$SingletonMap
Event: 4.423 Loading class java/util/Collections$SingletonMap done
Event: 5.255 Loading class jdk/internal/vm/annotation/IntrinsicCandidate
Event: 5.256 Loading class jdk/internal/vm/annotation/IntrinsicCandidate done
Event: 5.364 Loading class java/lang/annotation/Documented
Event: 5.364 Loading class java/lang/annotation/Documented done

Classes unloaded (0 events):
No events

Classes redefined (0 events):
No events

Internal exceptions (20 events):
Event: 3.020 Thread 0x0000021757ab3440 Exception <a 'java/lang/NoSuchMethodError'{0x00000000c50e73d8}: 'java.lang.Object java.lang.invoke.DirectMethodHandle$Holder.invokeSpecial(java.lang.Object, java.lang.Object, java.lang.Object, java.lang.Object, long)'> (0x00000000c50e73d8) 
thrown [s\src\hotspot\share\interpreter\linkResolver.cpp, line 784]
Event: 3.021 Thread 0x0000021757ab3440 Exception <a 'java/lang/NoSuchMethodError'{0x00000000c50f6070}: 'int java.lang.invoke.DelegatingMethodHandle$Holder.reinvoke_L(java.lang.Object, java.lang.Object, java.lang.Object, long, java.lang.Object, java.lang.Object)'> (0x00000000c50f6070) 
thrown [s\src\hotspot\share\interpreter\linkResolver.cpp, line 784]
Event: 3.023 Thread 0x0000021757ab3440 Exception <a 'java/lang/NoSuchMethodError'{0x00000000c4f046f8}: 'int java.lang.invoke.DelegatingMethodHandle$Holder.reinvoke_L(java.lang.Object, java.lang.Object, java.lang.Object, long, int, int)'> (0x00000000c4f046f8) 
thrown [s\src\hotspot\share\interpreter\linkResolver.cpp, line 784]
Event: 3.024 Thread 0x0000021757ab3440 Exception <a 'java/lang/NoSuchMethodError'{0x00000000c4f12a10}: 'int java.lang.invoke.DelegatingMethodHandle$Holder.reinvoke_L(java.lang.Object, java.lang.Object, java.lang.Object, long, long, long)'> (0x00000000c4f12a10) 
thrown [s\src\hotspot\share\interpreter\linkResolver.cpp, line 784]
Event: 3.025 Thread 0x0000021757ab3440 Exception <a 'java/lang/NoSuchMethodError'{0x00000000c4f20868}: 'int java.lang.invoke.DelegatingMethodHandle$Holder.reinvoke_L(java.lang.Object, java.lang.Object, java.lang.Object, long, int)'> (0x00000000c4f20868) 
thrown [s\src\hotspot\share\interpreter\linkResolver.cpp, line 784]
Event: 3.026 Thread 0x0000021757ab3440 Exception <a 'java/lang/NoSuchMethodError'{0x00000000c4f2bd68}: 'int java.lang.invoke.DirectMethodHandle$Holder.invokeSpecial(java.lang.Object, java.lang.Object, java.lang.Object, java.lang.Object)'> (0x00000000c4f2bd68) 
thrown [s\src\hotspot\share\interpreter\linkResolver.cpp, line 784]
Event: 3.027 Thread 0x0000021757ab3440 Exception <a 'java/lang/NoSuchMethodError'{0x00000000c4f3a928}: 'void java.lang.invoke.DelegatingMethodHandle$Holder.reinvoke_L(java.lang.Object, java.lang.Object, java.lang.Object, long, java.lang.Object, long, long)'> (0x00000000c4f3a928) 
thrown [s\src\hotspot\share\interpreter\linkResolver.cpp, line 784]
Event: 3.028 Thread 0x0000021757ab3440 Exception <a 'java/lang/NoSuchMethodError'{0x00000000c4f41728}: 'long java.lang.invoke.Invokers$Holder.invokeExact_MT(java.lang.Object, java.lang.Object, java.lang.Object)'> (0x00000000c4f41728) 
thrown [s\src\hotspot\share\interpreter\linkResolver.cpp, line 784]
Event: 3.028 Thread 0x0000021757ab3440 Exception <a 'java/lang/NoSuchMethodError'{0x00000000c4f45660}: 'int java.lang.invoke.Invokers$Holder.invokeExact_MT(java.lang.Object, java.lang.Object, java.lang.Object)'> (0x00000000c4f45660) 
thrown [s\src\hotspot\share\interpreter\linkResolver.cpp, line 784]
Event: 3.077 Thread 0x0000021757ab3440 Exception <a 'java/lang/NoSuchMethodError'{0x00000000c4d0b2e0}: 'int java.lang.invoke.DirectMethodHandle$Holder.invokeStatic(java.lang.Object)'> (0x00000000c4d0b2e0) 
thrown [s\src\hotspot\share\interpreter\linkResolver.cpp, line 784]
Event: 3.078 Thread 0x0000021757ab3440 Exception <a 'java/lang/NoSuchMethodError'{0x00000000c4d0e728}: 'int java.lang.invoke.DirectMethodHandle$Holder.invokeStaticInit(java.lang.Object)'> (0x00000000c4d0e728) 
thrown [s\src\hotspot\share\interpreter\linkResolver.cpp, line 784]
Event: 3.083 Thread 0x0000021757ab3440 Exception <a 'java/lang/NoSuchMethodError'{0x00000000c4d3c408}: 'java.lang.Object java.lang.invoke.DirectMethodHandle$Holder.newInvokeSpecial(java.lang.Object, java.lang.Object, int)'> (0x00000000c4d3c408) 
thrown [s\src\hotspot\share\interpreter\linkResolver.cpp, line 784]
Event: 3.248 Thread 0x0000021757ab3440 Exception <a 'java/lang/NoSuchMethodError'{0x00000000c484e508}: 'void java.lang.invoke.DirectMethodHandle$Holder.invokeStatic(java.lang.Object, java.lang.Object, java.lang.Object, java.lang.Object)'> (0x00000000c484e508) 
thrown [s\src\hotspot\share\interpreter\linkResolver.cpp, line 784]
Event: 3.574 Thread 0x0000021757ab3440 Exception <a 'java/lang/NoSuchMethodError'{0x00000000c2895540}: 'void java.lang.invoke.Invokers$Holder.invokeExact_MT(java.lang.Object, int, java.lang.Object)'> (0x00000000c2895540) 
thrown [s\src\hotspot\share\interpreter\linkResolver.cpp, line 784]
Event: 3.657 Thread 0x0000021757ab3440 Exception <a 'java/lang/NoSuchMethodError'{0x00000000c265f2d8}: 'java.lang.Object java.lang.invoke.DirectMethodHandle$Holder.invokeStatic(java.lang.Object, java.lang.Object, long, long)'> (0x00000000c265f2d8) 
thrown [s\src\hotspot\share\interpreter\linkResolver.cpp, line 784]
Event: 3.672 Thread 0x0000021757ab3440 Exception <a 'java/lang/NoSuchMethodError'{0x00000000c26890b8}: 'long java.lang.invoke.DirectMethodHandle$Holder.invokeStatic(java.lang.Object, java.lang.Object, int)'> (0x00000000c26890b8) 
thrown [s\src\hotspot\share\interpreter\linkResolver.cpp, line 784]
Event: 3.673 Thread 0x0000021757ab3440 Exception <a 'java/lang/NoSuchMethodError'{0x00000000c26940a0}: 'java.lang.Object java.lang.invoke.DelegatingMethodHandle$Holder.reinvoke_L(java.lang.Object, int, long, java.lang.Object, java.lang.Object, int, java.lang.Object)'> (0x00000000c26940a0) 
thrown [s\src\hotspot\share\interpreter\linkResolver.cpp, line 784]
Event: 3.694 Thread 0x0000021757ab3440 Exception <a 'java/lang/NoSuchMethodError'{0x00000000c26d55d8}: 'java.lang.Object java.lang.invoke.DirectMethodHandle$Holder.newInvokeSpecial(java.lang.Object, java.lang.Object, java.lang.Object, long)'> (0x00000000c26d55d8) 
thrown [s\src\hotspot\share\interpreter\linkResolver.cpp, line 784]
Event: 3.694 Thread 0x0000021757ab3440 Exception <a 'java/lang/NoSuchMethodError'{0x00000000c26d9188}: 'java.lang.Object java.lang.invoke.Invokers$Holder.linkToTargetMethod(java.lang.Object, java.lang.Object, long, java.lang.Object)'> (0x00000000c26d9188) 
thrown [s\src\hotspot\share\interpreter\linkResolver.cpp, line 784]
Event: 4.400 Thread 0x0000021757ab3440 Exception <a 'java/lang/NoSuchMethodError'{0x00000000c28ea870}: 'java.lang.Object java.lang.invoke.DirectMethodHandle$Holder.newInvokeSpecial(java.lang.Object, java.lang.Object, java.lang.Object, java.lang.Object, java.lang.Object, java.lang.Object, java.lang.Object)'> (0x00000000c28ea870) 
thrown [s\src\hotspot\share\interpreter\linkResolver.cpp, line 784]

ZGC Phase Switch (0 events):
No events

VM Operations (20 events):
Event: 3.272 Executing VM operation: CollectForMetadataAllocation (Metadata GC Threshold)
Event: 3.276 Executing VM operation: CollectForMetadataAllocation (Metadata GC Threshold) done
Event: 3.281 Executing VM operation: G1PauseRemark
Event: 3.282 Executing VM operation: G1PauseRemark done
Event: 3.283 Executing VM operation: G1PauseCleanup
Event: 3.286 Executing VM operation: G1PauseCleanup done
Event: 3.690 Executing VM operation: HandshakeAllThreads (Deoptimize)
Event: 3.690 Executing VM operation: HandshakeAllThreads (Deoptimize) done
Event: 3.946 Executing VM operation: G1CollectForAllocation (G1 Evacuation Pause)
Event: 3.959 Executing VM operation: G1CollectForAllocation (G1 Evacuation Pause) done
Event: 3.969 Executing VM operation: HandshakeAllThreads (Deoptimize)
Event: 3.969 Executing VM operation: HandshakeAllThreads (Deoptimize) done
Event: 3.969 Executing VM operation: HandshakeAllThreads (Deoptimize)
Event: 3.969 Executing VM operation: HandshakeAllThreads (Deoptimize) done
Event: 4.169 Executing VM operation: HandshakeAllThreads (Deoptimize)
Event: 4.169 Executing VM operation: HandshakeAllThreads (Deoptimize) done
Event: 4.170 Executing VM operation: HandshakeAllThreads (Deoptimize)
Event: 4.170 Executing VM operation: HandshakeAllThreads (Deoptimize) done
Event: 4.573 Executing VM operation: G1CollectForAllocation (G1 Evacuation Pause)
Event: 4.584 Executing VM operation: G1CollectForAllocation (G1 Evacuation Pause) done

Memory protections (0 events):
No events

Nmethod flushes (0 events):
No events

Events (15 events):
Event: 0.070 Thread 0x0000021757ab3440 Thread added: 0x0000021757ab3440
Event: 0.250 Thread 0x0000021757ab3440 Thread added: 0x000002176f736890
Event: 0.273 Thread 0x0000021757ab3440 Thread added: 0x000002176f740bf0
Event: 0.273 Thread 0x0000021757ab3440 Thread added: 0x000002176f870080
Event: 0.274 Thread 0x0000021757ab3440 Thread added: 0x000002176f87a700
Event: 0.274 Thread 0x0000021757ab3440 Thread added: 0x000002176f87b970
Event: 0.274 Thread 0x0000021757ab3440 Thread added: 0x000002176f87c3d0
Event: 0.275 Thread 0x0000021757ab3440 Thread added: 0x000002176f87ce30
Event: 0.275 Thread 0x0000021757ab3440 Thread added: 0x000002176f87fbd0
Event: 0.302 Thread 0x0000021757ab3440 Thread added: 0x000002176f884290
Event: 0.424 Thread 0x0000021757ab3440 Thread added: 0x000002176f9b0c50
Event: 0.457 Loaded shared library C:\Program Files\Android\Android Studio\jbr\bin\net.dll
Event: 0.462 Loaded shared library C:\Program Files\Android\Android Studio\jbr\bin\nio.dll
Event: 0.542 Loaded shared library C:\Program Files\Android\Android Studio\jbr\bin\zip.dll
Event: 0.653 Loaded shared library C:\Program Files\Android\Android Studio\jbr\bin\jimage.dll


Dynamic libraries:
0x00007ff674050000 - 0x00007ff67405a000 	C:\Program Files\Android\Android Studio\jbr\bin\java.exe
0x00007ffe997f0000 - 0x00007ffe99a08000 	C:\Windows\SYSTEM32\ntdll.dll
0x00007ffe97ff0000 - 0x00007ffe980b4000 	C:\Windows\System32\KERNEL32.DLL
0x00007ffe969b0000 - 0x00007ffe96d83000 	C:\Windows\System32\KERNELBASE.dll
0x00007ffe97010000 - 0x00007ffe97121000 	C:\Windows\System32\ucrtbase.dll
0x00007ffe61d40000 - 0x00007ffe61d5b000 	C:\Program Files\Android\Android Studio\jbr\bin\VCRUNTIME140.dll
0x00007ffe6acb0000 - 0x00007ffe6acc8000 	C:\Program Files\Android\Android Studio\jbr\bin\jli.dll
0x00007ffe977e0000 - 0x00007ffe97992000 	C:\Windows\System32\USER32.dll
0x00007ffe96900000 - 0x00007ffe96926000 	C:\Windows\System32\win32u.dll
0x00007ffe98a10000 - 0x00007ffe98a39000 	C:\Windows\System32\GDI32.dll
0x00007ffe96e50000 - 0x00007ffe96f6b000 	C:\Windows\System32\gdi32full.dll
0x00007ffe96f70000 - 0x00007ffe9700a000 	C:\Windows\System32\msvcp_win.dll
0x00007ffe843b0000 - 0x00007ffe8464c000 	C:\Windows\WinSxS\amd64_microsoft.windows.common-controls_6595b64144ccf1df_6.0.22621.6060_none_2712eda17382d24b\COMCTL32.dll
0x00007ffe97730000 - 0x00007ffe977d7000 	C:\Windows\System32\msvcrt.dll
0x00007ffe975a0000 - 0x00007ffe975d1000 	C:\Windows\System32\IMM32.DLL
0x00007ffe81670000 - 0x00007ffe8167c000 	C:\Program Files\Android\Android Studio\jbr\bin\vcruntime140_1.dll
0x00007ffe560e0000 - 0x00007ffe5616d000 	C:\Program Files\Android\Android Studio\jbr\bin\msvcp140.dll
0x00007ffe44420000 - 0x00007ffe450b6000 	C:\Program Files\Android\Android Studio\jbr\bin\server\jvm.dll
0x00007ffe99650000 - 0x00007ffe99701000 	C:\Windows\System32\ADVAPI32.dll
0x00007ffe980c0000 - 0x00007ffe98168000 	C:\Windows\System32\sechost.dll
0x00007ffe973e0000 - 0x00007ffe97408000 	C:\Windows\System32\bcrypt.dll
0x00007ffe97b30000 - 0x00007ffe97c48000 	C:\Windows\System32\RPCRT4.dll
0x00007ffe98a70000 - 0x00007ffe98ae1000 	C:\Windows\System32\WS2_32.dll
0x00007ffe967d0000 - 0x00007ffe9681d000 	C:\Windows\SYSTEM32\POWRPROF.dll
0x00007ffe874f0000 - 0x00007ffe87524000 	C:\Windows\SYSTEM32\WINMM.dll
0x00007ffe8c8e0000 - 0x00007ffe8c8ea000 	C:\Windows\SYSTEM32\VERSION.dll
0x00007ffe967b0000 - 0x00007ffe967c3000 	C:\Windows\SYSTEM32\UMPDC.dll
0x00007ffe958e0000 - 0x00007ffe958f8000 	C:\Windows\SYSTEM32\kernel.appcore.dll
0x00007ffe7f2d0000 - 0x00007ffe7f2da000 	C:\Program Files\Android\Android Studio\jbr\bin\jimage.dll
0x00007ffe84c30000 - 0x00007ffe84e63000 	C:\Windows\SYSTEM32\DBGHELP.DLL
0x00007ffe97c50000 - 0x00007ffe97fe1000 	C:\Windows\System32\combase.dll
0x00007ffe97600000 - 0x00007ffe976d8000 	C:\Windows\System32\OLEAUT32.dll
0x00007ffe7ea10000 - 0x00007ffe7ea42000 	C:\Windows\SYSTEM32\dbgcore.DLL
0x00007ffe97410000 - 0x00007ffe9748b000 	C:\Windows\System32\bcryptPrimitives.dll
0x00007ffe5de10000 - 0x00007ffe5de30000 	C:\Program Files\Android\Android Studio\jbr\bin\java.dll
0x00007ffe5ddf0000 - 0x00007ffe5de08000 	C:\Program Files\Android\Android Studio\jbr\bin\zip.dll
0x00007ffe98170000 - 0x00007ffe98a0c000 	C:\Windows\System32\SHELL32.dll
0x00007ffe972a0000 - 0x00007ffe973df000 	C:\Windows\System32\wintypes.dll
0x00007ffe94800000 - 0x00007ffe9511a000 	C:\Windows\SYSTEM32\windows.storage.dll
0x00007ffe97490000 - 0x00007ffe97594000 	C:\Windows\System32\SHCORE.dll
0x00007ffe99220000 - 0x00007ffe99289000 	C:\Windows\System32\shlwapi.dll
0x00007ffe96830000 - 0x00007ffe96855000 	C:\Windows\SYSTEM32\profapi.dll
0x00007ffe7f170000 - 0x00007ffe7f180000 	C:\Program Files\Android\Android Studio\jbr\bin\net.dll
0x00007ffe92c20000 - 0x00007ffe92d4c000 	C:\Windows\SYSTEM32\WINHTTP.dll
0x00007ffe95dc0000 - 0x00007ffe95e29000 	C:\Windows\system32\mswsock.dll
0x00007ffe5b640000 - 0x00007ffe5b656000 	C:\Program Files\Android\Android Studio\jbr\bin\nio.dll
0x00007ffe7ecd0000 - 0x00007ffe7ece0000 	C:\Program Files\Android\Android Studio\jbr\bin\verify.dll

JVMTI agents: none

dbghelp: loaded successfully - version: 4.0.5 - missing functions: none
symbol engine: initialized successfully - sym options: 0x614 - pdb path: .;C:\Program Files\Android\Android Studio\jbr\bin;C:\Windows\SYSTEM32;C:\Windows\WinSxS\amd64_microsoft.windows.common-controls_6595b64144ccf1df_6.0.22621.6060_none_2712eda17382d24b;C:\Program Files\Android\Android Studio\jbr\bin\server

VM Arguments:
java_command: org.jetbrains.kotlin.cli.jvm.K2JVMCompiler @C:\xampp\htdocs\Final-Flutter-App\Ecommerce_UI\build\mobile_scanner\20251202_11976560531505902428.compiler.options
java_class_path (initial): C:\Users\Ahmed\.gradle\caches\modules-2\files-2.1\org.jetbrains.kotlin\kotlin-compiler-embeddable\2.1.0\988bf980588bbbcfa1ba19c1ffd7aa869b335a31\kotlin-compiler-embeddable-2.1.0.jar;C:\Users\Ahmed\.gradle\caches\modules-2\files-2.1\org.jetbrains.kotlin\kotlin-stdlib\2.1.0\85f8b81009cda5890e54ba67d64b5e599c645020\kotlin-stdlib-2.1.0.jar;C:\Users\Ahmed\.gradle\caches\modules-2\files-2.1\org.jetbrains.kotlin\kotlin-script-runtime\2.1.0\5909da8c57b75a117714ab0e348c86101b7a3284\kotlin-script-runtime-2.1.0.jar;C:\Users\Ahmed\.gradle\caches\modules-2\files-2.1\org.jetbrains.kotlin\kotlin-reflect\1.6.10\1cbe9c92c12a94eea200d23c2bbaedaf3daf5132\kotlin-reflect-1.6.10.jar;C:\Users\Ahmed\.gradle\caches\modules-2\files-2.1\org.jetbrains.kotlin\kotlin-daemon-embeddable\2.1.0\420bae1908e4a353f5b56c3c850d24d86367b25d\kotlin-daemon-embeddable-2.1.0.jar;C:\Users\Ahmed\.gradle\caches\modules-2\files-2.1\org.jetbrains.intellij.deps\trove4j\1.0.20200330\3afb14d5f9ceb459d724e907a21145e8ff394f02\trove4j-1.0.20200330.jar;C:\Users\Ahmed\.gradle\caches\modules-2\files-2.1\org.jetbrains.kotlinx\kotlinx-coroutines-core-jvm\1.6.4\2c997cd1c0ef33f3e751d3831929aeff1390cb30\kotlinx-coroutines-core-jvm-1.6.4.jar;C:\Users\Ahmed\.gradle\caches\modules-2\files-2.1\org.jetbrains\annotations\13.0\919f0dfe192fb4e063e7dacadee7f8bb9a2672a9\annotations-13.0.jar
Launcher Type: SUN_STANDARD

[Global flags]
     intx CICompilerCount                          = 3                                         {product} {ergonomic}
     uint ConcGCThreads                            = 1                                         {product} {ergonomic}
     uint G1ConcRefinementThreads                  = 4                                         {product} {ergonomic}
   size_t G1HeapRegionSize                         = 1048576                                   {product} {ergonomic}
    uintx GCDrainStackTargetSize                   = 64                                        {product} {ergonomic}
   size_t InitialHeapSize                          = 67108864                                  {product} {ergonomic}
   size_t MarkStackSize                            = 4194304                                   {product} {ergonomic}
   size_t MaxHeapSize                              = 1052770304                                {product} {ergonomic}
   size_t MaxNewSize                               = 631242752                                 {product} {ergonomic}
   size_t MinHeapDeltaBytes                        = 1048576                                   {product} {ergonomic}
   size_t MinHeapSize                              = 8388608                                   {product} {ergonomic}
    uintx NonNMethodCodeHeapSize                   = 5832780                                {pd product} {ergonomic}
    uintx NonProfiledCodeHeapSize                  = 122912730                              {pd product} {ergonomic}
    uintx ProfiledCodeHeapSize                     = 122912730                              {pd product} {ergonomic}
    uintx ReservedCodeCacheSize                    = 251658240                              {pd product} {ergonomic}
     bool SegmentedCodeCache                       = true                                      {product} {ergonomic}
   size_t SoftMaxHeapSize                          = 1052770304                             {manageable} {ergonomic}
     bool UseCompressedOops                        = true                           {product lp64_product} {ergonomic}
     bool UseG1GC                                  = true                                      {product} {ergonomic}
     bool UseLargePagesIndividualAllocation        = false                                  {pd product} {ergonomic}

Logging:
Log output configuration:
 #0: stdout all=warning uptime,level,tags foldmultilines=false
 #1: stderr all=off uptime,level,tags foldmultilines=false

Environment Variables:
JAVA_HOME=C:\Program Files\Android\Android Studio\jbr
CLASSPATH=C:\xampp\htdocs\Final-Flutter-App\Ecommerce_UI\android\\gradle\wrapper\gradle-wrapper.jar
PATH=C:\Program Files\Android\Android Studio\jbr\bin;C:\Program Files\Common Files\Oracle\Java\javapath;C:\Windows\system32;C:\Windows;C:\Windows\System32\Wbem;C:\Windows\System32\WindowsPowerShell\v1.0\;C:\Program Files\dotnet\;C:\Program Files\Git\cmd;C:\Program Files (x86)\Microsoft SQL Server\160\DTS\Binn\;C:\Program Files (x86)\Microsoft SQL Server\160\Tools\Binn\;C:\Program Files\Microsoft SQL Server\160\Tools\Binn\;C:\Program Files\Microsoft SQL Server\Client SDK\ODBC\170\Tools\Binn\;C:\Program Files\Microsoft SQL Server\160\DTS\Binn\;C:\Program Files\Microsoft SQL Server\150\Tools\Binn\;C:\Windows\System32\OpenSSH\;C:\Program Files\Docker\Docker\resources\bin;C:\Users\Ahmed\AppData\Local\Programs\Python\Python314\Scripts\;C:\Users\Ahmed\AppData\Local\Programs\Python\Python314\;C:\Users\Ahmed\AppData\Local\Microsoft\WindowsApps;C:\Users\Ahmed\.dotnet\tools;C:\Users\Ahmed\AppData\Local\Programs\Microsoft VS Code\bin;C:\flutter\bin;C:\Users\Ahmed\AppData\Local\Android\Sdk\platform-tools;C:\gradle-9.2.1\bin;;C:\flutter\bin\mingit\cmd;C:\flutter\bin\mingit\cmd
USERNAME=Ahmed
OS=Windows_NT
PROCESSOR_IDENTIFIER=Intel64 Family 6 Model 60 Stepping 3, GenuineIntel
TMP=C:\Users\Ahmed\AppData\Local\Temp
TEMP=C:\Users\Ahmed\AppData\Local\Temp




Periodic native trim disabled

JNI global refs:
JNI global refs: 8, weak refs: 0

JNI global refs memory usage: 835, weak refs: 833

Process memory usage:
Resident Set Size: 129108K (3% of 4105108K total physical memory with 503412K free physical memory)

OOME stack traces (most recent first):
Classloader memory used:
Loader jdk.internal.loader.ClassLoaders$AppClassLoader                                 : 22679K
Loader bootstrap                                                                       : 9972K

---------------  S Y S T E M  ---------------

OS:
 Windows 11 , 64 bit Build 22621 (10.0.22621.5415)
OS uptime: 0 days 7:38 hours

CPU: total 4 (initial active 4) (4 cores per cpu, 1 threads per core) family 6 model 60 stepping 3 microcode 0x28, cx8, cmov, fxsr, mmx, sse, sse2, sse3, ssse3, sse4.1, sse4.2, popcnt, lzcnt, tsc, tscinvbit, avx, avx2, aes, erms, clmul, bmi1, bmi2, fma, vzeroupper, clflush, rdtscp, f16c
Processor Information for the first 4 processors :
  Max Mhz: 2901, Current Mhz: 2901, Mhz Limit: 2901

Memory: 4k page, system-wide physical 4008M (491M free)
TotalPageFile size 16296M (AvailPageFile size 0M)
current process WorkingSet (physical memory assigned to process): 126M, peak: 126M
current process commit charge ("private bytes"): 155M, peak: 157M

vm_info: OpenJDK 64-Bit Server VM (21.0.8+-14018985-b1038.68) for windows-amd64 JRE (21.0.8+-14018985-b1038.68), built on 2025-08-29T19:56:34Z by "builder" with MS VC++ 16.10 / 16.11 (VS2019)

END.
