#
# There is insufficient memory for the Java Runtime Environment to continue.
# Native memory allocation (mmap) failed to map 14680064 bytes. Error detail: G1 virtual space
# Possible reasons:
#   The system is out of physical RAM or swap space
#   This process is running with CompressedOops enabled, and the Java Heap may be blocking the growth of the native heap
# Possible solutions:
#   Reduce memory load on the system
#   Increase physical memory or swap space
#   Check if swap backing store is full
#   Decrease Java heap size (-Xmx/-Xms)
#   Decrease number of Java threads
#   Decrease Java thread stack sizes (-Xss)
#   Set larger code cache with -XX:ReservedCodeCacheSize=
#   JVM is running with Unscaled Compressed Oops mode in which the Java heap is
#     placed in the first 4GB address space. The Java Heap base address is the
#     maximum limit for the native heap growth. Please use -XX:HeapBaseMinAddress
#     to set the Java Heap base and to place the Java Heap above 4GB virtual address.
# This output file may be truncated or incomplete.
#
#  Out of Memory Error (os_windows.cpp:3925), pid=6024, tid=10652
#
# JRE version: OpenJDK Runtime Environment (21.0.8) (build 21.0.8+-14018985-b1038.68)
# Java VM: OpenJDK 64-Bit Server VM (21.0.8+-14018985-b1038.68, mixed mode, tiered, compressed oops, compressed class ptrs, g1 gc, windows-amd64)
# No core dump will be written. Minidumps are not enabled by default on client versions of Windows
#

---------------  S U M M A R Y ------------

Command Line: org.jetbrains.kotlin.cli.jvm.K2JVMCompiler @C:\Users\Ahmed\Downloads\Final-Flutter-App\build\mobile_scanner\20251127_2187184129898657839.compiler.options

Host: Intel(R) Core(TM) i5-4460S CPU @ 2.90GHz, 4 cores, 3G,  Windows 11 , 64 bit Build 22621 (10.0.22621.5415)
Time: Thu Nov 27 07:52:35 2025 Egypt Standard Time elapsed time: 21.593639 seconds (0d 0h 0m 21s)

---------------  T H R E A D  ---------------

Current thread (0x0000015f9631aca0):  VMThread "VM Thread"          [id=10652, stack(0x0000005bf2f00000,0x0000005bf3000000) (1024K)]

Stack: [0x0000005bf2f00000,0x0000005bf3000000]
Native frames: (J=compiled Java code, j=interpreted, Vv=VM code, C=native code)
V  [jvm.dll+0x6d68d9]
V  [jvm.dll+0x866693]
V  [jvm.dll+0x868c4e]
V  [jvm.dll+0x869333]
V  [jvm.dll+0x280566]
V  [jvm.dll+0x6d3195]
V  [jvm.dll+0x6c69ea]
V  [jvm.dll+0x3586db]
V  [jvm.dll+0x360336]
V  [jvm.dll+0x3b23f6]
V  [jvm.dll+0x3b26c8]
V  [jvm.dll+0x32ae6c]
V  [jvm.dll+0x32d806]
V  [jvm.dll+0x3376dd]
V  [jvm.dll+0x36ee15]
V  [jvm.dll+0x86f0b8]
V  [jvm.dll+0x870434]
V  [jvm.dll+0x870970]
V  [jvm.dll+0x870c03]
V  [jvm.dll+0x80eac8]
V  [jvm.dll+0x6d512d]
C  [ucrtbase.dll+0x29333]
C  [KERNEL32.DLL+0x1259d]
C  [ntdll.dll+0x5af78]

VM_Operation (0x0000005bf2aff5b0): G1PauseRemark, mode: safepoint, requested by thread 0x0000015f8098e220


---------------  P R O C E S S  ---------------

Threads class SMR info:
_java_thread_list=0x0000015fa1624320, length=11, elements={
0x0000015ffe612130, 0x0000015f96368830, 0x0000015f9636cbc0, 0x0000015f964f23e0,
0x0000015f964d00a0, 0x0000015f964d1b10, 0x0000015f964d2570, 0x0000015f964d3770,
0x0000015f964d6cb0, 0x0000015f964dd7b0, 0x0000015f96674c90
}

Java Threads: ( => current thread )
  0x0000015ffe612130 JavaThread "main"                              [_thread_blocked, id=8220, stack(0x0000005bf2800000,0x0000005bf2900000) (1024K)]
  0x0000015f96368830 JavaThread "Common-Cleaner"             daemon [_thread_blocked, id=14696, stack(0x0000005bf3000000,0x0000005bf3100000) (1024K)]
  0x0000015f9636cbc0 JavaThread "Reference Handler"          daemon [_thread_blocked, id=10048, stack(0x0000005bf3100000,0x0000005bf3200000) (1024K)]
  0x0000015f964f23e0 JavaThread "Finalizer"                  daemon [_thread_blocked, id=9644, stack(0x0000005bf3200000,0x0000005bf3300000) (1024K)]
  0x0000015f964d00a0 JavaThread "Signal Dispatcher"          daemon [_thread_blocked, id=5792, stack(0x0000005bf3300000,0x0000005bf3400000) (1024K)]
  0x0000015f964d1b10 JavaThread "Attach Listener"            daemon [_thread_blocked, id=16520, stack(0x0000005bf3400000,0x0000005bf3500000) (1024K)]
  0x0000015f964d2570 JavaThread "Service Thread"             daemon [_thread_blocked, id=4268, stack(0x0000005bf3500000,0x0000005bf3600000) (1024K)]
  0x0000015f964d3770 JavaThread "Monitor Deflation Thread"   daemon [_thread_blocked, id=12576, stack(0x0000005bf3600000,0x0000005bf3700000) (1024K)]
  0x0000015f964d6cb0 JavaThread "C2 CompilerThread0"         daemon [_thread_blocked, id=5536, stack(0x0000005bf3700000,0x0000005bf3800000) (1024K)]
  0x0000015f964dd7b0 JavaThread "C1 CompilerThread0"         daemon [_thread_blocked, id=14624, stack(0x0000005bf3800000,0x0000005bf3900000) (1024K)]
  0x0000015f96674c90 JavaThread "Notification Thread"        daemon [_thread_blocked, id=2984, stack(0x0000005bf3900000,0x0000005bf3a00000) (1024K)]
Total: 11

Other Threads:
=>0x0000015f9631aca0 VMThread "VM Thread"                           [id=10652, stack(0x0000005bf2f00000,0x0000005bf3000000) (1024K)]
  0x0000015f9629ad00 WatcherThread "VM Periodic Task Thread"        [id=12156, stack(0x0000005bf2e00000,0x0000005bf2f00000) (1024K)]
  0x0000015f809854c0 WorkerThread "GC Thread#0"                     [id=14616, stack(0x0000005bf2900000,0x0000005bf2a00000) (1024K)]
  0x0000015f96897c00 WorkerThread "GC Thread#1"                     [id=16736, stack(0x0000005bf3a00000,0x0000005bf3b00000) (1024K)]
  0x0000015f9b3384a0 WorkerThread "GC Thread#2"                     [id=7760, stack(0x0000005bf3b00000,0x0000005bf3c00000) (1024K)]
  0x0000015f9b338840 WorkerThread "GC Thread#3"                     [id=14756, stack(0x0000005bf3c00000,0x0000005bf3d00000) (1024K)]
  0x0000015f8098e220 ConcurrentGCThread "G1 Main Marker"            [id=13260, stack(0x0000005bf2a00000,0x0000005bf2b00000) (1024K)]
  0x0000015f8098fd30 WorkerThread "G1 Conc#0"                       [id=10216, stack(0x0000005bf2b00000,0x0000005bf2c00000) (1024K)]
  0x0000015f809e9450 ConcurrentGCThread "G1 Refine#0"               [id=9852, stack(0x0000005bf2c00000,0x0000005bf2d00000) (1024K)]
  0x0000015f809e9fc0 ConcurrentGCThread "G1 Service"                [id=10812, stack(0x0000005bf2d00000,0x0000005bf2e00000) (1024K)]
Total: 10

Threads with active compile tasks:
C2 CompilerThread0  21643 12945       4       org.jetbrains.kotlin.codegen.optimization.common.OptimizationBasicInterpreter::merge (203 bytes)
C1 CompilerThread0  21644 12985       3       org.jetbrains.kotlin.codegen.optimization.temporaryVals.TemporaryValsAnalyzer$StoredValue$DirtyStore::equals (30 bytes)
Total: 2

VM state: at safepoint (normal execution)

VM Mutex/Monitor currently owned by a thread:  ([mutex/lock_event])
[0x00007ffd29a485b8] Threads_lock - owner thread: 0x0000015f9631aca0
[0x00007ffd29a486b8] Heap_lock - owner thread: 0x0000015f8098e220

Heap address: 0x00000000c1400000, size: 1004 MB, Compressed Oops mode: 32-bit

CDS archive(s) not mapped
Compressed class space mapped at: 0x0000000100000000-0x0000000140000000, reserved size: 1073741824
Narrow klass base: 0x0000000000000000, Narrow klass shift: 3, Narrow klass range: 0x140000000

GC Precious Log:
 CardTable entry size: 512
 Card Set container configuration: InlinePtr #cards 5 size 8 Array Of Cards #cards 12 size 40 Howl #buckets 4 coarsen threshold 1843 Howl Bitmap #cards 512 size 80 coarsen threshold 460 Card regions per heap region 1 cards per card region 2048
 CPUs: 4 total, 4 available
 Memory: 4008M
 Large Page Support: Disabled
 NUMA Support: Disabled
 Compressed Oops: Enabled (32-bit)
 Heap Region Size: 1M
 Heap Min Capacity: 8M
 Heap Initial Capacity: 64M
 Heap Max Capacity: 1004M
 Pre-touch: Disabled
 Parallel Workers: 4
 Concurrent Workers: 1
 Concurrent Refinement Workers: 4
 Periodic GC: Disabled

Heap:
 garbage-first heap   total 97280K, used 66250K [0x00000000c1400000, 0x0000000100000000)
  region size 1024K, 6 young (6144K), 4 survivors (4096K)
 Metaspace       used 89168K, committed 89536K, reserved 1179648K
  class space    used 9597K, committed 9792K, reserved 1048576K

Heap Regions: E=young(eden), S=young(survivor), O=old, HS=humongous(starts), HC=humongous(continues), CS=collection set, F=free, TAMS=top-at-mark-start, PB=parsable bottom
|   0|0x00000000c1400000, 0x00000000c1500000, 0x00000000c1500000|100%|HS|  |TAMS 0x00000000c1500000| PB 0x00000000c1400000| Complete 
|   1|0x00000000c1500000, 0x00000000c1600000, 0x00000000c1600000|100%|HC|  |TAMS 0x00000000c1600000| PB 0x00000000c1500000| Complete 
|   2|0x00000000c1600000, 0x00000000c1700000, 0x00000000c1700000|100%|HC|  |TAMS 0x00000000c1700000| PB 0x00000000c1600000| Complete 
|   3|0x00000000c1700000, 0x00000000c1800000, 0x00000000c1800000|100%|HC|  |TAMS 0x00000000c1800000| PB 0x00000000c1700000| Complete 
|   4|0x00000000c1800000, 0x00000000c1900000, 0x00000000c1900000|100%| O|  |TAMS 0x00000000c1900000| PB 0x00000000c1900000| Untracked 
|   5|0x00000000c1900000, 0x00000000c1a00000, 0x00000000c1a00000|100%| O|  |TAMS 0x00000000c1a00000| PB 0x00000000c1a00000| Untracked 
|   6|0x00000000c1a00000, 0x00000000c1b00000, 0x00000000c1b00000|100%| O|  |TAMS 0x00000000c1b00000| PB 0x00000000c1b00000| Updating 
|   7|0x00000000c1b00000, 0x00000000c1c00000, 0x00000000c1c00000|100%| O|  |TAMS 0x00000000c1c00000| PB 0x00000000c1c00000| Untracked 
|   8|0x00000000c1c00000, 0x00000000c1d00000, 0x00000000c1d00000|100%| O|  |TAMS 0x00000000c1d00000| PB 0x00000000c1d00000| Untracked 
|   9|0x00000000c1d00000, 0x00000000c1e00000, 0x00000000c1e00000|100%| O|  |TAMS 0x00000000c1e00000| PB 0x00000000c1e00000| Untracked 
|  10|0x00000000c1e00000, 0x00000000c1f00000, 0x00000000c1f00000|100%| O|  |TAMS 0x00000000c1f00000| PB 0x00000000c1f00000| Untracked 
|  11|0x00000000c1f00000, 0x00000000c2000000, 0x00000000c2000000|100%| O|  |TAMS 0x00000000c2000000| PB 0x00000000c2000000| Updating 
|  12|0x00000000c2000000, 0x00000000c2100000, 0x00000000c2100000|100%| O|  |TAMS 0x00000000c2100000| PB 0x00000000c2100000| Untracked 
|  13|0x00000000c2100000, 0x00000000c2200000, 0x00000000c2200000|100%| O|  |TAMS 0x00000000c2200000| PB 0x00000000c2200000| Updating 
|  14|0x00000000c2200000, 0x00000000c2300000, 0x00000000c2300000|100%| O|  |TAMS 0x00000000c2300000| PB 0x00000000c2300000| Untracked 
|  15|0x00000000c2300000, 0x00000000c2400000, 0x00000000c2400000|100%| O|  |TAMS 0x00000000c2400000| PB 0x00000000c2400000| Untracked 
|  16|0x00000000c2400000, 0x00000000c2500000, 0x00000000c2500000|100%| O|  |TAMS 0x00000000c2500000| PB 0x00000000c2500000| Untracked 
|  17|0x00000000c2500000, 0x00000000c2600000, 0x00000000c2600000|100%| O|  |TAMS 0x00000000c2600000| PB 0x00000000c2600000| Untracked 
|  18|0x00000000c2600000, 0x00000000c2700000, 0x00000000c2700000|100%| O|  |TAMS 0x00000000c2700000| PB 0x00000000c2700000| Updating 
|  19|0x00000000c2700000, 0x00000000c2800000, 0x00000000c2800000|100%| O|  |TAMS 0x00000000c2800000| PB 0x00000000c2800000| Updating 
|  20|0x00000000c2800000, 0x00000000c2900000, 0x00000000c2900000|100%| O|  |TAMS 0x00000000c2900000| PB 0x00000000c2900000| Untracked 
|  21|0x00000000c2900000, 0x00000000c2a00000, 0x00000000c2a00000|100%| O|  |TAMS 0x00000000c2a00000| PB 0x00000000c2a00000| Untracked 
|  22|0x00000000c2a00000, 0x00000000c2b00000, 0x00000000c2b00000|100%| O|  |TAMS 0x00000000c2b00000| PB 0x00000000c2b00000| Untracked 
|  23|0x00000000c2b00000, 0x00000000c2c00000, 0x00000000c2c00000|100%| O|  |TAMS 0x00000000c2c00000| PB 0x00000000c2c00000| Untracked 
|  24|0x00000000c2c00000, 0x00000000c2d00000, 0x00000000c2d00000|100%| O|  |TAMS 0x00000000c2d00000| PB 0x00000000c2d00000| Untracked 
|  25|0x00000000c2d00000, 0x00000000c2e00000, 0x00000000c2e00000|100%| O|  |TAMS 0x00000000c2e00000| PB 0x00000000c2e00000| Untracked 
|  26|0x00000000c2e00000, 0x00000000c2f00000, 0x00000000c2f00000|100%| O|  |TAMS 0x00000000c2f00000| PB 0x00000000c2f00000| Untracked 
|  27|0x00000000c2f00000, 0x00000000c3000000, 0x00000000c3000000|100%| O|  |TAMS 0x00000000c2f00000| PB 0x00000000c2f00000| Untracked 
|  28|0x00000000c3000000, 0x00000000c3100000, 0x00000000c3100000|100%| O|  |TAMS 0x00000000c3100000| PB 0x00000000c3100000| Updating 
|  29|0x00000000c3100000, 0x00000000c3200000, 0x00000000c3200000|100%| O|  |TAMS 0x00000000c3200000| PB 0x00000000c3200000| Updating 
|  30|0x00000000c3200000, 0x00000000c3300000, 0x00000000c3300000|100%| O|  |TAMS 0x00000000c3300000| PB 0x00000000c3300000| Updating 
|  31|0x00000000c3300000, 0x00000000c3400000, 0x00000000c3400000|100%| O|  |TAMS 0x00000000c3400000| PB 0x00000000c3400000| Untracked 
|  32|0x00000000c3400000, 0x00000000c3500000, 0x00000000c3500000|100%| O|  |TAMS 0x00000000c3500000| PB 0x00000000c3500000| Untracked 
|  33|0x00000000c3500000, 0x00000000c3600000, 0x00000000c3600000|100%| O|  |TAMS 0x00000000c3600000| PB 0x00000000c3600000| Untracked 
|  34|0x00000000c3600000, 0x00000000c3700000, 0x00000000c3700000|100%| O|  |TAMS 0x00000000c3700000| PB 0x00000000c3700000| Updating 
|  35|0x00000000c3700000, 0x00000000c3800000, 0x00000000c3800000|100%| O|  |TAMS 0x00000000c3800000| PB 0x00000000c3800000| Untracked 
|  36|0x00000000c3800000, 0x00000000c3900000, 0x00000000c3900000|100%| O|  |TAMS 0x00000000c3900000| PB 0x00000000c3900000| Untracked 
|  37|0x00000000c3900000, 0x00000000c3a00000, 0x00000000c3a00000|100%| O|  |TAMS 0x00000000c3a00000| PB 0x00000000c3a00000| Untracked 
|  38|0x00000000c3a00000, 0x00000000c3b00000, 0x00000000c3b00000|100%| O|  |TAMS 0x00000000c3b00000| PB 0x00000000c3b00000| Untracked 
|  39|0x00000000c3b00000, 0x00000000c3c00000, 0x00000000c3c00000|100%| O|  |TAMS 0x00000000c3c00000| PB 0x00000000c3c00000| Untracked 
|  40|0x00000000c3c00000, 0x00000000c3d00000, 0x00000000c3d00000|100%| O|  |TAMS 0x00000000c3d00000| PB 0x00000000c3d00000| Untracked 
|  41|0x00000000c3d00000, 0x00000000c3e00000, 0x00000000c3e00000|100%| O|  |TAMS 0x00000000c3e00000| PB 0x00000000c3e00000| Untracked 
|  42|0x00000000c3e00000, 0x00000000c3f00000, 0x00000000c3f00000|100%| O|  |TAMS 0x00000000c3f00000| PB 0x00000000c3f00000| Updating 
|  43|0x00000000c3f00000, 0x00000000c4000000, 0x00000000c4000000|100%| O|  |TAMS 0x00000000c4000000| PB 0x00000000c4000000| Untracked 
|  44|0x00000000c4000000, 0x00000000c4100000, 0x00000000c4100000|100%| O|  |TAMS 0x00000000c4100000| PB 0x00000000c4100000| Untracked 
|  45|0x00000000c4100000, 0x00000000c4200000, 0x00000000c4200000|100%| O|  |TAMS 0x00000000c4200000| PB 0x00000000c4200000| Untracked 
|  46|0x00000000c4200000, 0x00000000c4300000, 0x00000000c4300000|100%| O|  |TAMS 0x00000000c4300000| PB 0x00000000c4300000| Untracked 
|  47|0x00000000c4300000, 0x00000000c4400000, 0x00000000c4400000|100%| O|  |TAMS 0x00000000c43a5810| PB 0x00000000c43a5810| Updating 
|  48|0x00000000c4400000, 0x00000000c4500000, 0x00000000c4500000|100%| O|  |TAMS 0x00000000c4500000| PB 0x00000000c4500000| Updating 
|  49|0x00000000c4500000, 0x00000000c4600000, 0x00000000c4600000|100%| O|  |TAMS 0x00000000c4600000| PB 0x00000000c4600000| Untracked 
|  50|0x00000000c4600000, 0x00000000c4700000, 0x00000000c4700000|100%| O|  |TAMS 0x00000000c4700000| PB 0x00000000c4700000| Untracked 
|  51|0x00000000c4700000, 0x00000000c4800000, 0x00000000c4800000|100%| O|  |TAMS 0x00000000c4800000| PB 0x00000000c4800000| Untracked 
|  52|0x00000000c4800000, 0x00000000c4900000, 0x00000000c4900000|100%| O|  |TAMS 0x00000000c4900000| PB 0x00000000c4900000| Untracked 
|  53|0x00000000c4900000, 0x00000000c4a00000, 0x00000000c4a00000|100%| O|  |TAMS 0x00000000c4a00000| PB 0x00000000c4a00000| Untracked 
|  54|0x00000000c4a00000, 0x00000000c4b00000, 0x00000000c4b00000|100%| O|  |TAMS 0x00000000c4b00000| PB 0x00000000c4b00000| Updating 
|  55|0x00000000c4b00000, 0x00000000c4b66c90, 0x00000000c4c00000| 40%| O|  |TAMS 0x00000000c4b00000| PB 0x00000000c4b00000| Updating 
|  56|0x00000000c4c00000, 0x00000000c4c00000, 0x00000000c4d00000|  0%| F|  |TAMS 0x00000000c4c00000| PB 0x00000000c4c00000| Untracked 
|  57|0x00000000c4d00000, 0x00000000c4d00000, 0x00000000c4e00000|  0%| F|  |TAMS 0x00000000c4d00000| PB 0x00000000c4d00000| Untracked 
|  58|0x00000000c4e00000, 0x00000000c4e00000, 0x00000000c4f00000|  0%| F|  |TAMS 0x00000000c4e00000| PB 0x00000000c4e00000| Untracked 
|  59|0x00000000c4f00000, 0x00000000c4f00000, 0x00000000c5000000|  0%| F|  |TAMS 0x00000000c4f00000| PB 0x00000000c4f00000| Untracked 
|  60|0x00000000c5000000, 0x00000000c504be58, 0x00000000c5100000| 29%| S|CS|TAMS 0x00000000c5000000| PB 0x00000000c5000000| Complete 
|  61|0x00000000c5100000, 0x00000000c5100000, 0x00000000c5200000|  0%| F|  |TAMS 0x00000000c5100000| PB 0x00000000c5100000| Untracked 
|  62|0x00000000c5200000, 0x00000000c5200000, 0x00000000c5300000|  0%| F|  |TAMS 0x00000000c5200000| PB 0x00000000c5200000| Untracked 
|  63|0x00000000c5300000, 0x00000000c5300000, 0x00000000c5400000|  0%| F|  |TAMS 0x00000000c5300000| PB 0x00000000c5300000| Untracked 
|  64|0x00000000c5400000, 0x00000000c5400000, 0x00000000c5500000|  0%| F|  |TAMS 0x00000000c5400000| PB 0x00000000c5400000| Untracked 
|  65|0x00000000c5500000, 0x00000000c5600000, 0x00000000c5600000|100%| S|CS|TAMS 0x00000000c5500000| PB 0x00000000c5500000| Complete 
|  66|0x00000000c5600000, 0x00000000c5700000, 0x00000000c5700000|100%| S|CS|TAMS 0x00000000c5600000| PB 0x00000000c5600000| Complete 
|  67|0x00000000c5700000, 0x00000000c5800000, 0x00000000c5800000|100%| S|CS|TAMS 0x00000000c5700000| PB 0x00000000c5700000| Complete 
|  68|0x00000000c5800000, 0x00000000c5800000, 0x00000000c5900000|  0%| F|  |TAMS 0x00000000c5800000| PB 0x00000000c5800000| Untracked 
|  69|0x00000000c5900000, 0x00000000c5900000, 0x00000000c5a00000|  0%| F|  |TAMS 0x00000000c5900000| PB 0x00000000c5900000| Untracked 
|  70|0x00000000c5a00000, 0x00000000c5a00000, 0x00000000c5b00000|  0%| F|  |TAMS 0x00000000c5a00000| PB 0x00000000c5a00000| Untracked 
|  71|0x00000000c5b00000, 0x00000000c5b00000, 0x00000000c5c00000|  0%| F|  |TAMS 0x00000000c5b00000| PB 0x00000000c5b00000| Untracked 
|  72|0x00000000c5c00000, 0x00000000c5c00000, 0x00000000c5d00000|  0%| F|  |TAMS 0x00000000c5c00000| PB 0x00000000c5c00000| Untracked 
|  73|0x00000000c5d00000, 0x00000000c5d00000, 0x00000000c5e00000|  0%| F|  |TAMS 0x00000000c5d00000| PB 0x00000000c5d00000| Untracked 
|  74|0x00000000c5e00000, 0x00000000c5e00000, 0x00000000c5f00000|  0%| F|  |TAMS 0x00000000c5e00000| PB 0x00000000c5e00000| Untracked 
|  75|0x00000000c5f00000, 0x00000000c5f00000, 0x00000000c6000000|  0%| F|  |TAMS 0x00000000c5f00000| PB 0x00000000c5f00000| Untracked 
|  76|0x00000000c6000000, 0x00000000c6000000, 0x00000000c6100000|  0%| F|  |TAMS 0x00000000c6000000| PB 0x00000000c6000000| Untracked 
|  77|0x00000000c6100000, 0x00000000c6100000, 0x00000000c6200000|  0%| F|  |TAMS 0x00000000c6100000| PB 0x00000000c6100000| Untracked 
|  78|0x00000000c6200000, 0x00000000c6200000, 0x00000000c6300000|  0%| F|  |TAMS 0x00000000c6200000| PB 0x00000000c6200000| Untracked 
|  79|0x00000000c6300000, 0x00000000c6300000, 0x00000000c6400000|  0%| F|  |TAMS 0x00000000c6300000| PB 0x00000000c6300000| Untracked 
|  80|0x00000000c6400000, 0x00000000c6400000, 0x00000000c6500000|  0%| F|  |TAMS 0x00000000c6400000| PB 0x00000000c6400000| Untracked 
|  81|0x00000000c6500000, 0x00000000c6500000, 0x00000000c6600000|  0%| F|  |TAMS 0x00000000c6500000| PB 0x00000000c6500000| Untracked 
|  82|0x00000000c6600000, 0x00000000c6600000, 0x00000000c6700000|  0%| F|  |TAMS 0x00000000c6600000| PB 0x00000000c6600000| Untracked 
|  83|0x00000000c6700000, 0x00000000c6700000, 0x00000000c6800000|  0%| F|  |TAMS 0x00000000c6700000| PB 0x00000000c6700000| Untracked 
|  84|0x00000000c6800000, 0x00000000c6800000, 0x00000000c6900000|  0%| F|  |TAMS 0x00000000c6800000| PB 0x00000000c6800000| Untracked 
|  85|0x00000000c6900000, 0x00000000c6900000, 0x00000000c6a00000|  0%| F|  |TAMS 0x00000000c6900000| PB 0x00000000c6900000| Untracked 
|  86|0x00000000c6a00000, 0x00000000c6a00000, 0x00000000c6b00000|  0%| F|  |TAMS 0x00000000c6a00000| PB 0x00000000c6a00000| Untracked 
|  87|0x00000000c6b00000, 0x00000000c6b00000, 0x00000000c6c00000|  0%| F|  |TAMS 0x00000000c6b00000| PB 0x00000000c6b00000| Untracked 
|  88|0x00000000c6c00000, 0x00000000c6cdeff8, 0x00000000c6d00000| 87%| E|  |TAMS 0x00000000c6c00000| PB 0x00000000c6c00000| Complete 
| 998|0x00000000ffa00000, 0x00000000ffb00000, 0x00000000ffb00000|100%| E|CS|TAMS 0x00000000ffa00000| PB 0x00000000ffa00000| Complete 
| 999|0x00000000ffb00000, 0x00000000ffc00000, 0x00000000ffc00000|100%| O|  |TAMS 0x00000000ffc00000| PB 0x00000000ffc00000| Untracked 
|1000|0x00000000ffc00000, 0x00000000ffd00000, 0x00000000ffd00000|100%| O|  |TAMS 0x00000000ffd00000| PB 0x00000000ffd00000| Untracked 
|1001|0x00000000ffd00000, 0x00000000ffe00000, 0x00000000ffe00000|100%| O|  |TAMS 0x00000000ffe00000| PB 0x00000000ffe00000| Updating 
|1002|0x00000000ffe00000, 0x00000000fff00000, 0x00000000fff00000|100%| O|  |TAMS 0x00000000fff00000| PB 0x00000000fff00000| Untracked 
|1003|0x00000000fff00000, 0x0000000100000000, 0x0000000100000000|100%| O|  |TAMS 0x0000000100000000| PB 0x0000000100000000| Untracked 

Card table byte_map: [0x0000015f92ca0000,0x0000015f92ea0000] _byte_map_base: 0x0000015f92696000

Marking Bits: (CMBitMap*) 0x0000015f80985bc0
 Bits: [0x0000015f92ea0000, 0x0000015f93e50000)

Polling page: 0x0000015f80110000

Metaspace:

Usage:
  Non-class:     77.71 MB used.
      Class:      9.37 MB used.
       Both:     87.08 MB used.

Virtual space:
  Non-class space:      128.00 MB reserved,      77.88 MB ( 61%) committed,  2 nodes.
      Class space:        1.00 GB reserved,       9.56 MB ( <1%) committed,  1 nodes.
             Both:        1.12 GB reserved,      87.44 MB (  8%) committed. 

Chunk freelists:
   Non-Class:  1.62 MB
       Class:  6.50 MB
        Both:  8.12 MB

MaxMetaspaceSize: unlimited
CompressedClassSpaceSize: 1.00 GB
Initial GC threshold: 21.00 MB
Current GC threshold: 112.19 MB
CDS: off
 - commit_granule_bytes: 65536.
 - commit_granule_words: 8192.
 - virtual_space_node_default_size: 8388608.
 - enlarge_chunks_in_place: 1.
 - use_allocation_guard: 0.


Internal statistics:

num_allocs_failed_limit: 6.
num_arena_births: 380.
num_arena_deaths: 0.
num_vsnodes_births: 3.
num_vsnodes_deaths: 0.
num_space_committed: 1398.
num_space_uncommitted: 0.
num_chunks_returned_to_freelist: 6.
num_chunks_taken_from_freelist: 3147.
num_chunk_merges: 6.
num_chunk_splits: 2671.
num_chunks_enlarged: 2473.
num_inconsistent_stats: 0.

CodeHeap 'non-profiled nmethods': size=120000Kb used=5497Kb max_used=5669Kb free=114502Kb
 bounds [0x0000015f8b570000, 0x0000015f8bb00000, 0x0000015f92aa0000]
CodeHeap 'profiled nmethods': size=120000Kb used=41195Kb max_used=42884Kb free=78804Kb
 bounds [0x0000015f83aa0000, 0x0000015f86490000, 0x0000015f8afd0000]
CodeHeap 'non-nmethods': size=5760Kb used=1845Kb max_used=1849Kb free=3914Kb
 bounds [0x0000015f8afd0000, 0x0000015f8b240000, 0x0000015f8b570000]
CodeCache: size=245760Kb, used=48537Kb, max_used=50402Kb, free=197220Kb
 total_blobs=12511, nmethods=11683, adapters=727, full_count=0
Compilation: enabled, stopped_count=0, restarted_count=0

Compilation events (20 events):
Event: 21.565 Thread 0x0000015f964dd7b0 nmethod 12973 0x0000015f8647d310 code [0x0000015f8647d4e0, 0x0000015f8647d848]
Event: 21.565 Thread 0x0000015f964dd7b0 12974       3       org.jetbrains.kotlin.resolve.jvm.JvmPrimitiveType::isWrapperClassInternalName (18 bytes)
Event: 21.565 Thread 0x0000015f964dd7b0 nmethod 12974 0x0000015f8647d990 code [0x0000015f8647db60, 0x0000015f8647de68]
Event: 21.566 Thread 0x0000015f964dd7b0 12976       1       org.jetbrains.kotlin.codegen.optimization.temporaryVals.TemporaryValsAnalyzer$StoredValue$DirtyStore::getTemporaryVals (5 bytes)
Event: 21.566 Thread 0x0000015f964dd7b0 nmethod 12976 0x0000015f8baf9110 code [0x0000015f8baf92a0, 0x0000015f8baf9368]
Event: 21.566 Thread 0x0000015f964dd7b0 12978       3       org.jetbrains.kotlin.codegen.optimization.temporaryVals.TemporaryValsAnalyzer$StoredValue$Store::equals (27 bytes)
Event: 21.566 Thread 0x0000015f964dd7b0 nmethod 12978 0x0000015f8647df90 code [0x0000015f8647e140, 0x0000015f8647e4a0]
Event: 21.566 Thread 0x0000015f964dd7b0 12980       3       org.jetbrains.kotlin.codegen.optimization.temporaryVals.TemporaryValsAnalyzer$StoreTrackingInterpreter::temporaryVals (49 bytes)
Event: 21.566 Thread 0x0000015f964dd7b0 nmethod 12980 0x0000015f8647e590 code [0x0000015f8647e7c0, 0x0000015f8647f0b0]
Event: 21.566 Thread 0x0000015f964dd7b0 12979       3       org.jetbrains.kotlin.utils.SmartSet$SingletonIterator::next (28 bytes)
Event: 21.566 Thread 0x0000015f964dd7b0 nmethod 12979 0x0000015f8647f310 code [0x0000015f8647f4c0, 0x0000015f8647f6e8]
Event: 21.566 Thread 0x0000015f964dd7b0 12981       1       org.jetbrains.kotlin.codegen.optimization.temporaryVals.TemporaryValsAnalyzer$StoredValue$Store::getTemporaryVal (5 bytes)
Event: 21.566 Thread 0x0000015f964dd7b0 nmethod 12981 0x0000015f8baf9410 code [0x0000015f8baf95a0, 0x0000015f8baf9668]
Event: 21.566 Thread 0x0000015f964dd7b0 12982       3       org.jetbrains.kotlin.utils.SmartSet$Companion::create (28 bytes)
Event: 21.567 Thread 0x0000015f964dd7b0 nmethod 12982 0x0000015f8647f810 code [0x0000015f8647fa80, 0x0000015f86480360]
Event: 21.567 Thread 0x0000015f964dd7b0 12983       3       org.jetbrains.kotlin.utils.SmartSet$ArrayIterator::hasNext (10 bytes)
Event: 21.567 Thread 0x0000015f964dd7b0 nmethod 12983 0x0000015f86480710 code [0x0000015f864808c0, 0x0000015f86480a90]
Event: 21.567 Thread 0x0000015f964dd7b0 12984       3       org.jetbrains.kotlin.utils.SmartSet$ArrayIterator::next (10 bytes)
Event: 21.567 Thread 0x0000015f964dd7b0 nmethod 12984 0x0000015f86480b90 code [0x0000015f86480d40, 0x0000015f86480f10]
Event: 21.567 Thread 0x0000015f964dd7b0 12985       3       org.jetbrains.kotlin.codegen.optimization.temporaryVals.TemporaryValsAnalyzer$StoredValue$DirtyStore::equals (30 bytes)

GC Heap History (20 events):
Event: 10.578 GC heap before
{Heap before GC invocations=23 (full 0):
 garbage-first heap   total 78848K, used 56662K [0x00000000c1400000, 0x0000000100000000)
  region size 1024K, 12 young (12288K), 2 survivors (2048K)
 Metaspace       used 56262K, committed 56512K, reserved 1114112K
  class space    used 6547K, committed 6656K, reserved 1048576K
}
Event: 10.587 GC heap after
{Heap after GC invocations=24 (full 0):
 garbage-first heap   total 78848K, used 48945K [0x00000000c1400000, 0x0000000100000000)
  region size 1024K, 2 young (2048K), 2 survivors (2048K)
 Metaspace       used 56262K, committed 56512K, reserved 1114112K
  class space    used 6547K, committed 6656K, reserved 1048576K
}
Event: 11.787 GC heap before
{Heap before GC invocations=24 (full 0):
 garbage-first heap   total 78848K, used 65329K [0x00000000c1400000, 0x0000000100000000)
  region size 1024K, 19 young (19456K), 2 survivors (2048K)
 Metaspace       used 60309K, committed 60544K, reserved 1114112K
  class space    used 7054K, committed 7168K, reserved 1048576K
}
Event: 11.799 GC heap after
{Heap after GC invocations=25 (full 0):
 garbage-first heap   total 78848K, used 50685K [0x00000000c1400000, 0x0000000100000000)
  region size 1024K, 2 young (2048K), 2 survivors (2048K)
 Metaspace       used 60309K, committed 60544K, reserved 1114112K
  class space    used 7054K, committed 7168K, reserved 1048576K
}
Event: 12.626 GC heap before
{Heap before GC invocations=25 (full 0):
 garbage-first heap   total 78848K, used 68093K [0x00000000c1400000, 0x0000000100000000)
  region size 1024K, 19 young (19456K), 2 survivors (2048K)
 Metaspace       used 61049K, committed 61312K, reserved 1114112K
  class space    used 7081K, committed 7168K, reserved 1048576K
}
Event: 12.637 GC heap after
{Heap after GC invocations=26 (full 0):
 garbage-first heap   total 78848K, used 53651K [0x00000000c1400000, 0x0000000100000000)
  region size 1024K, 3 young (3072K), 3 survivors (3072K)
 Metaspace       used 61049K, committed 61312K, reserved 1114112K
  class space    used 7081K, committed 7168K, reserved 1048576K
}
Event: 13.459 GC heap before
{Heap before GC invocations=27 (full 0):
 garbage-first heap   total 91136K, used 69011K [0x00000000c1400000, 0x0000000100000000)
  region size 1024K, 18 young (18432K), 3 survivors (3072K)
 Metaspace       used 61554K, committed 61888K, reserved 1114112K
  class space    used 7102K, committed 7232K, reserved 1048576K
}
Event: 13.467 GC heap after
{Heap after GC invocations=28 (full 0):
 garbage-first heap   total 91136K, used 54705K [0x00000000c1400000, 0x0000000100000000)
  region size 1024K, 1 young (1024K), 1 survivors (1024K)
 Metaspace       used 61554K, committed 61888K, reserved 1114112K
  class space    used 7102K, committed 7232K, reserved 1048576K
}
Event: 14.871 GC heap before
{Heap before GC invocations=28 (full 0):
 garbage-first heap   total 91136K, used 79281K [0x00000000c1400000, 0x0000000100000000)
  region size 1024K, 25 young (25600K), 1 survivors (1024K)
 Metaspace       used 64379K, committed 64640K, reserved 1114112K
  class space    used 7388K, committed 7488K, reserved 1048576K
}
Event: 14.883 GC heap after
{Heap after GC invocations=29 (full 0):
 garbage-first heap   total 91136K, used 56546K [0x00000000c1400000, 0x0000000100000000)
  region size 1024K, 4 young (4096K), 4 survivors (4096K)
 Metaspace       used 64379K, committed 64640K, reserved 1114112K
  class space    used 7388K, committed 7488K, reserved 1048576K
}
Event: 17.236 GC heap before
{Heap before GC invocations=29 (full 0):
 garbage-first heap   total 91136K, used 79074K [0x00000000c1400000, 0x0000000100000000)
  region size 1024K, 27 young (27648K), 4 survivors (4096K)
 Metaspace       used 67462K, committed 67776K, reserved 1114112K
  class space    used 7625K, committed 7808K, reserved 1048576K
}
Event: 17.247 GC heap after
{Heap after GC invocations=30 (full 0):
 garbage-first heap   total 91136K, used 57906K [0x00000000c1400000, 0x0000000100000000)
  region size 1024K, 2 young (2048K), 2 survivors (2048K)
 Metaspace       used 67462K, committed 67776K, reserved 1114112K
  class space    used 7625K, committed 7808K, reserved 1048576K
}
Event: 18.098 GC heap before
{Heap before GC invocations=31 (full 0):
 garbage-first heap   total 97280K, used 81458K [0x00000000c1400000, 0x0000000100000000)
  region size 1024K, 26 young (26624K), 2 survivors (2048K)
 Metaspace       used 72902K, committed 73216K, reserved 1179648K
  class space    used 8124K, committed 8256K, reserved 1048576K
}
Event: 18.106 GC heap after
{Heap after GC invocations=32 (full 0):
 garbage-first heap   total 97280K, used 60394K [0x00000000c1400000, 0x0000000100000000)
  region size 1024K, 4 young (4096K), 4 survivors (4096K)
 Metaspace       used 72902K, committed 73216K, reserved 1179648K
  class space    used 8124K, committed 8256K, reserved 1048576K
}
Event: 19.174 GC heap before
{Heap before GC invocations=32 (full 0):
 garbage-first heap   total 97280K, used 87018K [0x00000000c1400000, 0x0000000100000000)
  region size 1024K, 30 young (30720K), 4 survivors (4096K)
 Metaspace       used 78375K, committed 78720K, reserved 1179648K
  class space    used 8638K, committed 8832K, reserved 1048576K
}
Event: 19.188 GC heap after
{Heap after GC invocations=33 (full 0):
 garbage-first heap   total 97280K, used 61950K [0x00000000c1400000, 0x0000000100000000)
  region size 1024K, 2 young (2048K), 2 survivors (2048K)
 Metaspace       used 78375K, committed 78720K, reserved 1179648K
  class space    used 8638K, committed 8832K, reserved 1048576K
}
Event: 20.321 GC heap before
{Heap before GC invocations=33 (full 0):
 garbage-first heap   total 97280K, used 87550K [0x00000000c1400000, 0x0000000100000000)
  region size 1024K, 27 young (27648K), 2 survivors (2048K)
 Metaspace       used 83597K, committed 83968K, reserved 1179648K
  class space    used 9075K, committed 9216K, reserved 1048576K
}
Event: 20.331 GC heap after
{Heap after GC invocations=34 (full 0):
 garbage-first heap   total 97280K, used 63753K [0x00000000c1400000, 0x0000000100000000)
  region size 1024K, 4 young (4096K), 4 survivors (4096K)
 Metaspace       used 83597K, committed 83968K, reserved 1179648K
  class space    used 9075K, committed 9216K, reserved 1048576K
}
Event: 21.438 GC heap before
{Heap before GC invocations=34 (full 0):
 garbage-first heap   total 97280K, used 85257K [0x00000000c1400000, 0x0000000100000000)
  region size 1024K, 26 young (26624K), 4 survivors (4096K)
 Metaspace       used 89047K, committed 89408K, reserved 1179648K
  class space    used 9593K, committed 9792K, reserved 1048576K
}
Event: 21.449 GC heap after
{Heap after GC invocations=35 (full 0):
 garbage-first heap   total 97280K, used 65226K [0x00000000c1400000, 0x0000000100000000)
  region size 1024K, 4 young (4096K), 4 survivors (4096K)
 Metaspace       used 89047K, committed 89408K, reserved 1179648K
  class space    used 9593K, committed 9792K, reserved 1048576K
}

Dll operation events (3 events):
Event: 0.012 Loaded shared library C:\Program Files\Android\Android Studio\jbr\bin\java.dll
Event: 0.021 Loaded shared library C:\Program Files\Android\Android Studio\jbr\bin\zip.dll
Event: 2.522 Loaded shared library C:\Program Files\Android\Android Studio\jbr\bin\verify.dll

Deoptimization events (20 events):
Event: 21.481 Thread 0x0000015ffe612130 DEOPT PACKING pc=0x0000015f8bae5648 sp=0x0000005bf28fd580
Event: 21.481 Thread 0x0000015ffe612130 DEOPT UNPACKING pc=0x0000015f8b0246a2 sp=0x0000005bf28fd4e8 mode 2
Event: 21.558 Thread 0x0000015ffe612130 DEOPT PACKING pc=0x0000015f8638a37c sp=0x0000005bf28fd2c0
Event: 21.558 Thread 0x0000015ffe612130 DEOPT UNPACKING pc=0x0000015f8b024e42 sp=0x0000005bf28fc808 mode 0
Event: 21.565 Thread 0x0000015ffe612130 Uncommon trap: trap_request=0xffffffd6 fr.pc=0x0000015f8baf8a58 relative=0x00000000000002f8
Event: 21.565 Thread 0x0000015ffe612130 Uncommon trap: reason=array_check action=maybe_recompile pc=0x0000015f8baf8a58 method=org.jetbrains.org.objectweb.asm.tree.analysis.Frame.merge(Lorg/jetbrains/org/objectweb/asm/tree/analysis/Frame;Lorg/jetbrains/org/objectweb/asm/tree/analysis/Interpreter
Event: 21.565 Thread 0x0000015ffe612130 DEOPT PACKING pc=0x0000015f8baf8a58 sp=0x0000005bf28fd560
Event: 21.565 Thread 0x0000015ffe612130 DEOPT UNPACKING pc=0x0000015f8b0246a2 sp=0x0000005bf28fd510 mode 2
Event: 21.566 Thread 0x0000015ffe612130 Uncommon trap: trap_request=0xffffffd6 fr.pc=0x0000015f8baf8a58 relative=0x00000000000002f8
Event: 21.566 Thread 0x0000015ffe612130 Uncommon trap: reason=array_check action=maybe_recompile pc=0x0000015f8baf8a58 method=org.jetbrains.org.objectweb.asm.tree.analysis.Frame.merge(Lorg/jetbrains/org/objectweb/asm/tree/analysis/Frame;Lorg/jetbrains/org/objectweb/asm/tree/analysis/Interpreter
Event: 21.566 Thread 0x0000015ffe612130 DEOPT PACKING pc=0x0000015f8baf8a58 sp=0x0000005bf28fd3e0
Event: 21.566 Thread 0x0000015ffe612130 DEOPT UNPACKING pc=0x0000015f8b0246a2 sp=0x0000005bf28fd390 mode 2
Event: 21.566 Thread 0x0000015ffe612130 Uncommon trap: trap_request=0xffffffd6 fr.pc=0x0000015f8baf8a58 relative=0x00000000000002f8
Event: 21.566 Thread 0x0000015ffe612130 Uncommon trap: reason=array_check action=maybe_recompile pc=0x0000015f8baf8a58 method=org.jetbrains.org.objectweb.asm.tree.analysis.Frame.merge(Lorg/jetbrains/org/objectweb/asm/tree/analysis/Frame;Lorg/jetbrains/org/objectweb/asm/tree/analysis/Interpreter
Event: 21.566 Thread 0x0000015ffe612130 DEOPT PACKING pc=0x0000015f8baf8a58 sp=0x0000005bf28fd560
Event: 21.566 Thread 0x0000015ffe612130 DEOPT UNPACKING pc=0x0000015f8b0246a2 sp=0x0000005bf28fd510 mode 2
Event: 21.566 Thread 0x0000015ffe612130 Uncommon trap: trap_request=0xffffffd6 fr.pc=0x0000015f8baf8a58 relative=0x00000000000002f8
Event: 21.566 Thread 0x0000015ffe612130 Uncommon trap: reason=array_check action=maybe_recompile pc=0x0000015f8baf8a58 method=org.jetbrains.org.objectweb.asm.tree.analysis.Frame.merge(Lorg/jetbrains/org/objectweb/asm/tree/analysis/Frame;Lorg/jetbrains/org/objectweb/asm/tree/analysis/Interpreter
Event: 21.566 Thread 0x0000015ffe612130 DEOPT PACKING pc=0x0000015f8baf8a58 sp=0x0000005bf28fd3e0
Event: 21.566 Thread 0x0000015ffe612130 DEOPT UNPACKING pc=0x0000015f8b0246a2 sp=0x0000005bf28fd390 mode 2

Classes loaded (20 events):
Event: 20.753 Loading class java/util/ArrayList$SubList$1
Event: 20.753 Loading class java/util/ArrayList$SubList$1 done
Event: 20.838 Loading class java/util/Vector$Itr
Event: 20.838 Loading class java/util/Vector$Itr done
Event: 20.882 Loading class java/util/Formatter
Event: 20.883 Loading class java/util/Formatter done
Event: 20.883 Loading class java/util/Formatter$FixedString
Event: 20.883 Loading class java/util/Formatter$FormatString
Event: 20.883 Loading class java/util/Formatter$FormatString done
Event: 20.883 Loading class java/util/Formatter$FixedString done
Event: 20.883 Loading class java/util/Formatter$Conversion
Event: 20.883 Loading class java/util/Formatter$Conversion done
Event: 20.883 Loading class java/util/Formatter$FormatSpecifier
Event: 20.884 Loading class java/util/Formatter$FormatSpecifier done
Event: 20.884 Loading class java/util/Formattable
Event: 20.884 Loading class java/util/Formattable done
Event: 20.884 Loading class java/util/Formatter$Flags
Event: 20.884 Loading class java/util/Formatter$Flags done
Event: 20.996 Loading class java/util/regex/Pattern$Dollar
Event: 20.997 Loading class java/util/regex/Pattern$Dollar done

Classes unloaded (0 events):
No events

Classes redefined (0 events):
No events

Internal exceptions (20 events):
Event: 17.605 Thread 0x0000015ffe612130 Exception <a 'java/lang/NoSuchMethodError'{0x00000000c5f80778}: 'java.lang.Object java.lang.invoke.DirectMethodHandle$Holder.invokeStatic(java.lang.Object, java.lang.Object, java.lang.Object, int, int)'> (0x00000000c5f80778) 
thrown [s\src\hotspot\share\interpreter\linkResolver.cpp, line 784]
Event: 17.788 Thread 0x0000015ffe612130 Exception <a 'java/lang/NoSuchMethodError'{0x00000000c5ca58d0}: 'java.lang.Object java.lang.invoke.DirectMethodHandle$Holder.newInvokeSpecial(java.lang.Object, java.lang.Object, java.lang.Object, java.lang.Object, java.lang.Object, java.lang.Object, java.lang.Object, int)'> (0x00000000c5ca58d0) 
thrown [s\src\hotspot\share\interpreter\linkResolver.cpp, line 784]
Event: 17.788 Thread 0x0000015ffe612130 Exception <a 'java/lang/NoSuchMethodError'{0x00000000c5ca9f68}: 'java.lang.Object java.lang.invoke.DirectMethodHandle$Holder.invokeSpecial(java.lang.Object, java.lang.Object, java.lang.Object, java.lang.Object, java.lang.Object, java.lang.Object, java.lang.Object, java.lang.Object, int)'> (0x00000000c5ca9f68) 
thrown [s\src\hotspot\share\interpreter\linkResolver.cpp, line 784]
Event: 17.789 Thread 0x0000015ffe612130 Exception <a 'java/lang/NoSuchMethodError'{0x00000000c5caded8}: 'java.lang.Object java.lang.invoke.Invokers$Holder.linkToTargetMethod(java.lang.Object, java.lang.Object, java.lang.Object, java.lang.Object, java.lang.Object, java.lang.Object, int, java.lang.Object)'> (0x00000000c5caded8) 
thrown [s\src\hotspot\share\interpreter\linkResolver.cpp, line 784]
Event: 18.837 Thread 0x0000015ffe612130 Exception <a 'java/lang/NoSuchMethodError'{0x00000000c5b4c350}: 'java.lang.Object java.lang.invoke.DirectMethodHandle$Holder.newInvokeSpecial(java.lang.Object, int, java.lang.Object, int)'> (0x00000000c5b4c350) 
thrown [s\src\hotspot\share\interpreter\linkResolver.cpp, line 784]
Event: 18.837 Thread 0x0000015ffe612130 Exception <a 'java/lang/NoSuchMethodError'{0x00000000c5b50070}: 'java.lang.Object java.lang.invoke.DirectMethodHandle$Holder.invokeSpecial(java.lang.Object, java.lang.Object, int, java.lang.Object, int)'> (0x00000000c5b50070) 
thrown [s\src\hotspot\share\interpreter\linkResolver.cpp, line 784]
Event: 18.968 Thread 0x0000015ffe612130 Implicit null exception at 0x0000015f8b9f83df to 0x0000015f8ba0033c
Event: 18.980 Thread 0x0000015ffe612130 Implicit null exception at 0x0000015f8b99ba11 to 0x0000015f8b99ca2c
Event: 19.382 Thread 0x0000015ffe612130 Exception <a 'java/lang/NoSuchMethodError'{0x00000000c663c340}: 'java.lang.Object java.lang.invoke.DirectMethodHandle$Holder.invokeStatic(java.lang.Object, java.lang.Object, int, java.lang.Object)'> (0x00000000c663c340) 
thrown [s\src\hotspot\share\interpreter\linkResolver.cpp, line 784]
Event: 20.700 Thread 0x0000015ffe612130 Exception <a 'java/lang/NoSuchMethodError'{0x00000000c69755c8}: 'java.lang.Object java.lang.invoke.DirectMethodHandle$Holder.invokeStatic(java.lang.Object, java.lang.Object, int, int)'> (0x00000000c69755c8) 
thrown [s\src\hotspot\share\interpreter\linkResolver.cpp, line 784]
Event: 20.713 Thread 0x0000015ffe612130 Exception <a 'java/lang/NoSuchMethodError'{0x00000000c69d80e8}: 'java.lang.Object java.lang.invoke.DirectMethodHandle$Holder.invokeStatic(java.lang.Object, int, int)'> (0x00000000c69d80e8) 
thrown [s\src\hotspot\share\interpreter\linkResolver.cpp, line 784]
Event: 20.790 Thread 0x0000015ffe612130 Exception <a 'java/lang/NoSuchMethodError'{0x00000000c6696b08}: 'java.lang.Object java.lang.invoke.DirectMethodHandle$Holder.invokeStatic(java.lang.Object, java.lang.Object, java.lang.Object, java.lang.Object, java.lang.Object, int, java.lang.Object, java.lang.Object)'> (0x00000000c6696b08) 
thrown [s\src\hotspot\share\interpreter\linkResolver.cpp, line 784]
Event: 20.790 Thread 0x0000015ffe612130 Exception <a 'java/lang/NoSuchMethodError'{0x00000000c669f828}: 'java.lang.Object java.lang.invoke.DirectMethodHandle$Holder.newInvokeSpecial(java.lang.Object, java.lang.Object, java.lang.Object, java.lang.Object, java.lang.Object, int, java.lang.Object)'> (0x00000000c669f828) 
thrown [s\src\hotspot\share\interpreter\linkResolver.cpp, line 784]
Event: 20.791 Thread 0x0000015ffe612130 Exception <a 'java/lang/NoSuchMethodError'{0x00000000c66a3a18}: 'java.lang.Object java.lang.invoke.DirectMethodHandle$Holder.invokeSpecial(java.lang.Object, java.lang.Object, java.lang.Object, java.lang.Object, java.lang.Object, java.lang.Object, int, java.lang.Object)'> (0x00000000c66a3a18) 
thrown [s\src\hotspot\share\interpreter\linkResolver.cpp, line 784]
Event: 20.791 Thread 0x0000015ffe612130 Exception <a 'java/lang/NoSuchMethodError'{0x00000000c66a7188}: 'java.lang.Object java.lang.invoke.Invokers$Holder.linkToTargetMethod(java.lang.Object, java.lang.Object, java.lang.Object, java.lang.Object, int, java.lang.Object, java.lang.Object)'> (0x00000000c66a7188) 
thrown [s\src\hotspot\share\interpreter\linkResolver.cpp, line 784]
Event: 20.936 Thread 0x0000015ffe612130 Exception <a 'java/lang/NoSuchMethodError'{0x00000000c626c3f8}: 'java.lang.Object java.lang.invoke.DirectMethodHandle$Holder.newInvokeSpecial(java.lang.Object, java.lang.Object, java.lang.Object, java.lang.Object, int, java.lang.Object)'> (0x00000000c626c3f8) 
thrown [s\src\hotspot\share\interpreter\linkResolver.cpp, line 784]
Event: 20.937 Thread 0x0000015ffe612130 Exception <a 'java/lang/NoSuchMethodError'{0x00000000c6270978}: 'java.lang.Object java.lang.invoke.DirectMethodHandle$Holder.invokeSpecial(java.lang.Object, java.lang.Object, java.lang.Object, java.lang.Object, java.lang.Object, int, java.lang.Object)'> (0x00000000c6270978) 
thrown [s\src\hotspot\share\interpreter\linkResolver.cpp, line 784]
Event: 20.937 Thread 0x0000015ffe612130 Exception <a 'java/lang/NoSuchMethodError'{0x00000000c6274800}: 'java.lang.Object java.lang.invoke.Invokers$Holder.linkToTargetMethod(java.lang.Object, java.lang.Object, java.lang.Object, int, java.lang.Object, java.lang.Object)'> (0x00000000c6274800) 
thrown [s\src\hotspot\share\interpreter\linkResolver.cpp, line 784]
Event: 21.072 Thread 0x0000015ffe612130 Exception <a 'java/lang/NoSuchMethodError'{0x00000000c60bc820}: 'java.lang.Object java.lang.invoke.DirectMethodHandle$Holder.invokeStatic(java.lang.Object, java.lang.Object, java.lang.Object, java.lang.Object, int, java.lang.Object)'> (0x00000000c60bc820) 
thrown [s\src\hotspot\share\interpreter\linkResolver.cpp, line 784]
Event: 21.491 Thread 0x0000015ffe612130 Exception <a 'java/lang/NoSuchMethodError'{0x00000000ffa93308}: 'java.lang.Object java.lang.invoke.DirectMethodHandle$Holder.invokeStatic(java.lang.Object, java.lang.Object, java.lang.Object, java.lang.Object, java.lang.Object, int)'> (0x00000000ffa93308) 
thrown [s\src\hotspot\share\interpreter\linkResolver.cpp, line 784]

ZGC Phase Switch (0 events):
No events

VM Operations (20 events):
Event: 20.786 Executing VM operation: HandshakeAllThreads (Deoptimize) done
Event: 20.896 Executing VM operation: HandshakeAllThreads (Deoptimize)
Event: 20.896 Executing VM operation: HandshakeAllThreads (Deoptimize) done
Event: 20.899 Executing VM operation: HandshakeAllThreads (Deoptimize)
Event: 20.899 Executing VM operation: HandshakeAllThreads (Deoptimize) done
Event: 21.056 Executing VM operation: ICBufferFull
Event: 21.056 Executing VM operation: ICBufferFull done
Event: 21.139 Executing VM operation: HandshakeAllThreads (Deoptimize)
Event: 21.139 Executing VM operation: HandshakeAllThreads (Deoptimize) done
Event: 21.234 Executing VM operation: HandshakeAllThreads (Deoptimize)
Event: 21.234 Executing VM operation: HandshakeAllThreads (Deoptimize) done
Event: 21.236 Executing VM operation: HandshakeAllThreads (Deoptimize)
Event: 21.236 Executing VM operation: HandshakeAllThreads (Deoptimize) done
Event: 21.246 Executing VM operation: ICBufferFull
Event: 21.246 Executing VM operation: ICBufferFull done
Event: 21.438 Executing VM operation: G1CollectForAllocation (G1 Evacuation Pause)
Event: 21.449 Executing VM operation: G1CollectForAllocation (G1 Evacuation Pause) done
Event: 21.558 Executing VM operation: HandshakeAllThreads (Deoptimize)
Event: 21.558 Executing VM operation: HandshakeAllThreads (Deoptimize) done
Event: 21.568 Executing VM operation: G1PauseRemark

Memory protections (0 events):
No events

Nmethod flushes (20 events):
Event: 21.586 Thread 0x0000015f9631aca0 flushing  nmethod 0x0000015f851d4190
Event: 21.586 Thread 0x0000015f9631aca0 flushing  nmethod 0x0000015f851d6c10
Event: 21.586 Thread 0x0000015f9631aca0 flushing  nmethod 0x0000015f85216290
Event: 21.586 Thread 0x0000015f9631aca0 flushing  nmethod 0x0000015f85216a90
Event: 21.586 Thread 0x0000015f9631aca0 flushing  nmethod 0x0000015f85216f10
Event: 21.586 Thread 0x0000015f9631aca0 flushing  nmethod 0x0000015f8521b310
Event: 21.586 Thread 0x0000015f9631aca0 flushing  nmethod 0x0000015f8521d910
Event: 21.586 Thread 0x0000015f9631aca0 flushing  nmethod 0x0000015f85221790
Event: 21.586 Thread 0x0000015f9631aca0 flushing  nmethod 0x0000015f85223010
Event: 21.586 Thread 0x0000015f9631aca0 flushing  nmethod 0x0000015f8522c110
Event: 21.586 Thread 0x0000015f9631aca0 flushing  nmethod 0x0000015f8523fd90
Event: 21.586 Thread 0x0000015f9631aca0 flushing  nmethod 0x0000015f85269590
Event: 21.586 Thread 0x0000015f9631aca0 flushing  nmethod 0x0000015f85294610
Event: 21.586 Thread 0x0000015f9631aca0 flushing  nmethod 0x0000015f85419490
Event: 21.586 Thread 0x0000015f9631aca0 flushing  nmethod 0x0000015f85498590
Event: 21.586 Thread 0x0000015f9631aca0 flushing  nmethod 0x0000015f85587290
Event: 21.586 Thread 0x0000015f9631aca0 flushing  nmethod 0x0000015f85587d10
Event: 21.586 Thread 0x0000015f9631aca0 flushing  nmethod 0x0000015f8567bb90
Event: 21.586 Thread 0x0000015f9631aca0 flushing  nmethod 0x0000015f8567c310
Event: 21.586 Thread 0x0000015f9631aca0 flushing  nmethod 0x0000015f85720f10

Events (19 events):
Event: 0.017 Thread 0x0000015ffe612130 Thread added: 0x0000015ffe612130
Event: 0.073 Thread 0x0000015ffe612130 Thread added: 0x0000015f96368830
Event: 0.078 Thread 0x0000015ffe612130 Thread added: 0x0000015f9636cbc0
Event: 0.078 Thread 0x0000015ffe612130 Thread added: 0x0000015f964f23e0
Event: 0.079 Thread 0x0000015ffe612130 Thread added: 0x0000015f964d00a0
Event: 0.079 Thread 0x0000015ffe612130 Thread added: 0x0000015f964d1b10
Event: 0.079 Thread 0x0000015ffe612130 Thread added: 0x0000015f964d2570
Event: 0.079 Thread 0x0000015ffe612130 Thread added: 0x0000015f964d3770
Event: 0.079 Thread 0x0000015ffe612130 Thread added: 0x0000015f964d6cb0
Event: 0.080 Thread 0x0000015ffe612130 Thread added: 0x0000015f964dd7b0
Event: 0.128 Thread 0x0000015ffe612130 Thread added: 0x0000015f96674c90
Event: 0.147 Loaded shared library C:\Program Files\Android\Android Studio\jbr\bin\net.dll
Event: 0.150 Loaded shared library C:\Program Files\Android\Android Studio\jbr\bin\nio.dll
Event: 0.225 Loaded shared library C:\Program Files\Android\Android Studio\jbr\bin\zip.dll
Event: 0.280 Loaded shared library C:\Program Files\Android\Android Studio\jbr\bin\jimage.dll
Event: 6.864 Thread 0x0000015f964dd7b0 Thread added: 0x0000015f9bdd0770
Event: 11.500 Thread 0x0000015f9bdd0770 Thread exited: 0x0000015f9bdd0770
Event: 17.323 Thread 0x0000015f964dd7b0 Thread added: 0x0000015f9c64b4f0
Event: 18.399 Thread 0x0000015f9c64b4f0 Thread exited: 0x0000015f9c64b4f0


Dynamic libraries:
0x00007ff7e2880000 - 0x00007ff7e288a000 	C:\Program Files\Android\Android Studio\jbr\bin\java.exe
0x00007ffd87f30000 - 0x00007ffd88148000 	C:\Windows\SYSTEM32\ntdll.dll
0x00007ffd86960000 - 0x00007ffd86a24000 	C:\Windows\System32\KERNEL32.DLL
0x00007ffd85160000 - 0x00007ffd85533000 	C:\Windows\System32\KERNELBASE.dll
0x00007ffd859f0000 - 0x00007ffd85b01000 	C:\Windows\System32\ucrtbase.dll
0x00007ffd7f1a0000 - 0x00007ffd7f1b8000 	C:\Program Files\Android\Android Studio\jbr\bin\jli.dll
0x00007ffd86200000 - 0x00007ffd863b2000 	C:\Windows\System32\USER32.dll
0x00007ffd859c0000 - 0x00007ffd859e6000 	C:\Windows\System32\win32u.dll
0x00007ffd86bb0000 - 0x00007ffd86bd9000 	C:\Windows\System32\GDI32.dll
0x00007ffd85040000 - 0x00007ffd8515b000 	C:\Windows\System32\gdi32full.dll
0x00007ffd85680000 - 0x00007ffd8571a000 	C:\Windows\System32\msvcp_win.dll
0x00007ffd7cc50000 - 0x00007ffd7cc6b000 	C:\Program Files\Android\Android Studio\jbr\bin\VCRUNTIME140.dll
0x00007ffd73f50000 - 0x00007ffd741ec000 	C:\Windows\WinSxS\amd64_microsoft.windows.common-controls_6595b64144ccf1df_6.0.22621.6060_none_2712eda17382d24b\COMCTL32.dll
0x00007ffd87e40000 - 0x00007ffd87ee7000 	C:\Windows\System32\msvcrt.dll
0x00007ffd86900000 - 0x00007ffd86931000 	C:\Windows\System32\IMM32.DLL
0x00007ffd81f60000 - 0x00007ffd81f6c000 	C:\Program Files\Android\Android Studio\jbr\bin\vcruntime140_1.dll
0x00007ffd705b0000 - 0x00007ffd7063d000 	C:\Program Files\Android\Android Studio\jbr\bin\msvcp140.dll
0x00007ffd28e90000 - 0x00007ffd29b26000 	C:\Program Files\Android\Android Studio\jbr\bin\server\jvm.dll
0x00007ffd860d0000 - 0x00007ffd86181000 	C:\Windows\System32\ADVAPI32.dll
0x00007ffd874e0000 - 0x00007ffd87588000 	C:\Windows\System32\sechost.dll
0x00007ffd85990000 - 0x00007ffd859b8000 	C:\Windows\System32\bcrypt.dll
0x00007ffd864d0000 - 0x00007ffd865e8000 	C:\Windows\System32\RPCRT4.dll
0x00007ffd863c0000 - 0x00007ffd86431000 	C:\Windows\System32\WS2_32.dll
0x00007ffd84f10000 - 0x00007ffd84f5d000 	C:\Windows\SYSTEM32\POWRPROF.dll
0x00007ffd75e10000 - 0x00007ffd75e44000 	C:\Windows\SYSTEM32\WINMM.dll
0x00007ffd82170000 - 0x00007ffd8217a000 	C:\Windows\SYSTEM32\VERSION.dll
0x00007ffd84ef0000 - 0x00007ffd84f03000 	C:\Windows\SYSTEM32\UMPDC.dll
0x00007ffd84020000 - 0x00007ffd84038000 	C:\Windows\SYSTEM32\kernel.appcore.dll
0x00007ffd81f40000 - 0x00007ffd81f4a000 	C:\Program Files\Android\Android Studio\jbr\bin\jimage.dll
0x00007ffd746d0000 - 0x00007ffd74903000 	C:\Windows\SYSTEM32\DBGHELP.DLL
0x00007ffd87140000 - 0x00007ffd874d1000 	C:\Windows\System32\combase.dll
0x00007ffd867b0000 - 0x00007ffd86888000 	C:\Windows\System32\OLEAUT32.dll
0x00007ffd6d3a0000 - 0x00007ffd6d3d2000 	C:\Windows\SYSTEM32\dbgcore.DLL
0x00007ffd85910000 - 0x00007ffd8598b000 	C:\Windows\System32\bcryptPrimitives.dll
0x00007ffd7cc30000 - 0x00007ffd7cc50000 	C:\Program Files\Android\Android Studio\jbr\bin\java.dll
0x00007ffd7cc10000 - 0x00007ffd7cc28000 	C:\Program Files\Android\Android Studio\jbr\bin\zip.dll
0x00007ffd875a0000 - 0x00007ffd87e3c000 	C:\Windows\System32\SHELL32.dll
0x00007ffd85540000 - 0x00007ffd8567f000 	C:\Windows\System32\wintypes.dll
0x00007ffd82f40000 - 0x00007ffd8385a000 	C:\Windows\SYSTEM32\windows.storage.dll
0x00007ffd86a80000 - 0x00007ffd86b84000 	C:\Windows\System32\SHCORE.dll
0x00007ffd86190000 - 0x00007ffd861f9000 	C:\Windows\System32\shlwapi.dll
0x00007ffd84f70000 - 0x00007ffd84f95000 	C:\Windows\SYSTEM32\profapi.dll
0x00007ffd81230000 - 0x00007ffd81240000 	C:\Program Files\Android\Android Studio\jbr\bin\net.dll
0x00007ffd7fa20000 - 0x00007ffd7fb4c000 	C:\Windows\SYSTEM32\WINHTTP.dll
0x00007ffd84500000 - 0x00007ffd84569000 	C:\Windows\system32\mswsock.dll
0x00007ffd7ff70000 - 0x00007ffd7ff86000 	C:\Program Files\Android\Android Studio\jbr\bin\nio.dll
0x00007ffd7f200000 - 0x00007ffd7f210000 	C:\Program Files\Android\Android Studio\jbr\bin\verify.dll

JVMTI agents: none

dbghelp: loaded successfully - version: 4.0.5 - missing functions: none
symbol engine: initialized successfully - sym options: 0x614 - pdb path: .;C:\Program Files\Android\Android Studio\jbr\bin;C:\Windows\SYSTEM32;C:\Windows\WinSxS\amd64_microsoft.windows.common-controls_6595b64144ccf1df_6.0.22621.6060_none_2712eda17382d24b;C:\Program Files\Android\Android Studio\jbr\bin\server

VM Arguments:
java_command: org.jetbrains.kotlin.cli.jvm.K2JVMCompiler @C:\Users\Ahmed\Downloads\Final-Flutter-App\build\mobile_scanner\20251127_2187184129898657839.compiler.options
java_class_path (initial): C:\Users\Ahmed\.gradle\caches\modules-2\files-2.1\org.jetbrains.kotlin\kotlin-compiler-embeddable\2.1.0\988bf980588bbbcfa1ba19c1ffd7aa869b335a31\kotlin-compiler-embeddable-2.1.0.jar;C:\Users\Ahmed\.gradle\caches\modules-2\files-2.1\org.jetbrains.kotlin\kotlin-stdlib\2.1.0\85f8b81009cda5890e54ba67d64b5e599c645020\kotlin-stdlib-2.1.0.jar;C:\Users\Ahmed\.gradle\caches\modules-2\files-2.1\org.jetbrains.kotlin\kotlin-script-runtime\2.1.0\5909da8c57b75a117714ab0e348c86101b7a3284\kotlin-script-runtime-2.1.0.jar;C:\Users\Ahmed\.gradle\caches\modules-2\files-2.1\org.jetbrains.kotlin\kotlin-reflect\1.6.10\1cbe9c92c12a94eea200d23c2bbaedaf3daf5132\kotlin-reflect-1.6.10.jar;C:\Users\Ahmed\.gradle\caches\modules-2\files-2.1\org.jetbrains.kotlin\kotlin-daemon-embeddable\2.1.0\420bae1908e4a353f5b56c3c850d24d86367b25d\kotlin-daemon-embeddable-2.1.0.jar;C:\Users\Ahmed\.gradle\caches\modules-2\files-2.1\org.jetbrains.intellij.deps\trove4j\1.0.20200330\3afb14d5f9ceb459d724e907a21145e8ff394f02\trove4j-1.0.20200330.jar;C:\Users\Ahmed\.gradle\caches\modules-2\files-2.1\org.jetbrains.kotlinx\kotlinx-coroutines-core-jvm\1.6.4\2c997cd1c0ef33f3e751d3831929aeff1390cb30\kotlinx-coroutines-core-jvm-1.6.4.jar;C:\Users\Ahmed\.gradle\caches\modules-2\files-2.1\org.jetbrains\annotations\13.0\919f0dfe192fb4e063e7dacadee7f8bb9a2672a9\annotations-13.0.jar
Launcher Type: SUN_STANDARD

[Global flags]
     intx CICompilerCount                          = 3                                         {product} {ergonomic}
     uint ConcGCThreads                            = 1                                         {product} {ergonomic}
     uint G1ConcRefinementThreads                  = 4                                         {product} {ergonomic}
   size_t G1HeapRegionSize                         = 1048576                                   {product} {ergonomic}
    uintx GCDrainStackTargetSize                   = 64                                        {product} {ergonomic}
   size_t InitialHeapSize                          = 67108864                                  {product} {ergonomic}
   size_t MarkStackSize                            = 4194304                                   {product} {ergonomic}
   size_t MaxHeapSize                              = 1052770304                                {product} {ergonomic}
   size_t MaxNewSize                               = 631242752                                 {product} {ergonomic}
   size_t MinHeapDeltaBytes                        = 1048576                                   {product} {ergonomic}
   size_t MinHeapSize                              = 8388608                                   {product} {ergonomic}
    uintx NonNMethodCodeHeapSize                   = 5832780                                {pd product} {ergonomic}
    uintx NonProfiledCodeHeapSize                  = 122912730                              {pd product} {ergonomic}
    uintx ProfiledCodeHeapSize                     = 122912730                              {pd product} {ergonomic}
    uintx ReservedCodeCacheSize                    = 251658240                              {pd product} {ergonomic}
     bool SegmentedCodeCache                       = true                                      {product} {ergonomic}
   size_t SoftMaxHeapSize                          = 1052770304                             {manageable} {ergonomic}
     bool UseCompressedOops                        = true                           {product lp64_product} {ergonomic}
     bool UseG1GC                                  = true                                      {product} {ergonomic}
     bool UseLargePagesIndividualAllocation        = false                                  {pd product} {ergonomic}

Logging:
Log output configuration:
 #0: stdout all=warning uptime,level,tags foldmultilines=false
 #1: stderr all=off uptime,level,tags foldmultilines=false

Environment Variables:
JAVA_HOME=C:\Program Files\Android\Android Studio\jbr
CLASSPATH=C:\Users\Ahmed\Downloads\Final-Flutter-App\android\\gradle\wrapper\gradle-wrapper.jar
PATH=C:\Program Files\Android\Android Studio\jbr\bin;C:\Program Files\Common Files\Oracle\Java\javapath;C:\Windows\system32;C:\Windows;C:\Windows\System32\Wbem;C:\Windows\System32\WindowsPowerShell\v1.0\;C:\Program Files\dotnet\;C:\Program Files\Git\cmd;C:\Program Files (x86)\Microsoft SQL Server\160\DTS\Binn\;C:\Program Files (x86)\Microsoft SQL Server\160\Tools\Binn\;C:\Program Files\Microsoft SQL Server\160\Tools\Binn\;C:\Program Files\Microsoft SQL Server\Client SDK\ODBC\170\Tools\Binn\;C:\Program Files\Microsoft SQL Server\160\DTS\Binn\;C:\Program Files\Microsoft SQL Server\150\Tools\Binn\;C:\Windows\System32\OpenSSH\;C:\Program Files\Docker\Docker\resources\bin;C:\Users\Ahmed\AppData\Local\Programs\Python\Python314\Scripts\;C:\Users\Ahmed\AppData\Local\Programs\Python\Python314\;C:\Users\Ahmed\AppData\Local\Microsoft\WindowsApps;C:\Users\Ahmed\.dotnet\tools;C:\Users\Ahmed\AppData\Local\Programs\Microsoft VS Code\bin;C:\flutter\bin;C:\Users\Ahmed\AppData\Local\Android\Sdk\platform-tools;C:\gradle-9.2.1\bin;;C:\flutter\bin\mingit\cmd;C:\flutter\bin\mingit\cmd
USERNAME=Ahmed
OS=Windows_NT
PROCESSOR_IDENTIFIER=Intel64 Family 6 Model 60 Stepping 3, GenuineIntel
TMP=C:\Users\Ahmed\AppData\Local\Temp
TEMP=C:\Users\Ahmed\AppData\Local\Temp




Periodic native trim disabled

JNI global refs:
JNI global refs: 12, weak refs: 8

JNI global refs memory usage: 835, weak refs: 833

Process memory usage:
Resident Set Size: 308716K (7% of 4105108K total physical memory with 313588K free physical memory)

OOME stack traces (most recent first):
Classloader memory used:
Loader jdk.internal.loader.ClassLoaders$AppClassLoader                                 : 77900K
Loader bootstrap                                                                       : 11268K

---------------  S Y S T E M  ---------------

OS:
 Windows 11 , 64 bit Build 22621 (10.0.22621.5415)
OS uptime: 2 days 5:03 hours

CPU: total 4 (initial active 4) (4 cores per cpu, 1 threads per core) family 6 model 60 stepping 3 microcode 0x28, cx8, cmov, fxsr, mmx, sse, sse2, sse3, ssse3, sse4.1, sse4.2, popcnt, lzcnt, tsc, tscinvbit, avx, avx2, aes, erms, clmul, bmi1, bmi2, fma, vzeroupper, clflush, rdtscp, f16c
Processor Information for the first 4 processors :
  Max Mhz: 2901, Current Mhz: 2901, Mhz Limit: 2901

Memory: 4k page, system-wide physical 4008M (302M free)
TotalPageFile size 16296M (AvailPageFile size 9M)
current process WorkingSet (physical memory assigned to process): 302M, peak: 308M
current process commit charge ("private bytes"): 353M, peak: 368M

vm_info: OpenJDK 64-Bit Server VM (21.0.8+-14018985-b1038.68) for windows-amd64 JRE (21.0.8+-14018985-b1038.68), built on 2025-08-29T19:56:34Z by "builder" with MS VC++ 16.10 / 16.11 (VS2019)

END.
