#
# There is insufficient memory for the Java Runtime Environment to continue.
# Native memory allocation (mmap) failed to map 1048576 bytes. Error detail: G1 virtual space
# Possible reasons:
#   The system is out of physical RAM or swap space
#   This process is running with CompressedOops enabled, and the Java Heap may be blocking the growth of the native heap
# Possible solutions:
#   Reduce memory load on the system
#   Increase physical memory or swap space
#   Check if swap backing store is full
#   Decrease Java heap size (-Xmx/-Xms)
#   Decrease number of Java threads
#   Decrease Java thread stack sizes (-Xss)
#   Set larger code cache with -XX:ReservedCodeCacheSize=
#   JVM is running with Unscaled Compressed Oops mode in which the Java heap is
#     placed in the first 4GB address space. The Java Heap base address is the
#     maximum limit for the native heap growth. Please use -XX:HeapBaseMinAddress
#     to set the Java Heap base and to place the Java Heap above 4GB virtual address.
# This output file may be truncated or incomplete.
#
#  Out of Memory Error (os_windows.cpp:3925), pid=4432, tid=2168
#
# JRE version: OpenJDK Runtime Environment (21.0.8) (build 21.0.8+-14018985-b1038.68)
# Java VM: OpenJDK 64-Bit Server VM (21.0.8+-14018985-b1038.68, mixed mode, tiered, compressed oops, compressed class ptrs, g1 gc, windows-amd64)
# No core dump will be written. Minidumps are not enabled by default on client versions of Windows
#

---------------  S U M M A R Y ------------

Command Line: org.jetbrains.kotlin.cli.jvm.K2JVMCompiler @C:\xampp\htdocs\Final-Flutter-App\Ecommerce_UI\build\mobile_scanner\20251202_16161839458239544582.compiler.options

Host: Intel(R) Core(TM) i5-4460S CPU @ 2.90GHz, 4 cores, 3G,  Windows 11 , 64 bit Build 22621 (10.0.22621.5415)
Time: Tue Dec  2 13:30:17 2025 Egypt Standard Time elapsed time: 4.023851 seconds (0d 0h 0m 4s)

---------------  T H R E A D  ---------------

Current thread (0x0000015196424f00):  WorkerThread "GC Thread#0"    [id=2168, stack(0x000000233db00000,0x000000233dc00000) (1024K)]

Stack: [0x000000233db00000,0x000000233dc00000]
Native frames: (J=compiled Java code, j=interpreted, Vv=VM code, C=native code)
V  [jvm.dll+0x6d68d9]
V  [jvm.dll+0x866693]
V  [jvm.dll+0x868c4e]
V  [jvm.dll+0x869333]
V  [jvm.dll+0x280566]
V  [jvm.dll+0x6d3195]
V  [jvm.dll+0x6c69ea]
V  [jvm.dll+0x3586db]
V  [jvm.dll+0x360336]
V  [jvm.dll+0x3b20fb]
V  [jvm.dll+0x3b27b4]
V  [jvm.dll+0x3b287d]
V  [jvm.dll+0x32c5bc]
V  [jvm.dll+0x32c318]
V  [jvm.dll+0x31aed6]
V  [jvm.dll+0x31bd6a]
V  [jvm.dll+0x31c212]
V  [jvm.dll+0x31bbcd]
V  [jvm.dll+0x35a5f1]
V  [jvm.dll+0x35a8e6]
V  [jvm.dll+0x35ba2a]
V  [jvm.dll+0x35b6a4]
V  [jvm.dll+0x36fcd9]
V  [jvm.dll+0x37039a]
V  [jvm.dll+0x370497]
V  [jvm.dll+0x37139b]
V  [jvm.dll+0x894454]
V  [jvm.dll+0x80eac8]
V  [jvm.dll+0x6d512d]
C  [ucrtbase.dll+0x29333]
C  [KERNEL32.DLL+0x1259d]
C  [ntdll.dll+0x5af78]


---------------  P R O C E S S  ---------------

Threads class SMR info:
_java_thread_list=0x00000151b019b4e0, length=11, elements={
0x00000151941539a0, 0x00000151abde4710, 0x00000151abe154c0, 0x00000151abe0a1a0,
0x00000151b001a520, 0x00000151b001bf90, 0x00000151b001c9f0, 0x00000151b001d450,
0x00000151b001e1e0, 0x00000151b001ec80, 0x00000151b01bcc70
}

Java Threads: ( => current thread )
  0x00000151941539a0 JavaThread "main"                              [_thread_blocked, id=4692, stack(0x000000233da00000,0x000000233db00000) (1024K)]
  0x00000151abde4710 JavaThread "Common-Cleaner"             daemon [_thread_blocked, id=5424, stack(0x000000233e200000,0x000000233e300000) (1024K)]
  0x00000151abe154c0 JavaThread "Reference Handler"          daemon [_thread_blocked, id=15984, stack(0x000000233e300000,0x000000233e400000) (1024K)]
  0x00000151abe0a1a0 JavaThread "Finalizer"                  daemon [_thread_blocked, id=14772, stack(0x000000233e400000,0x000000233e500000) (1024K)]
  0x00000151b001a520 JavaThread "Signal Dispatcher"          daemon [_thread_blocked, id=7424, stack(0x000000233e500000,0x000000233e600000) (1024K)]
  0x00000151b001bf90 JavaThread "Attach Listener"            daemon [_thread_blocked, id=14744, stack(0x000000233e600000,0x000000233e700000) (1024K)]
  0x00000151b001c9f0 JavaThread "Service Thread"             daemon [_thread_blocked, id=3508, stack(0x000000233e700000,0x000000233e800000) (1024K)]
  0x00000151b001d450 JavaThread "Monitor Deflation Thread"   daemon [_thread_blocked, id=4404, stack(0x000000233e800000,0x000000233e900000) (1024K)]
  0x00000151b001e1e0 JavaThread "C2 CompilerThread0"         daemon [_thread_blocked, id=6092, stack(0x000000233e900000,0x000000233ea00000) (1024K)]
  0x00000151b001ec80 JavaThread "C1 CompilerThread0"         daemon [_thread_blocked, id=14436, stack(0x000000233ea00000,0x000000233eb00000) (1024K)]
  0x00000151b01bcc70 JavaThread "Notification Thread"        daemon [_thread_blocked, id=14624, stack(0x000000233eb00000,0x000000233ec00000) (1024K)]
Total: 11

Other Threads:
  0x00000151abdc8940 VMThread "VM Thread"                           [id=13380, stack(0x000000233e100000,0x000000233e200000) (1024K)]
  0x00000151abd3ad00 WatcherThread "VM Periodic Task Thread"        [id=17252, stack(0x000000233e000000,0x000000233e100000) (1024K)]
=>0x0000015196424f00 WorkerThread "GC Thread#0"                     [id=2168, stack(0x000000233db00000,0x000000233dc00000) (1024K)]
  0x00000151b06f0d70 WorkerThread "GC Thread#1"                     [id=696, stack(0x000000233ec00000,0x000000233ed00000) (1024K)]
  0x00000151b07299d0 WorkerThread "GC Thread#2"                     [id=15264, stack(0x000000233ed00000,0x000000233ee00000) (1024K)]
  0x00000151b0729d70 WorkerThread "GC Thread#3"                     [id=16684, stack(0x000000233ee00000,0x000000233ef00000) (1024K)]
  0x000001519642dc60 ConcurrentGCThread "G1 Main Marker"            [id=15584, stack(0x000000233dc00000,0x000000233dd00000) (1024K)]
  0x000001519642f770 WorkerThread "G1 Conc#0"                       [id=12244, stack(0x000000233dd00000,0x000000233de00000) (1024K)]
  0x0000015196486e90 ConcurrentGCThread "G1 Refine#0"               [id=7164, stack(0x000000233de00000,0x000000233df00000) (1024K)]
  0x0000015196487a00 ConcurrentGCThread "G1 Service"                [id=14512, stack(0x000000233df00000,0x000000233e000000) (1024K)]
Total: 10

Threads with active compile tasks:
C2 CompilerThread0  4073 1352       4       org.jetbrains.kotlin.cli.jvm.compiler.jarfs.FastJarHandler::createFile (81 bytes)
Total: 1

VM state: at safepoint (normal execution)

VM Mutex/Monitor currently owned by a thread:  ([mutex/lock_event])
[0x00007ffe44fd5f38] FreeList_lock - owner thread: 0x0000015196424f00
[0x00007ffe44fd85b8] Threads_lock - owner thread: 0x00000151abdc8940
[0x00007ffe44fd86b8] Heap_lock - owner thread: 0x00000151941539a0

Heap address: 0x00000000c1400000, size: 1004 MB, Compressed Oops mode: 32-bit

CDS archive(s) not mapped
Compressed class space mapped at: 0x0000000100000000-0x0000000140000000, reserved size: 1073741824
Narrow klass base: 0x0000000000000000, Narrow klass shift: 3, Narrow klass range: 0x140000000

GC Precious Log:
 CardTable entry size: 512
 Card Set container configuration: InlinePtr #cards 5 size 8 Array Of Cards #cards 12 size 40 Howl #buckets 4 coarsen threshold 1843 Howl Bitmap #cards 512 size 80 coarsen threshold 460 Card regions per heap region 1 cards per card region 2048
 CPUs: 4 total, 4 available
 Memory: 4008M
 Large Page Support: Disabled
 NUMA Support: Disabled
 Compressed Oops: Enabled (32-bit)
 Heap Region Size: 1M
 Heap Min Capacity: 8M
 Heap Initial Capacity: 64M
 Heap Max Capacity: 1004M
 Pre-touch: Disabled
 Parallel Workers: 4
 Concurrent Workers: 1
 Concurrent Refinement Workers: 4
 Periodic GC: Disabled

Heap:
 garbage-first heap   total 35840K, used 29955K [0x00000000c1400000, 0x0000000100000000)
  region size 1024K, 26 young (26624K), 5 survivors (5120K)
 Metaspace       used 24693K, committed 24896K, reserved 1114112K
  class space    used 2674K, committed 2752K, reserved 1048576K

Heap Regions: E=young(eden), S=young(survivor), O=old, HS=humongous(starts), HC=humongous(continues), CS=collection set, F=free, TAMS=top-at-mark-start, PB=parsable bottom
|   0|0x00000000c1400000, 0x00000000c1500000, 0x00000000c1500000|100%|HS|  |TAMS 0x00000000c1400000| PB 0x00000000c1400000| Complete 
|   1|0x00000000c1500000, 0x00000000c1600000, 0x00000000c1600000|100%|HC|  |TAMS 0x00000000c1500000| PB 0x00000000c1500000| Complete 
|   2|0x00000000c1600000, 0x00000000c1700000, 0x00000000c1700000|100%|HC|  |TAMS 0x00000000c1600000| PB 0x00000000c1600000| Complete 
|   3|0x00000000c1700000, 0x00000000c1800000, 0x00000000c1800000|100%|HC|  |TAMS 0x00000000c1700000| PB 0x00000000c1700000| Complete 
|   4|0x00000000c1800000, 0x00000000c1900000, 0x00000000c1900000|100%| O|  |TAMS 0x00000000c1800000| PB 0x00000000c1800000| Untracked 
|   5|0x00000000c1900000, 0x00000000c1a00000, 0x00000000c1a00000|100%| O|  |TAMS 0x00000000c1900000| PB 0x00000000c1900000| Untracked 
|   6|0x00000000c1a00000, 0x00000000c1a40cc0, 0x00000000c1b00000| 25%| O|Cm|TAMS 0x00000000c1a00000| PB 0x00000000c1a00000| Complete 
|   7|0x00000000c1b00000, 0x00000000c1c00000, 0x00000000c1c00000|100%| E|CS|TAMS 0x00000000c1b00000| PB 0x00000000c1b00000| Complete 
|   8|0x00000000c1c00000, 0x00000000c1d00000, 0x00000000c1d00000|100%| E|CS|TAMS 0x00000000c1c00000| PB 0x00000000c1c00000| Complete 
|   9|0x00000000c1d00000, 0x00000000c1e00000, 0x00000000c1e00000|100%| E|CS|TAMS 0x00000000c1d00000| PB 0x00000000c1d00000| Complete 
|  10|0x00000000c1e00000, 0x00000000c1f00000, 0x00000000c1f00000|100%| E|CS|TAMS 0x00000000c1e00000| PB 0x00000000c1e00000| Complete 
|  11|0x00000000c1f00000, 0x00000000c2000000, 0x00000000c2000000|100%| E|CS|TAMS 0x00000000c1f00000| PB 0x00000000c1f00000| Complete 
|  12|0x00000000c2000000, 0x00000000c2100000, 0x00000000c2100000|100%| E|CS|TAMS 0x00000000c2000000| PB 0x00000000c2000000| Complete 
|  13|0x00000000c2100000, 0x00000000c2200000, 0x00000000c2200000|100%| E|CS|TAMS 0x00000000c2100000| PB 0x00000000c2100000| Complete 
|  14|0x00000000c2200000, 0x00000000c2300000, 0x00000000c2300000|100%| E|CS|TAMS 0x00000000c2200000| PB 0x00000000c2200000| Complete 
|  15|0x00000000c2300000, 0x00000000c2400000, 0x00000000c2400000|100%| E|CS|TAMS 0x00000000c2300000| PB 0x00000000c2300000| Complete 
|  16|0x00000000c2400000, 0x00000000c2500000, 0x00000000c2500000|100%| E|CS|TAMS 0x00000000c2400000| PB 0x00000000c2400000| Complete 
|  17|0x00000000c2500000, 0x00000000c2600000, 0x00000000c2600000|100%| E|CS|TAMS 0x00000000c2500000| PB 0x00000000c2500000| Complete 
|  18|0x00000000c2600000, 0x00000000c2700000, 0x00000000c2700000|100%| E|CS|TAMS 0x00000000c2600000| PB 0x00000000c2600000| Complete 
|  19|0x00000000c2700000, 0x00000000c2800000, 0x00000000c2800000|100%| E|CS|TAMS 0x00000000c2700000| PB 0x00000000c2700000| Complete 
|  20|0x00000000c2800000, 0x00000000c2900000, 0x00000000c2900000|100%| E|CS|TAMS 0x00000000c2800000| PB 0x00000000c2800000| Complete 
|  21|0x00000000c2900000, 0x00000000c2a00000, 0x00000000c2a00000|100%| E|CS|TAMS 0x00000000c2900000| PB 0x00000000c2900000| Complete 
|  22|0x00000000c2a00000, 0x00000000c2b00000, 0x00000000c2b00000|100%| E|CS|TAMS 0x00000000c2a00000| PB 0x00000000c2a00000| Complete 
|  23|0x00000000c2b00000, 0x00000000c2c00000, 0x00000000c2c00000|100%| E|CS|TAMS 0x00000000c2b00000| PB 0x00000000c2b00000| Complete 
|  24|0x00000000c2c00000, 0x00000000c2d00000, 0x00000000c2d00000|100%| E|CS|TAMS 0x00000000c2c00000| PB 0x00000000c2c00000| Complete 
|  25|0x00000000c2d00000, 0x00000000c2e00000, 0x00000000c2e00000|100%| E|CS|TAMS 0x00000000c2d00000| PB 0x00000000c2d00000| Complete 
|  26|0x00000000c2e00000, 0x00000000c2f00000, 0x00000000c2f00000|100%| E|CS|TAMS 0x00000000c2e00000| PB 0x00000000c2e00000| Complete 
|  27|0x00000000c2f00000, 0x00000000c3000000, 0x00000000c3000000|100%| S|  |TAMS 0x00000000c2f00000| PB 0x00000000c2f00000| Complete 
|  28|0x00000000c3000000, 0x00000000c3100000, 0x00000000c3100000|100%| S|  |TAMS 0x00000000c3000000| PB 0x00000000c3000000| Complete 
|  29|0x00000000c3100000, 0x00000000c3200000, 0x00000000c3200000|100%| S|  |TAMS 0x00000000c3100000| PB 0x00000000c3100000| Complete 
|  30|0x00000000c3200000, 0x00000000c3300000, 0x00000000c3300000|100%| S|  |TAMS 0x00000000c3200000| PB 0x00000000c3200000| Complete 
|  31|0x00000000c3300000, 0x00000000c3400000, 0x00000000c3400000|100%| S|  |TAMS 0x00000000c3300000| PB 0x00000000c3300000| Complete 
|  50|0x00000000c4600000, 0x00000000c4700000, 0x00000000c4700000|100%| E|CS|TAMS 0x00000000c4600000| PB 0x00000000c4600000| Complete 
|  51|0x00000000c4700000, 0x00000000c4800000, 0x00000000c4800000|100%| E|CS|TAMS 0x00000000c4700000| PB 0x00000000c4700000| Complete 
|  63|0x00000000c5300000, 0x00000000c5400000, 0x00000000c5400000|100%| E|CS|TAMS 0x00000000c5300000| PB 0x00000000c5300000| Complete 

Card table byte_map: [0x00000151a8740000,0x00000151a8940000] _byte_map_base: 0x00000151a8136000

Marking Bits: (CMBitMap*) 0x0000015196425600
 Bits: [0x00000151a8940000, 0x00000151a98f0000)

Polling page: 0x0000015195bb0000

Metaspace:

Usage:
  Non-class:     21.50 MB used.
      Class:      2.61 MB used.
       Both:     24.11 MB used.

Virtual space:
  Non-class space:       64.00 MB reserved,      21.62 MB ( 34%) committed,  1 nodes.
      Class space:        1.00 GB reserved,       2.69 MB ( <1%) committed,  1 nodes.
             Both:        1.06 GB reserved,      24.31 MB (  2%) committed. 

Chunk freelists:
   Non-Class:  10.20 MB
       Class:  13.19 MB
        Both:  23.39 MB

MaxMetaspaceSize: unlimited
CompressedClassSpaceSize: 1.00 GB
Initial GC threshold: 21.00 MB
Current GC threshold: 35.12 MB
CDS: off
 - commit_granule_bytes: 65536.
 - commit_granule_words: 8192.
 - virtual_space_node_default_size: 8388608.
 - enlarge_chunks_in_place: 1.
 - use_allocation_guard: 0.


Internal statistics:

num_allocs_failed_limit: 3.
num_arena_births: 166.
num_arena_deaths: 0.
num_vsnodes_births: 2.
num_vsnodes_deaths: 0.
num_space_committed: 389.
num_space_uncommitted: 0.
num_chunks_returned_to_freelist: 3.
num_chunks_taken_from_freelist: 747.
num_chunk_merges: 3.
num_chunk_splits: 590.
num_chunks_enlarged: 522.
num_inconsistent_stats: 0.

CodeHeap 'non-profiled nmethods': size=120000Kb used=558Kb max_used=558Kb free=119441Kb
 bounds [0x00000151a1010000, 0x00000151a1280000, 0x00000151a8540000]
CodeHeap 'profiled nmethods': size=120000Kb used=2280Kb max_used=2280Kb free=117719Kb
 bounds [0x0000015199540000, 0x00000151997b0000, 0x00000151a0a70000]
CodeHeap 'non-nmethods': size=5760Kb used=1399Kb max_used=1427Kb free=4360Kb
 bounds [0x00000151a0a70000, 0x00000151a0ce0000, 0x00000151a1010000]
CodeCache: size=245760Kb, used=4237Kb, max_used=4265Kb, free=241520Kb
 total_blobs=1864, nmethods=1351, adapters=418, full_count=0
Compilation: enabled, stopped_count=0, restarted_count=0

Compilation events (20 events):
Event: 3.938 Thread 0x00000151b001e1e0 nmethod 1340 0x00000151a1097110 code [0x00000151a10972a0, 0x00000151a10973f0]
Event: 3.938 Thread 0x00000151b001e1e0 1337       4       java.lang.invoke.LambdaForm$DMH/0x00000001002cb800::newInvokeSpecial (28 bytes)
Event: 3.939 Thread 0x00000151b001e1e0 nmethod 1337 0x00000151a1097610 code [0x00000151a10977c0, 0x00000151a1097a18]
Event: 3.939 Thread 0x00000151b001e1e0 1338       4       org.jetbrains.kotlin.cli.jvm.compiler.jarfs.ZipImplementationKt$$Lambda/0x00000001002c5d90::<init> (20 bytes)
Event: 3.941 Thread 0x00000151b001e1e0 nmethod 1338 0x00000151a1097c10 code [0x00000151a1097da0, 0x00000151a1098008]
Event: 3.941 Thread 0x00000151b001e1e0 1348       4       jdk.internal.misc.Unsafe::checkNativeAddress (28 bytes)
Event: 3.941 Thread 0x00000151b001e1e0 nmethod 1348 0x00000151a1098090 code [0x00000151a1098220, 0x00000151a10982a8]
Event: 3.941 Thread 0x00000151b001e1e0 1349       4       jdk.internal.misc.Unsafe::checkOffset (32 bytes)
Event: 3.941 Thread 0x00000151b001e1e0 nmethod 1349 0x00000151a1098390 code [0x00000151a1098520, 0x00000151a10985d8]
Event: 3.941 Thread 0x00000151b001e1e0 1350       4       java.nio.MappedByteBuffer::position (6 bytes)
Event: 3.942 Thread 0x00000151b001e1e0 nmethod 1350 0x00000151a1098690 code [0x00000151a1098820, 0x00000151a1098930]
Event: 3.942 Thread 0x00000151b001e1e0 1347       4       org.jetbrains.kotlin.cli.jvm.compiler.jarfs.ZipEntryDescription::<init> (52 bytes)
Event: 3.944 Thread 0x00000151b001e1e0 nmethod 1347 0x00000151a1098a90 code [0x00000151a1098c20, 0x00000151a1098f08]
Event: 3.944 Thread 0x00000151b001e1e0 1339       4       org.jetbrains.kotlin.com.intellij.openapi.util.text.StringUtil::equals (7 bytes)
Event: 3.947 Thread 0x00000151b001e1e0 nmethod 1339 0x00000151a1099010 code [0x00000151a10991e0, 0x00000151a1099510]
Event: 3.947 Thread 0x00000151b001e1e0 1336 % !   4       java.util.concurrent.ConcurrentHashMap::transfer @ 96 (849 bytes)
Event: 3.969 Thread 0x00000151b001e1e0 nmethod 1336% 0x00000151a1099890 code [0x00000151a1099aa0, 0x00000151a109ae48]
Event: 3.999 Thread 0x00000151b001e1e0 1351       4       org.jetbrains.kotlin.cli.jvm.compiler.jarfs.ZipEntryDescription::isDirectory (15 bytes)
Event: 4.000 Thread 0x00000151b001e1e0 nmethod 1351 0x00000151a109b590 code [0x00000151a109b720, 0x00000151a109b7b8]
Event: 4.000 Thread 0x00000151b001e1e0 1352       4       org.jetbrains.kotlin.cli.jvm.compiler.jarfs.FastJarHandler::createFile (81 bytes)

GC Heap History (7 events):
Event: 0.858 GC heap before
{Heap before GC invocations=0 (full 0):
 garbage-first heap   total 65536K, used 17408K [0x00000000c1400000, 0x0000000100000000)
  region size 1024K, 13 young (13312K), 0 survivors (0K)
 Metaspace       used 11280K, committed 11456K, reserved 1114112K
  class space    used 970K, committed 1088K, reserved 1048576K
}
Event: 0.886 GC heap after
{Heap after GC invocations=1 (full 0):
 garbage-first heap   total 65536K, used 6496K [0x00000000c1400000, 0x0000000100000000)
  region size 1024K, 2 young (2048K), 2 survivors (2048K)
 Metaspace       used 11280K, committed 11456K, reserved 1114112K
  class space    used 970K, committed 1088K, reserved 1048576K
}
Event: 1.826 GC heap before
{Heap before GC invocations=1 (full 0):
 garbage-first heap   total 65536K, used 25952K [0x00000000c1400000, 0x0000000100000000)
  region size 1024K, 22 young (22528K), 2 survivors (2048K)
 Metaspace       used 17095K, committed 17216K, reserved 1114112K
  class space    used 1718K, committed 1792K, reserved 1048576K
}
Event: 1.831 GC heap after
{Heap after GC invocations=2 (full 0):
 garbage-first heap   total 65536K, used 7889K [0x00000000c1400000, 0x0000000100000000)
  region size 1024K, 2 young (2048K), 2 survivors (2048K)
 Metaspace       used 17095K, committed 17216K, reserved 1114112K
  class space    used 1718K, committed 1792K, reserved 1048576K
}
Event: 2.932 GC heap before
{Heap before GC invocations=2 (full 0):
 garbage-first heap   total 65536K, used 19153K [0x00000000c1400000, 0x0000000100000000)
  region size 1024K, 14 young (14336K), 2 survivors (2048K)
 Metaspace       used 21388K, committed 21504K, reserved 1114112K
  class space    used 2247K, committed 2304K, reserved 1048576K
}
Event: 2.936 GC heap after
{Heap after GC invocations=3 (full 0):
 garbage-first heap   total 65536K, used 8451K [0x00000000c1400000, 0x0000000100000000)
  region size 1024K, 2 young (2048K), 2 survivors (2048K)
 Metaspace       used 21388K, committed 21504K, reserved 1114112K
  class space    used 2247K, committed 2304K, reserved 1048576K
}
Event: 4.009 GC heap before
{Heap before GC invocations=4 (full 0):
 garbage-first heap   total 30720K, used 29955K [0x00000000c1400000, 0x0000000100000000)
  region size 1024K, 23 young (23552K), 2 survivors (2048K)
 Metaspace       used 24693K, committed 24896K, reserved 1114112K
  class space    used 2674K, committed 2752K, reserved 1048576K
}

Dll operation events (2 events):
Event: 0.008 Loaded shared library C:\Program Files\Android\Android Studio\jbr\bin\java.dll
Event: 0.020 Loaded shared library C:\Program Files\Android\Android Studio\jbr\bin\zip.dll

Deoptimization events (20 events):
Event: 3.730 Thread 0x00000151941539a0 DEOPT PACKING pc=0x00000151997424c9 sp=0x000000233dafe040
Event: 3.730 Thread 0x00000151941539a0 DEOPT UNPACKING pc=0x00000151a0ac4e42 sp=0x000000233dafd5b8 mode 0
Event: 3.734 Thread 0x00000151941539a0 DEOPT PACKING pc=0x00000151997424c9 sp=0x000000233dafe040
Event: 3.734 Thread 0x00000151941539a0 DEOPT UNPACKING pc=0x00000151a0ac4e42 sp=0x000000233dafd5b8 mode 0
Event: 3.735 Thread 0x00000151941539a0 DEOPT PACKING pc=0x00000151997424c9 sp=0x000000233dafe040
Event: 3.735 Thread 0x00000151941539a0 DEOPT UNPACKING pc=0x00000151a0ac4e42 sp=0x000000233dafd5b8 mode 0
Event: 3.735 Thread 0x00000151941539a0 DEOPT PACKING pc=0x00000151997424c9 sp=0x000000233dafe040
Event: 3.735 Thread 0x00000151941539a0 DEOPT UNPACKING pc=0x00000151a0ac4e42 sp=0x000000233dafd5b8 mode 0
Event: 3.755 Thread 0x00000151941539a0 Uncommon trap: trap_request=0xffffff45 fr.pc=0x00000151a1083e60 relative=0x0000000000000ae0
Event: 3.755 Thread 0x00000151941539a0 Uncommon trap: reason=unstable_if action=reinterpret pc=0x00000151a1083e60 method=org.jetbrains.kotlin.cli.jvm.compiler.jarfs.ZipImplementationKt.parseCentralDirectory$lambda$6(Lkotlin/jvm/internal/Ref$LongRef;Ljava/util/List;JLorg/jetbrains/kotlin/cli/jv
Event: 3.755 Thread 0x00000151941539a0 DEOPT PACKING pc=0x00000151a1083e60 sp=0x000000233dafe190
Event: 3.755 Thread 0x00000151941539a0 DEOPT UNPACKING pc=0x00000151a0ac46a2 sp=0x000000233dafe0c0 mode 2
Event: 3.756 Thread 0x00000151941539a0 Uncommon trap: trap_request=0xffffff45 fr.pc=0x00000151a10814a8 relative=0x00000000000008e8
Event: 3.756 Thread 0x00000151941539a0 Uncommon trap: reason=unstable_if action=reinterpret pc=0x00000151a10814a8 method=org.jetbrains.kotlin.cli.jvm.compiler.jarfs.ZipImplementationKt.parseCentralDirectory$lambda$6(Lkotlin/jvm/internal/Ref$LongRef;Ljava/util/List;JLorg/jetbrains/kotlin/cli/jv
Event: 3.756 Thread 0x00000151941539a0 DEOPT PACKING pc=0x00000151a10814a8 sp=0x000000233dafe1b0
Event: 3.756 Thread 0x00000151941539a0 DEOPT UNPACKING pc=0x00000151a0ac46a2 sp=0x000000233dafe0c0 mode 2
Event: 3.854 Thread 0x00000151941539a0 Uncommon trap: trap_request=0xffffff45 fr.pc=0x00000151a108cc44 relative=0x0000000000000bc4
Event: 3.854 Thread 0x00000151941539a0 Uncommon trap: reason=unstable_if action=reinterpret pc=0x00000151a108cc44 method=java.nio.ByteBuffer.getArray(I[BII)Ljava/nio/ByteBuffer; @ 9 c2
Event: 3.854 Thread 0x00000151941539a0 DEOPT PACKING pc=0x00000151a108cc44 sp=0x000000233dafe340
Event: 3.854 Thread 0x00000151941539a0 DEOPT UNPACKING pc=0x00000151a0ac46a2 sp=0x000000233dafe0b0 mode 2

Classes loaded (20 events):
Event: 3.554 Loading class java/lang/invoke/MethodHandleImpl$CasesHolder
Event: 3.554 Loading class java/lang/invoke/MethodHandleImpl$CasesHolder done
Event: 3.554 Loading class java/lang/invoke/MethodHandleImpl$LoopClauses
Event: 3.554 Loading class java/lang/invoke/MethodHandleImpl$LoopClauses done
Event: 3.555 Loading class java/lang/invoke/MethodHandleImpl$ArrayAccess
Event: 3.555 Loading class java/lang/invoke/MethodHandleImpl$ArrayAccess done
Event: 3.557 Loading class java/lang/invoke/MethodHandleImpl$ArrayAccessor
Event: 3.557 Loading class java/lang/invoke/MethodHandleImpl$ArrayAccessor done
Event: 3.557 Loading class java/lang/invoke/MethodHandleImpl$ArrayAccessor$1
Event: 3.557 Loading class java/lang/invoke/MethodHandleImpl$ArrayAccessor$1 done
Event: 3.558 Loading class java/lang/ClassValue$ClassValueMap
Event: 3.558 Loading class java/lang/ClassValue$ClassValueMap done
Event: 3.574 Loading class java/io/RandomAccessFile$1
Event: 3.575 Loading class java/io/RandomAccessFile$1 done
Event: 3.580 Loading class java/util/concurrent/ExecutorService
Event: 3.580 Loading class java/util/concurrent/ExecutorService done
Event: 3.580 Loading class java/util/concurrent/TimeoutException
Event: 3.580 Loading class java/util/concurrent/TimeoutException done
Event: 3.580 Loading class java/util/concurrent/BlockingQueue
Event: 3.581 Loading class java/util/concurrent/BlockingQueue done

Classes unloaded (0 events):
No events

Classes redefined (0 events):
No events

Internal exceptions (20 events):
Event: 2.198 Thread 0x00000151941539a0 Exception <a 'java/lang/NoSuchMethodError'{0x00000000c50ed258}: 'void java.lang.invoke.DelegatingMethodHandle$Holder.reinvoke_L(java.lang.Object, java.lang.Object, java.lang.Object, long, java.lang.Object)'> (0x00000000c50ed258) 
thrown [s\src\hotspot\share\interpreter\linkResolver.cpp, line 784]
Event: 2.200 Thread 0x00000151941539a0 Exception <a 'java/lang/NoSuchMethodError'{0x00000000c50f4b38}: 'java.lang.Object java.lang.invoke.DirectMethodHandle$Holder.invokeSpecial(java.lang.Object, java.lang.Object, java.lang.Object, java.lang.Object, long)'> (0x00000000c50f4b38) 
thrown [s\src\hotspot\share\interpreter\linkResolver.cpp, line 784]
Event: 2.209 Thread 0x00000151941539a0 Exception <a 'java/lang/NoSuchMethodError'{0x00000000c4f03a30}: 'int java.lang.invoke.DelegatingMethodHandle$Holder.reinvoke_L(java.lang.Object, java.lang.Object, java.lang.Object, long, java.lang.Object, java.lang.Object)'> (0x00000000c4f03a30) 
thrown [s\src\hotspot\share\interpreter\linkResolver.cpp, line 784]
Event: 2.235 Thread 0x00000151941539a0 Exception <a 'java/lang/NoSuchMethodError'{0x00000000c4f11e50}: 'int java.lang.invoke.DelegatingMethodHandle$Holder.reinvoke_L(java.lang.Object, java.lang.Object, java.lang.Object, long, int, int)'> (0x00000000c4f11e50) 
thrown [s\src\hotspot\share\interpreter\linkResolver.cpp, line 784]
Event: 2.243 Thread 0x00000151941539a0 Exception <a 'java/lang/NoSuchMethodError'{0x00000000c4f20168}: 'int java.lang.invoke.DelegatingMethodHandle$Holder.reinvoke_L(java.lang.Object, java.lang.Object, java.lang.Object, long, long, long)'> (0x00000000c4f20168) 
thrown [s\src\hotspot\share\interpreter\linkResolver.cpp, line 784]
Event: 2.254 Thread 0x00000151941539a0 Exception <a 'java/lang/NoSuchMethodError'{0x00000000c4f2dfc0}: 'int java.lang.invoke.DelegatingMethodHandle$Holder.reinvoke_L(java.lang.Object, java.lang.Object, java.lang.Object, long, int)'> (0x00000000c4f2dfc0) 
thrown [s\src\hotspot\share\interpreter\linkResolver.cpp, line 784]
Event: 2.256 Thread 0x00000151941539a0 Exception <a 'java/lang/NoSuchMethodError'{0x00000000c4f394c0}: 'int java.lang.invoke.DirectMethodHandle$Holder.invokeSpecial(java.lang.Object, java.lang.Object, java.lang.Object, java.lang.Object)'> (0x00000000c4f394c0) 
thrown [s\src\hotspot\share\interpreter\linkResolver.cpp, line 784]
Event: 2.257 Thread 0x00000151941539a0 Exception <a 'java/lang/NoSuchMethodError'{0x00000000c4f48080}: 'void java.lang.invoke.DelegatingMethodHandle$Holder.reinvoke_L(java.lang.Object, java.lang.Object, java.lang.Object, long, java.lang.Object, long, long)'> (0x00000000c4f48080) 
thrown [s\src\hotspot\share\interpreter\linkResolver.cpp, line 784]
Event: 2.258 Thread 0x00000151941539a0 Exception <a 'java/lang/NoSuchMethodError'{0x00000000c4f4ee80}: 'long java.lang.invoke.Invokers$Holder.invokeExact_MT(java.lang.Object, java.lang.Object, java.lang.Object)'> (0x00000000c4f4ee80) 
thrown [s\src\hotspot\share\interpreter\linkResolver.cpp, line 784]
Event: 2.259 Thread 0x00000151941539a0 Exception <a 'java/lang/NoSuchMethodError'{0x00000000c4f52db8}: 'int java.lang.invoke.Invokers$Holder.invokeExact_MT(java.lang.Object, java.lang.Object, java.lang.Object)'> (0x00000000c4f52db8) 
thrown [s\src\hotspot\share\interpreter\linkResolver.cpp, line 784]
Event: 2.411 Thread 0x00000151941539a0 Exception <a 'java/lang/NoSuchMethodError'{0x00000000c4d171a0}: 'int java.lang.invoke.DirectMethodHandle$Holder.invokeStatic(java.lang.Object)'> (0x00000000c4d171a0) 
thrown [s\src\hotspot\share\interpreter\linkResolver.cpp, line 784]
Event: 2.415 Thread 0x00000151941539a0 Exception <a 'java/lang/NoSuchMethodError'{0x00000000c4d1a5e8}: 'int java.lang.invoke.DirectMethodHandle$Holder.invokeStaticInit(java.lang.Object)'> (0x00000000c4d1a5e8) 
thrown [s\src\hotspot\share\interpreter\linkResolver.cpp, line 784]
Event: 2.430 Thread 0x00000151941539a0 Exception <a 'java/lang/NoSuchMethodError'{0x00000000c4d482c8}: 'java.lang.Object java.lang.invoke.DirectMethodHandle$Holder.newInvokeSpecial(java.lang.Object, java.lang.Object, int)'> (0x00000000c4d482c8) 
thrown [s\src\hotspot\share\interpreter\linkResolver.cpp, line 784]
Event: 2.909 Thread 0x00000151941539a0 Exception <a 'java/lang/NoSuchMethodError'{0x00000000c48580d0}: 'void java.lang.invoke.DirectMethodHandle$Holder.invokeStatic(java.lang.Object, java.lang.Object, java.lang.Object, java.lang.Object)'> (0x00000000c48580d0) 
thrown [s\src\hotspot\share\interpreter\linkResolver.cpp, line 784]
Event: 3.390 Thread 0x00000151941539a0 Exception <a 'java/lang/NoSuchMethodError'{0x00000000c28918f0}: 'void java.lang.invoke.Invokers$Holder.invokeExact_MT(java.lang.Object, int, java.lang.Object)'> (0x00000000c28918f0) 
thrown [s\src\hotspot\share\interpreter\linkResolver.cpp, line 784]
Event: 3.509 Thread 0x00000151941539a0 Exception <a 'java/lang/NoSuchMethodError'{0x00000000c265b2d0}: 'java.lang.Object java.lang.invoke.DirectMethodHandle$Holder.invokeStatic(java.lang.Object, java.lang.Object, long, long)'> (0x00000000c265b2d0) 
thrown [s\src\hotspot\share\interpreter\linkResolver.cpp, line 784]
Event: 3.541 Thread 0x00000151941539a0 Exception <a 'java/lang/NoSuchMethodError'{0x00000000c2684e68}: 'long java.lang.invoke.DirectMethodHandle$Holder.invokeStatic(java.lang.Object, java.lang.Object, int)'> (0x00000000c2684e68) 
thrown [s\src\hotspot\share\interpreter\linkResolver.cpp, line 784]
Event: 3.543 Thread 0x00000151941539a0 Exception <a 'java/lang/NoSuchMethodError'{0x00000000c2690098}: 'java.lang.Object java.lang.invoke.DelegatingMethodHandle$Holder.reinvoke_L(java.lang.Object, int, long, java.lang.Object, java.lang.Object, int, java.lang.Object)'> (0x00000000c2690098) 
thrown [s\src\hotspot\share\interpreter\linkResolver.cpp, line 784]
Event: 3.568 Thread 0x00000151941539a0 Exception <a 'java/lang/NoSuchMethodError'{0x00000000c26d15d0}: 'java.lang.Object java.lang.invoke.DirectMethodHandle$Holder.newInvokeSpecial(java.lang.Object, java.lang.Object, java.lang.Object, long)'> (0x00000000c26d15d0) 
thrown [s\src\hotspot\share\interpreter\linkResolver.cpp, line 784]
Event: 3.568 Thread 0x00000151941539a0 Exception <a 'java/lang/NoSuchMethodError'{0x00000000c26d5180}: 'java.lang.Object java.lang.invoke.Invokers$Holder.linkToTargetMethod(java.lang.Object, java.lang.Object, long, java.lang.Object)'> (0x00000000c26d5180) 
thrown [s\src\hotspot\share\interpreter\linkResolver.cpp, line 784]

ZGC Phase Switch (0 events):
No events

VM Operations (19 events):
Event: 0.230 Executing VM operation: HandshakeAllThreads (Deoptimize)
Event: 0.230 Executing VM operation: HandshakeAllThreads (Deoptimize) done
Event: 0.825 Executing VM operation: HandshakeAllThreads (Deoptimize)
Event: 0.825 Executing VM operation: HandshakeAllThreads (Deoptimize) done
Event: 0.857 Executing VM operation: G1CollectForAllocation (G1 Evacuation Pause)
Event: 0.886 Executing VM operation: G1CollectForAllocation (G1 Evacuation Pause) done
Event: 1.826 Executing VM operation: G1CollectForAllocation (G1 Evacuation Pause)
Event: 1.832 Executing VM operation: G1CollectForAllocation (G1 Evacuation Pause) done
Event: 2.845 Executing VM operation: Cleanup
Event: 2.893 Executing VM operation: Cleanup done
Event: 2.932 Executing VM operation: CollectForMetadataAllocation (Metadata GC Threshold)
Event: 2.936 Executing VM operation: CollectForMetadataAllocation (Metadata GC Threshold) done
Event: 2.941 Executing VM operation: G1PauseRemark
Event: 2.942 Executing VM operation: G1PauseRemark done
Event: 2.943 Executing VM operation: G1PauseCleanup
Event: 2.944 Executing VM operation: G1PauseCleanup done
Event: 3.558 Executing VM operation: HandshakeAllThreads (Deoptimize)
Event: 3.558 Executing VM operation: HandshakeAllThreads (Deoptimize) done
Event: 4.009 Executing VM operation: G1CollectForAllocation (G1 Evacuation Pause)

Memory protections (0 events):
No events

Nmethod flushes (0 events):
No events

Events (15 events):
Event: 0.012 Thread 0x00000151941539a0 Thread added: 0x00000151941539a0
Event: 0.070 Thread 0x00000151941539a0 Thread added: 0x00000151abde4710
Event: 0.075 Thread 0x00000151941539a0 Thread added: 0x00000151abe154c0
Event: 0.075 Thread 0x00000151941539a0 Thread added: 0x00000151abe0a1a0
Event: 0.076 Thread 0x00000151941539a0 Thread added: 0x00000151b001a520
Event: 0.076 Thread 0x00000151941539a0 Thread added: 0x00000151b001bf90
Event: 0.076 Thread 0x00000151941539a0 Thread added: 0x00000151b001c9f0
Event: 0.076 Thread 0x00000151941539a0 Thread added: 0x00000151b001d450
Event: 0.076 Thread 0x00000151941539a0 Thread added: 0x00000151b001e1e0
Event: 0.078 Thread 0x00000151941539a0 Thread added: 0x00000151b001ec80
Event: 0.174 Thread 0x00000151941539a0 Thread added: 0x00000151b01bcc70
Event: 0.191 Loaded shared library C:\Program Files\Android\Android Studio\jbr\bin\net.dll
Event: 0.192 Loaded shared library C:\Program Files\Android\Android Studio\jbr\bin\nio.dll
Event: 0.227 Loaded shared library C:\Program Files\Android\Android Studio\jbr\bin\zip.dll
Event: 0.299 Loaded shared library C:\Program Files\Android\Android Studio\jbr\bin\jimage.dll


Dynamic libraries:
0x00007ff674050000 - 0x00007ff67405a000 	C:\Program Files\Android\Android Studio\jbr\bin\java.exe
0x00007ffe997f0000 - 0x00007ffe99a08000 	C:\Windows\SYSTEM32\ntdll.dll
0x00007ffe97ff0000 - 0x00007ffe980b4000 	C:\Windows\System32\KERNEL32.DLL
0x00007ffe969b0000 - 0x00007ffe96d83000 	C:\Windows\System32\KERNELBASE.dll
0x00007ffe97010000 - 0x00007ffe97121000 	C:\Windows\System32\ucrtbase.dll
0x00007ffe6acb0000 - 0x00007ffe6acc8000 	C:\Program Files\Android\Android Studio\jbr\bin\jli.dll
0x00007ffe977e0000 - 0x00007ffe97992000 	C:\Windows\System32\USER32.dll
0x00007ffe96900000 - 0x00007ffe96926000 	C:\Windows\System32\win32u.dll
0x00007ffe98a10000 - 0x00007ffe98a39000 	C:\Windows\System32\GDI32.dll
0x00007ffe96e50000 - 0x00007ffe96f6b000 	C:\Windows\System32\gdi32full.dll
0x00007ffe96f70000 - 0x00007ffe9700a000 	C:\Windows\System32\msvcp_win.dll
0x00007ffe61d40000 - 0x00007ffe61d5b000 	C:\Program Files\Android\Android Studio\jbr\bin\VCRUNTIME140.dll
0x00007ffe843b0000 - 0x00007ffe8464c000 	C:\Windows\WinSxS\amd64_microsoft.windows.common-controls_6595b64144ccf1df_6.0.22621.6060_none_2712eda17382d24b\COMCTL32.dll
0x00007ffe97730000 - 0x00007ffe977d7000 	C:\Windows\System32\msvcrt.dll
0x00007ffe975a0000 - 0x00007ffe975d1000 	C:\Windows\System32\IMM32.DLL
0x00007ffe81670000 - 0x00007ffe8167c000 	C:\Program Files\Android\Android Studio\jbr\bin\vcruntime140_1.dll
0x00007ffe560e0000 - 0x00007ffe5616d000 	C:\Program Files\Android\Android Studio\jbr\bin\msvcp140.dll
0x00007ffe44420000 - 0x00007ffe450b6000 	C:\Program Files\Android\Android Studio\jbr\bin\server\jvm.dll
0x00007ffe99650000 - 0x00007ffe99701000 	C:\Windows\System32\ADVAPI32.dll
0x00007ffe980c0000 - 0x00007ffe98168000 	C:\Windows\System32\sechost.dll
0x00007ffe973e0000 - 0x00007ffe97408000 	C:\Windows\System32\bcrypt.dll
0x00007ffe97b30000 - 0x00007ffe97c48000 	C:\Windows\System32\RPCRT4.dll
0x00007ffe98a70000 - 0x00007ffe98ae1000 	C:\Windows\System32\WS2_32.dll
0x00007ffe967d0000 - 0x00007ffe9681d000 	C:\Windows\SYSTEM32\POWRPROF.dll
0x00007ffe874f0000 - 0x00007ffe87524000 	C:\Windows\SYSTEM32\WINMM.dll
0x00007ffe8c8e0000 - 0x00007ffe8c8ea000 	C:\Windows\SYSTEM32\VERSION.dll
0x00007ffe967b0000 - 0x00007ffe967c3000 	C:\Windows\SYSTEM32\UMPDC.dll
0x00007ffe958e0000 - 0x00007ffe958f8000 	C:\Windows\SYSTEM32\kernel.appcore.dll
0x00007ffe7f2d0000 - 0x00007ffe7f2da000 	C:\Program Files\Android\Android Studio\jbr\bin\jimage.dll
0x00007ffe84c30000 - 0x00007ffe84e63000 	C:\Windows\SYSTEM32\DBGHELP.DLL
0x00007ffe97c50000 - 0x00007ffe97fe1000 	C:\Windows\System32\combase.dll
0x00007ffe97600000 - 0x00007ffe976d8000 	C:\Windows\System32\OLEAUT32.dll
0x00007ffe7ea10000 - 0x00007ffe7ea42000 	C:\Windows\SYSTEM32\dbgcore.DLL
0x00007ffe97410000 - 0x00007ffe9748b000 	C:\Windows\System32\bcryptPrimitives.dll
0x00007ffe5de10000 - 0x00007ffe5de30000 	C:\Program Files\Android\Android Studio\jbr\bin\java.dll
0x00007ffe5ddf0000 - 0x00007ffe5de08000 	C:\Program Files\Android\Android Studio\jbr\bin\zip.dll
0x00007ffe98170000 - 0x00007ffe98a0c000 	C:\Windows\System32\SHELL32.dll
0x00007ffe972a0000 - 0x00007ffe973df000 	C:\Windows\System32\wintypes.dll
0x00007ffe94800000 - 0x00007ffe9511a000 	C:\Windows\SYSTEM32\windows.storage.dll
0x00007ffe97490000 - 0x00007ffe97594000 	C:\Windows\System32\SHCORE.dll
0x00007ffe99220000 - 0x00007ffe99289000 	C:\Windows\System32\shlwapi.dll
0x00007ffe96830000 - 0x00007ffe96855000 	C:\Windows\SYSTEM32\profapi.dll
0x00007ffe7f170000 - 0x00007ffe7f180000 	C:\Program Files\Android\Android Studio\jbr\bin\net.dll
0x00007ffe92c20000 - 0x00007ffe92d4c000 	C:\Windows\SYSTEM32\WINHTTP.dll
0x00007ffe95dc0000 - 0x00007ffe95e29000 	C:\Windows\system32\mswsock.dll
0x00007ffe5b640000 - 0x00007ffe5b656000 	C:\Program Files\Android\Android Studio\jbr\bin\nio.dll

JVMTI agents: none

dbghelp: loaded successfully - version: 4.0.5 - missing functions: none
symbol engine: initialized successfully - sym options: 0x614 - pdb path: .;C:\Program Files\Android\Android Studio\jbr\bin;C:\Windows\SYSTEM32;C:\Windows\WinSxS\amd64_microsoft.windows.common-controls_6595b64144ccf1df_6.0.22621.6060_none_2712eda17382d24b;C:\Program Files\Android\Android Studio\jbr\bin\server

VM Arguments:
java_command: org.jetbrains.kotlin.cli.jvm.K2JVMCompiler @C:\xampp\htdocs\Final-Flutter-App\Ecommerce_UI\build\mobile_scanner\20251202_16161839458239544582.compiler.options
java_class_path (initial): C:\Users\Ahmed\.gradle\caches\modules-2\files-2.1\org.jetbrains.kotlin\kotlin-compiler-embeddable\2.1.0\988bf980588bbbcfa1ba19c1ffd7aa869b335a31\kotlin-compiler-embeddable-2.1.0.jar;C:\Users\Ahmed\.gradle\caches\modules-2\files-2.1\org.jetbrains.kotlin\kotlin-stdlib\2.1.0\85f8b81009cda5890e54ba67d64b5e599c645020\kotlin-stdlib-2.1.0.jar;C:\Users\Ahmed\.gradle\caches\modules-2\files-2.1\org.jetbrains.kotlin\kotlin-script-runtime\2.1.0\5909da8c57b75a117714ab0e348c86101b7a3284\kotlin-script-runtime-2.1.0.jar;C:\Users\Ahmed\.gradle\caches\modules-2\files-2.1\org.jetbrains.kotlin\kotlin-reflect\1.6.10\1cbe9c92c12a94eea200d23c2bbaedaf3daf5132\kotlin-reflect-1.6.10.jar;C:\Users\Ahmed\.gradle\caches\modules-2\files-2.1\org.jetbrains.kotlin\kotlin-daemon-embeddable\2.1.0\420bae1908e4a353f5b56c3c850d24d86367b25d\kotlin-daemon-embeddable-2.1.0.jar;C:\Users\Ahmed\.gradle\caches\modules-2\files-2.1\org.jetbrains.intellij.deps\trove4j\1.0.20200330\3afb14d5f9ceb459d724e907a21145e8ff394f02\trove4j-1.0.20200330.jar;C:\Users\Ahmed\.gradle\caches\modules-2\files-2.1\org.jetbrains.kotlinx\kotlinx-coroutines-core-jvm\1.6.4\2c997cd1c0ef33f3e751d3831929aeff1390cb30\kotlinx-coroutines-core-jvm-1.6.4.jar;C:\Users\Ahmed\.gradle\caches\modules-2\files-2.1\org.jetbrains\annotations\13.0\919f0dfe192fb4e063e7dacadee7f8bb9a2672a9\annotations-13.0.jar
Launcher Type: SUN_STANDARD

[Global flags]
     intx CICompilerCount                          = 3                                         {product} {ergonomic}
     uint ConcGCThreads                            = 1                                         {product} {ergonomic}
     uint G1ConcRefinementThreads                  = 4                                         {product} {ergonomic}
   size_t G1HeapRegionSize                         = 1048576                                   {product} {ergonomic}
    uintx GCDrainStackTargetSize                   = 64                                        {product} {ergonomic}
   size_t InitialHeapSize                          = 67108864                                  {product} {ergonomic}
   size_t MarkStackSize                            = 4194304                                   {product} {ergonomic}
   size_t MaxHeapSize                              = 1052770304                                {product} {ergonomic}
   size_t MaxNewSize                               = 631242752                                 {product} {ergonomic}
   size_t MinHeapDeltaBytes                        = 1048576                                   {product} {ergonomic}
   size_t MinHeapSize                              = 8388608                                   {product} {ergonomic}
    uintx NonNMethodCodeHeapSize                   = 5832780                                {pd product} {ergonomic}
    uintx NonProfiledCodeHeapSize                  = 122912730                              {pd product} {ergonomic}
    uintx ProfiledCodeHeapSize                     = 122912730                              {pd product} {ergonomic}
    uintx ReservedCodeCacheSize                    = 251658240                              {pd product} {ergonomic}
     bool SegmentedCodeCache                       = true                                      {product} {ergonomic}
   size_t SoftMaxHeapSize                          = 1052770304                             {manageable} {ergonomic}
     bool UseCompressedOops                        = true                           {product lp64_product} {ergonomic}
     bool UseG1GC                                  = true                                      {product} {ergonomic}
     bool UseLargePagesIndividualAllocation        = false                                  {pd product} {ergonomic}

Logging:
Log output configuration:
 #0: stdout all=warning uptime,level,tags foldmultilines=false
 #1: stderr all=off uptime,level,tags foldmultilines=false

Environment Variables:
JAVA_HOME=C:\Program Files\Android\Android Studio\jbr
CLASSPATH=C:\xampp\htdocs\Final-Flutter-App\Ecommerce_UI\android\\gradle\wrapper\gradle-wrapper.jar
PATH=C:\Program Files\Android\Android Studio\jbr\bin;C:\Program Files\Common Files\Oracle\Java\javapath;C:\Windows\system32;C:\Windows;C:\Windows\System32\Wbem;C:\Windows\System32\WindowsPowerShell\v1.0\;C:\Program Files\dotnet\;C:\Program Files\Git\cmd;C:\Program Files (x86)\Microsoft SQL Server\160\DTS\Binn\;C:\Program Files (x86)\Microsoft SQL Server\160\Tools\Binn\;C:\Program Files\Microsoft SQL Server\160\Tools\Binn\;C:\Program Files\Microsoft SQL Server\Client SDK\ODBC\170\Tools\Binn\;C:\Program Files\Microsoft SQL Server\160\DTS\Binn\;C:\Program Files\Microsoft SQL Server\150\Tools\Binn\;C:\Windows\System32\OpenSSH\;C:\Program Files\Docker\Docker\resources\bin;C:\Users\Ahmed\AppData\Local\Programs\Python\Python314\Scripts\;C:\Users\Ahmed\AppData\Local\Programs\Python\Python314\;C:\Users\Ahmed\AppData\Local\Microsoft\WindowsApps;C:\Users\Ahmed\.dotnet\tools;C:\Users\Ahmed\AppData\Local\Programs\Microsoft VS Code\bin;C:\flutter\bin;C:\Users\Ahmed\AppData\Local\Android\Sdk\platform-tools;C:\gradle-9.2.1\bin;;C:\flutter\bin\mingit\cmd;C:\flutter\bin\mingit\cmd
USERNAME=Ahmed
OS=Windows_NT
PROCESSOR_IDENTIFIER=Intel64 Family 6 Model 60 Stepping 3, GenuineIntel
TMP=C:\Users\Ahmed\AppData\Local\Temp
TEMP=C:\Users\Ahmed\AppData\Local\Temp




Periodic native trim disabled

JNI global refs:
JNI global refs: 9, weak refs: 0

JNI global refs memory usage: 835, weak refs: 833

Process memory usage:
Resident Set Size: 108812K (2% of 4105108K total physical memory with 96064K free physical memory)

OOME stack traces (most recent first):
Classloader memory used:
Loader jdk.internal.loader.ClassLoaders$AppClassLoader                                 : 15094K
Loader bootstrap                                                                       : 9598K

---------------  S Y S T E M  ---------------

OS:
 Windows 11 , 64 bit Build 22621 (10.0.22621.5415)
OS uptime: 0 days 7:46 hours

CPU: total 4 (initial active 4) (4 cores per cpu, 1 threads per core) family 6 model 60 stepping 3 microcode 0x28, cx8, cmov, fxsr, mmx, sse, sse2, sse3, ssse3, sse4.1, sse4.2, popcnt, lzcnt, tsc, tscinvbit, avx, avx2, aes, erms, clmul, bmi1, bmi2, fma, vzeroupper, clflush, rdtscp, f16c
Processor Information for the first 4 processors :
  Max Mhz: 2901, Current Mhz: 2901, Mhz Limit: 2901

Memory: 4k page, system-wide physical 4008M (94M free)
TotalPageFile size 16296M (AvailPageFile size 4M)
current process WorkingSet (physical memory assigned to process): 106M, peak: 106M
current process commit charge ("private bytes"): 136M, peak: 157M

vm_info: OpenJDK 64-Bit Server VM (21.0.8+-14018985-b1038.68) for windows-amd64 JRE (21.0.8+-14018985-b1038.68), built on 2025-08-29T19:56:34Z by "builder" with MS VC++ 16.10 / 16.11 (VS2019)

END.
