#
# There is insufficient memory for the Java Runtime Environment to continue.
# Native memory allocation (malloc) failed to allocate 1448816 bytes. Error detail: Chunk::new
# Possible reasons:
#   The system is out of physical RAM or swap space
#   This process is running with CompressedOops enabled, and the Java Heap may be blocking the growth of the native heap
# Possible solutions:
#   Reduce memory load on the system
#   Increase physical memory or swap space
#   Check if swap backing store is full
#   Decrease Java heap size (-Xmx/-Xms)
#   Decrease number of Java threads
#   Decrease Java thread stack sizes (-Xss)
#   Set larger code cache with -XX:ReservedCodeCacheSize=
#   JVM is running with Unscaled Compressed Oops mode in which the Java heap is
#     placed in the first 4GB address space. The Java Heap base address is the
#     maximum limit for the native heap growth. Please use -XX:HeapBaseMinAddress
#     to set the Java Heap base and to place the Java Heap above 4GB virtual address.
# This output file may be truncated or incomplete.
#
#  Out of Memory Error (arena.cpp:168), pid=4632, tid=14452
#
# JRE version: OpenJDK Runtime Environment (21.0.8) (build 21.0.8+-14018985-b1038.68)
# Java VM: OpenJDK 64-Bit Server VM (21.0.8+-14018985-b1038.68, mixed mode, tiered, compressed oops, compressed class ptrs, g1 gc, windows-amd64)
# No core dump will be written. Minidumps are not enabled by default on client versions of Windows
#

---------------  S U M M A R Y ------------

Command Line: org.jetbrains.kotlin.cli.jvm.K2JVMCompiler @C:\Users\Ahmed\Downloads\Final-Flutter-App\build\shared_preferences_android\20251127_17502788035096060032.compiler.options

Host: Intel(R) Core(TM) i5-4460S CPU @ 2.90GHz, 4 cores, 3G,  Windows 11 , 64 bit Build 22621 (10.0.22621.5415)
Time: Thu Nov 27 07:52:46 2025 Egypt Standard Time elapsed time: 1.732437 seconds (0d 0h 0m 1s)

---------------  T H R E A D  ---------------

Current thread (0x00000253bb0231f0):  JavaThread "C2 CompilerThread0" daemon [_thread_in_native, id=14452, stack(0x00000085c6100000,0x00000085c6200000) (1024K)]


Current CompileTask:
C2:1732 1518   !   4       jdk.internal.loader.BuiltinClassLoader::loadClassOrNull (143 bytes)

Stack: [0x00000085c6100000,0x00000085c6200000]
Native frames: (J=compiled Java code, j=interpreted, Vv=VM code, C=native code)
V  [jvm.dll+0x6d68d9]
V  [jvm.dll+0x866693]
V  [jvm.dll+0x868c4e]
V  [jvm.dll+0x869333]
V  [jvm.dll+0x280566]
V  [jvm.dll+0xc07cd]
V  [jvm.dll+0xc0d03]
V  [jvm.dll+0x3b95e1]
V  [jvm.dll+0x1dfb24]
V  [jvm.dll+0x2493a4]
V  [jvm.dll+0x248821]
V  [jvm.dll+0x1c73a4]
V  [jvm.dll+0x257f9e]
V  [jvm.dll+0x2564e6]
V  [jvm.dll+0x3f4696]
V  [jvm.dll+0x80eac8]
V  [jvm.dll+0x6d512d]
C  [ucrtbase.dll+0x29333]
C  [KERNEL32.DLL+0x1259d]
C  [ntdll.dll+0x5af78]


---------------  P R O C E S S  ---------------

Threads class SMR info:
_java_thread_list=0x00000253bb18d670, length=11, elements={
0x00000253a129f8e0, 0x00000253b6cbb370, 0x00000253bb00a090, 0x00000253bb00cb00,
0x00000253bb00f180, 0x00000253bb018e20, 0x00000253bb021a00, 0x00000253bb022460,
0x00000253bb0231f0, 0x00000253bb023c90, 0x00000253bb1aee70
}

Java Threads: ( => current thread )
  0x00000253a129f8e0 JavaThread "main"                              [_thread_in_Java, id=5624, stack(0x00000085c5200000,0x00000085c5300000) (1024K)]
  0x00000253b6cbb370 JavaThread "Common-Cleaner"             daemon [_thread_blocked, id=6544, stack(0x00000085c5a00000,0x00000085c5b00000) (1024K)]
  0x00000253bb00a090 JavaThread "Reference Handler"          daemon [_thread_blocked, id=10160, stack(0x00000085c5b00000,0x00000085c5c00000) (1024K)]
  0x00000253bb00cb00 JavaThread "Finalizer"                  daemon [_thread_blocked, id=10316, stack(0x00000085c5c00000,0x00000085c5d00000) (1024K)]
  0x00000253bb00f180 JavaThread "Signal Dispatcher"          daemon [_thread_blocked, id=3852, stack(0x00000085c5d00000,0x00000085c5e00000) (1024K)]
  0x00000253bb018e20 JavaThread "Attach Listener"            daemon [_thread_blocked, id=5504, stack(0x00000085c5e00000,0x00000085c5f00000) (1024K)]
  0x00000253bb021a00 JavaThread "Service Thread"             daemon [_thread_blocked, id=17384, stack(0x00000085c5f00000,0x00000085c6000000) (1024K)]
  0x00000253bb022460 JavaThread "Monitor Deflation Thread"   daemon [_thread_blocked, id=12052, stack(0x00000085c6000000,0x00000085c6100000) (1024K)]
=>0x00000253bb0231f0 JavaThread "C2 CompilerThread0"         daemon [_thread_in_native, id=14452, stack(0x00000085c6100000,0x00000085c6200000) (1024K)]
  0x00000253bb023c90 JavaThread "C1 CompilerThread0"         daemon [_thread_in_native, id=15376, stack(0x00000085c6200000,0x00000085c6300000) (1024K)]
  0x00000253bb1aee70 JavaThread "Notification Thread"        daemon [_thread_blocked, id=7524, stack(0x00000085c6300000,0x00000085c6400000) (1024K)]
Total: 11

Other Threads:
  0x00000253b6c406b0 VMThread "VM Thread"                           [id=10928, stack(0x00000085c5900000,0x00000085c5a00000) (1024K)]
  0x00000253a134c740 WatcherThread "VM Periodic Task Thread"        [id=13844, stack(0x00000085c5800000,0x00000085c5900000) (1024K)]
  0x00000253a12d5990 WorkerThread "GC Thread#0"                     [id=8672, stack(0x00000085c5300000,0x00000085c5400000) (1024K)]
  0x00000253bb721040 WorkerThread "GC Thread#1"                     [id=2896, stack(0x00000085c6500000,0x00000085c6600000) (1024K)]
  0x00000253bb7336a0 WorkerThread "GC Thread#2"                     [id=9980, stack(0x00000085c6600000,0x00000085c6700000) (1024K)]
  0x00000253bb733e50 WorkerThread "GC Thread#3"                     [id=14360, stack(0x00000085c6700000,0x00000085c6800000) (1024K)]
  0x00000253a12de860 ConcurrentGCThread "G1 Main Marker"            [id=17172, stack(0x00000085c5400000,0x00000085c5500000) (1024K)]
  0x00000253a12e0b10 WorkerThread "G1 Conc#0"                       [id=6912, stack(0x00000085c5500000,0x00000085c5600000) (1024K)]
  0x00000253a133aca0 ConcurrentGCThread "G1 Refine#0"               [id=14784, stack(0x00000085c5600000,0x00000085c5700000) (1024K)]
  0x00000253a133b810 ConcurrentGCThread "G1 Service"                [id=6360, stack(0x00000085c5700000,0x00000085c5800000) (1024K)]
Total: 10

Threads with active compile tasks:
C2 CompilerThread0  1747 1518   !   4       jdk.internal.loader.BuiltinClassLoader::loadClassOrNull (143 bytes)
C1 CompilerThread0  1747 1599       3       sun.reflect.annotation.AnnotationParser::parseAnnotations2 (134 bytes)
Total: 2

VM state: not at safepoint (normal execution)

VM Mutex/Monitor currently owned by a thread: None

Heap address: 0x00000000c1400000, size: 1004 MB, Compressed Oops mode: 32-bit

CDS archive(s) not mapped
Compressed class space mapped at: 0x0000000100000000-0x0000000140000000, reserved size: 1073741824
Narrow klass base: 0x0000000000000000, Narrow klass shift: 3, Narrow klass range: 0x140000000

GC Precious Log:
 CardTable entry size: 512
 Card Set container configuration: InlinePtr #cards 5 size 8 Array Of Cards #cards 12 size 40 Howl #buckets 4 coarsen threshold 1843 Howl Bitmap #cards 512 size 80 coarsen threshold 460 Card regions per heap region 1 cards per card region 2048
 CPUs: 4 total, 4 available
 Memory: 4008M
 Large Page Support: Disabled
 NUMA Support: Disabled
 Compressed Oops: Enabled (32-bit)
 Heap Region Size: 1M
 Heap Min Capacity: 8M
 Heap Initial Capacity: 64M
 Heap Max Capacity: 1004M
 Pre-touch: Disabled
 Parallel Workers: 4
 Concurrent Workers: 1
 Concurrent Refinement Workers: 4
 Periodic GC: Disabled

Heap:
 garbage-first heap   total 38912K, used 24576K [0x00000000c1400000, 0x0000000100000000)
  region size 1024K, 11 young (11264K), 1 survivors (1024K)
 Metaspace       used 32215K, committed 32512K, reserved 1114112K
  class space    used 4026K, committed 4160K, reserved 1048576K

Heap Regions: E=young(eden), S=young(survivor), O=old, HS=humongous(starts), HC=humongous(continues), CS=collection set, F=free, TAMS=top-at-mark-start, PB=parsable bottom
|   0|0x00000000c1400000, 0x00000000c1500000, 0x00000000c1500000|100%|HS|  |TAMS 0x00000000c1400000| PB 0x00000000c1400000| Complete 
|   1|0x00000000c1500000, 0x00000000c1600000, 0x00000000c1600000|100%|HC|  |TAMS 0x00000000c1500000| PB 0x00000000c1500000| Complete 
|   2|0x00000000c1600000, 0x00000000c1700000, 0x00000000c1700000|100%|HC|  |TAMS 0x00000000c1600000| PB 0x00000000c1600000| Complete 
|   3|0x00000000c1700000, 0x00000000c1800000, 0x00000000c1800000|100%|HC|  |TAMS 0x00000000c1700000| PB 0x00000000c1700000| Complete 
|   4|0x00000000c1800000, 0x00000000c1900000, 0x00000000c1900000|100%| O|  |TAMS 0x00000000c1800000| PB 0x00000000c1800000| Untracked 
|   5|0x00000000c1900000, 0x00000000c1a00000, 0x00000000c1a00000|100%| O|  |TAMS 0x00000000c1900000| PB 0x00000000c1900000| Untracked 
|   6|0x00000000c1a00000, 0x00000000c1a00000, 0x00000000c1b00000|  0%| F|  |TAMS 0x00000000c1a00000| PB 0x00000000c1a00000| Untracked 
|   7|0x00000000c1b00000, 0x00000000c1c00000, 0x00000000c1c00000|100%| O|  |TAMS 0x00000000c1b00000| PB 0x00000000c1b00000| Untracked 
|   8|0x00000000c1c00000, 0x00000000c1d00000, 0x00000000c1d00000|100%| O|  |TAMS 0x00000000c1c00000| PB 0x00000000c1c00000| Untracked 
|   9|0x00000000c1d00000, 0x00000000c1e00000, 0x00000000c1e00000|100%| O|  |TAMS 0x00000000c1d00000| PB 0x00000000c1d00000| Untracked 
|  10|0x00000000c1e00000, 0x00000000c1f00000, 0x00000000c1f00000|100%| O|  |TAMS 0x00000000c1e00000| PB 0x00000000c1e00000| Untracked 
|  11|0x00000000c1f00000, 0x00000000c2000000, 0x00000000c2000000|100%| O|  |TAMS 0x00000000c1f00000| PB 0x00000000c1f00000| Untracked 
|  12|0x00000000c2000000, 0x00000000c2000000, 0x00000000c2100000|  0%| F|  |TAMS 0x00000000c2000000| PB 0x00000000c2000000| Untracked 
|  13|0x00000000c2100000, 0x00000000c2100000, 0x00000000c2200000|  0%| F|  |TAMS 0x00000000c2100000| PB 0x00000000c2100000| Untracked 
|  14|0x00000000c2200000, 0x00000000c2200000, 0x00000000c2300000|  0%| F|  |TAMS 0x00000000c2200000| PB 0x00000000c2200000| Untracked 
|  15|0x00000000c2300000, 0x00000000c2400000, 0x00000000c2400000|100%| S|CS|TAMS 0x00000000c2300000| PB 0x00000000c2300000| Complete 
|  16|0x00000000c2400000, 0x00000000c2400000, 0x00000000c2500000|  0%| F|  |TAMS 0x00000000c2400000| PB 0x00000000c2400000| Untracked 
|  17|0x00000000c2500000, 0x00000000c2500000, 0x00000000c2600000|  0%| F|  |TAMS 0x00000000c2500000| PB 0x00000000c2500000| Untracked 
|  18|0x00000000c2600000, 0x00000000c2600000, 0x00000000c2700000|  0%| F|  |TAMS 0x00000000c2600000| PB 0x00000000c2600000| Untracked 
|  19|0x00000000c2700000, 0x00000000c2700000, 0x00000000c2800000|  0%| F|  |TAMS 0x00000000c2700000| PB 0x00000000c2700000| Untracked 
|  20|0x00000000c2800000, 0x00000000c2800000, 0x00000000c2900000|  0%| F|  |TAMS 0x00000000c2800000| PB 0x00000000c2800000| Untracked 
|  21|0x00000000c2900000, 0x00000000c2900000, 0x00000000c2a00000|  0%| F|  |TAMS 0x00000000c2900000| PB 0x00000000c2900000| Untracked 
|  22|0x00000000c2a00000, 0x00000000c2a00000, 0x00000000c2b00000|  0%| F|  |TAMS 0x00000000c2a00000| PB 0x00000000c2a00000| Untracked 
|  23|0x00000000c2b00000, 0x00000000c2b00000, 0x00000000c2c00000|  0%| F|  |TAMS 0x00000000c2b00000| PB 0x00000000c2b00000| Untracked 
|  24|0x00000000c2c00000, 0x00000000c2c00000, 0x00000000c2d00000|  0%| F|  |TAMS 0x00000000c2c00000| PB 0x00000000c2c00000| Untracked 
|  25|0x00000000c2d00000, 0x00000000c2db41d8, 0x00000000c2e00000| 70%| E|  |TAMS 0x00000000c2d00000| PB 0x00000000c2d00000| Complete 
|  26|0x00000000c2e00000, 0x00000000c2f00000, 0x00000000c2f00000|100%| E|CS|TAMS 0x00000000c2e00000| PB 0x00000000c2e00000| Complete 
|  27|0x00000000c2f00000, 0x00000000c3000000, 0x00000000c3000000|100%| E|CS|TAMS 0x00000000c2f00000| PB 0x00000000c2f00000| Complete 
|  28|0x00000000c3000000, 0x00000000c3100000, 0x00000000c3100000|100%| E|CS|TAMS 0x00000000c3000000| PB 0x00000000c3000000| Complete 
|  29|0x00000000c3100000, 0x00000000c3200000, 0x00000000c3200000|100%| E|CS|TAMS 0x00000000c3100000| PB 0x00000000c3100000| Complete 
|  30|0x00000000c3200000, 0x00000000c3300000, 0x00000000c3300000|100%| E|CS|TAMS 0x00000000c3200000| PB 0x00000000c3200000| Complete 
|  31|0x00000000c3300000, 0x00000000c3400000, 0x00000000c3400000|100%| E|CS|TAMS 0x00000000c3300000| PB 0x00000000c3300000| Complete 
|  50|0x00000000c4600000, 0x00000000c4700000, 0x00000000c4700000|100%| E|CS|TAMS 0x00000000c4600000| PB 0x00000000c4600000| Complete 
|  51|0x00000000c4700000, 0x00000000c4800000, 0x00000000c4800000|100%| E|CS|TAMS 0x00000000c4700000| PB 0x00000000c4700000| Complete 
|  63|0x00000000c5300000, 0x00000000c5400000, 0x00000000c5400000|100%| E|CS|TAMS 0x00000000c5300000| PB 0x00000000c5300000| Complete 
|1001|0x00000000ffd00000, 0x00000000ffe00000, 0x00000000ffe00000|100%| O|  |TAMS 0x00000000ffd00000| PB 0x00000000ffd00000| Untracked 
|1002|0x00000000ffe00000, 0x00000000fff00000, 0x00000000fff00000|100%| O|  |TAMS 0x00000000ffe00000| PB 0x00000000ffe00000| Untracked 
|1003|0x00000000fff00000, 0x0000000100000000, 0x0000000100000000|100%| O|  |TAMS 0x00000000fff00000| PB 0x00000000fff00000| Untracked 

Card table byte_map: [0x00000253b35f0000,0x00000253b37f0000] _byte_map_base: 0x00000253b2fe6000

Marking Bits: (CMBitMap*) 0x00000253a12d6090
 Bits: [0x00000253b37f0000, 0x00000253b47a0000)

Polling page: 0x000002539ef90000

Metaspace:

Usage:
  Non-class:     27.53 MB used.
      Class:      3.93 MB used.
       Both:     31.47 MB used.

Virtual space:
  Non-class space:       64.00 MB reserved,      27.69 MB ( 43%) committed,  1 nodes.
      Class space:        1.00 GB reserved,       4.06 MB ( <1%) committed,  1 nodes.
             Both:        1.06 GB reserved,      31.75 MB (  3%) committed. 

Chunk freelists:
   Non-Class:  4.23 MB
       Class:  11.89 MB
        Both:  16.12 MB

MaxMetaspaceSize: unlimited
CompressedClassSpaceSize: 1.00 GB
Initial GC threshold: 21.00 MB
Current GC threshold: 35.12 MB
CDS: off
 - commit_granule_bytes: 65536.
 - commit_granule_words: 8192.
 - virtual_space_node_default_size: 8388608.
 - enlarge_chunks_in_place: 1.
 - use_allocation_guard: 0.


Internal statistics:

num_allocs_failed_limit: 3.
num_arena_births: 176.
num_arena_deaths: 0.
num_vsnodes_births: 2.
num_vsnodes_deaths: 0.
num_space_committed: 508.
num_space_uncommitted: 0.
num_chunks_returned_to_freelist: 3.
num_chunks_taken_from_freelist: 998.
num_chunk_merges: 3.
num_chunk_splits: 821.
num_chunks_enlarged: 742.
num_inconsistent_stats: 0.

CodeHeap 'non-profiled nmethods': size=120000Kb used=568Kb max_used=568Kb free=119431Kb
 bounds [0x00000253abec0000, 0x00000253ac130000, 0x00000253b33f0000]
CodeHeap 'profiled nmethods': size=120000Kb used=2715Kb max_used=2715Kb free=117285Kb
 bounds [0x00000253a43f0000, 0x00000253a46a0000, 0x00000253ab920000]
CodeHeap 'non-nmethods': size=5760Kb used=1426Kb max_used=1436Kb free=4334Kb
 bounds [0x00000253ab920000, 0x00000253abb90000, 0x00000253abec0000]
CodeCache: size=245760Kb, used=4709Kb, max_used=4719Kb, free=241050Kb
 total_blobs=2127, nmethods=1594, adapters=438, full_count=0
Compilation: enabled, stopped_count=0, restarted_count=0

Compilation events (20 events):
Event: 1.708 Thread 0x00000253bb023c90 nmethod 1537 0x00000253a466f290 code [0x00000253a466f480, 0x00000253a466f8a8]
Event: 1.721 Thread 0x00000253bb023c90 1538       3       java.lang.StringBuilder::append (8 bytes)
Event: 1.722 Thread 0x00000253bb023c90 nmethod 1538 0x00000253a466fa10 code [0x00000253a466fbc0, 0x00000253a466fd10]
Event: 1.722 Thread 0x00000253bb023c90 1539       3       java.lang.AbstractStringBuilder::append (54 bytes)
Event: 1.722 Thread 0x00000253bb023c90 nmethod 1539 0x00000253a466fd90 code [0x00000253a466ffe0, 0x00000253a4670958]
Event: 1.722 Thread 0x00000253bb023c90 1540       3       java.lang.StringBuilder::append (6 bytes)
Event: 1.722 Thread 0x00000253bb023c90 nmethod 1540 0x00000253a4670b90 code [0x00000253a4670d40, 0x00000253a4670ef0]
Event: 1.728 Thread 0x00000253bb023c90 1541       3       java.util.Collections::singletonIterator (9 bytes)
Event: 1.728 Thread 0x00000253bb023c90 nmethod 1541 0x00000253a4671010 code [0x00000253a46711c0, 0x00000253a4671420]
Event: 1.728 Thread 0x00000253bb023c90 1542       3       java.util.Collections$1::<init> (15 bytes)
Event: 1.728 Thread 0x00000253bb023c90 nmethod 1542 0x00000253a4671510 code [0x00000253a46716c0, 0x00000253a4671888]
Event: 1.729 Thread 0x00000253bb023c90 1543       2       java.util.HashMap::put (13 bytes)
Event: 1.729 Thread 0x00000253bb023c90 nmethod 1543 0x00000253a4671990 code [0x00000253a4671b40, 0x00000253a4671cf0]
Event: 1.729 Thread 0x00000253bb023c90 1544       3       kotlin.jvm.internal.ArrayIterator::hasNext (18 bytes)
Event: 1.730 Thread 0x00000253bb023c90 nmethod 1544 0x00000253a4671e10 code [0x00000253a4671fc0, 0x00000253a4672130]
Event: 1.730 Thread 0x00000253bb023c90 1545       3       sun.reflect.generics.parser.SignatureParser::parseTypeSignature (130 bytes)
Event: 1.730 Thread 0x00000253bb023c90 nmethod 1545 0x00000253a4672210 code [0x00000253a4672400, 0x00000253a4672860]
Event: 1.730 Thread 0x00000253bb023c90 1546       3       jdk.internal.org.objectweb.asm.Frame::merge (395 bytes)
Event: 1.731 Thread 0x00000253bb023c90 nmethod 1546 0x00000253a4672990 code [0x00000253a4672c40, 0x00000253a46739b8]
Event: 1.731 Thread 0x00000253bb023c90 1549       3       java.lang.Class::getMethod (59 bytes)

GC Heap History (10 events):
Event: 0.556 GC heap before
{Heap before GC invocations=0 (full 0):
 garbage-first heap   total 65536K, used 17408K [0x00000000c1400000, 0x0000000100000000)
  region size 1024K, 13 young (13312K), 0 survivors (0K)
 Metaspace       used 11286K, committed 11456K, reserved 1114112K
  class space    used 970K, committed 1088K, reserved 1048576K
}
Event: 0.561 GC heap after
{Heap after GC invocations=1 (full 0):
 garbage-first heap   total 65536K, used 6356K [0x00000000c1400000, 0x0000000100000000)
  region size 1024K, 2 young (2048K), 2 survivors (2048K)
 Metaspace       used 11286K, committed 11456K, reserved 1114112K
  class space    used 970K, committed 1088K, reserved 1048576K
}
Event: 0.869 GC heap before
{Heap before GC invocations=1 (full 0):
 garbage-first heap   total 65536K, used 25812K [0x00000000c1400000, 0x0000000100000000)
  region size 1024K, 22 young (22528K), 2 survivors (2048K)
 Metaspace       used 17078K, committed 17216K, reserved 1114112K
  class space    used 1720K, committed 1792K, reserved 1048576K
}
Event: 0.875 GC heap after
{Heap after GC invocations=2 (full 0):
 garbage-first heap   total 65536K, used 8150K [0x00000000c1400000, 0x0000000100000000)
  region size 1024K, 2 young (2048K), 2 survivors (2048K)
 Metaspace       used 17078K, committed 17216K, reserved 1114112K
  class space    used 1720K, committed 1792K, reserved 1048576K
}
Event: 1.069 GC heap before
{Heap before GC invocations=2 (full 0):
 garbage-first heap   total 65536K, used 19414K [0x00000000c1400000, 0x0000000100000000)
  region size 1024K, 14 young (14336K), 2 survivors (2048K)
 Metaspace       used 21369K, committed 21504K, reserved 1114112K
  class space    used 2244K, committed 2304K, reserved 1048576K
}
Event: 1.072 GC heap after
{Heap after GC invocations=3 (full 0):
 garbage-first heap   total 65536K, used 8500K [0x00000000c1400000, 0x0000000100000000)
  region size 1024K, 2 young (2048K), 2 survivors (2048K)
 Metaspace       used 21369K, committed 21504K, reserved 1114112K
  class space    used 2244K, committed 2304K, reserved 1048576K
}
Event: 1.328 GC heap before
{Heap before GC invocations=4 (full 0):
 garbage-first heap   total 30720K, used 30004K [0x00000000c1400000, 0x0000000100000000)
  region size 1024K, 23 young (23552K), 2 survivors (2048K)
 Metaspace       used 24686K, committed 24896K, reserved 1114112K
  class space    used 2674K, committed 2752K, reserved 1048576K
}
Event: 1.340 GC heap after
{Heap after GC invocations=5 (full 0):
 garbage-first heap   total 38912K, used 14094K [0x00000000c1400000, 0x0000000100000000)
  region size 1024K, 5 young (5120K), 5 survivors (5120K)
 Metaspace       used 24686K, committed 24896K, reserved 1114112K
  class space    used 2674K, committed 2752K, reserved 1048576K
}
Event: 1.557 GC heap before
{Heap before GC invocations=5 (full 0):
 garbage-first heap   total 38912K, used 28430K [0x00000000c1400000, 0x0000000100000000)
  region size 1024K, 19 young (19456K), 5 survivors (5120K)
 Metaspace       used 28684K, committed 28928K, reserved 1114112K
  class space    used 3116K, committed 3200K, reserved 1048576K
}
Event: 1.566 GC heap after
{Heap after GC invocations=6 (full 0):
 garbage-first heap   total 38912K, used 15360K [0x00000000c1400000, 0x0000000100000000)
  region size 1024K, 1 young (1024K), 1 survivors (1024K)
 Metaspace       used 28684K, committed 28928K, reserved 1114112K
  class space    used 3116K, committed 3200K, reserved 1048576K
}

Dll operation events (3 events):
Event: 0.007 Loaded shared library C:\Program Files\Android\Android Studio\jbr\bin\java.dll
Event: 0.012 Loaded shared library C:\Program Files\Android\Android Studio\jbr\bin\zip.dll
Event: 1.370 Loaded shared library C:\Program Files\Android\Android Studio\jbr\bin\verify.dll

Deoptimization events (20 events):
Event: 1.721 Thread 0x00000253a129f8e0 Uncommon trap: trap_request=0xffffffde fr.pc=0x00000253abf46920 relative=0x00000000000007e0
Event: 1.721 Thread 0x00000253a129f8e0 Uncommon trap: reason=class_check action=maybe_recompile pc=0x00000253abf46920 method=java.util.HashMap.putVal(ILjava/lang/Object;Ljava/lang/Object;ZZ)Ljava/lang/Object; @ 91 c2
Event: 1.721 Thread 0x00000253a129f8e0 DEOPT PACKING pc=0x00000253abf46920 sp=0x00000085c52faec0
Event: 1.721 Thread 0x00000253a129f8e0 DEOPT UNPACKING pc=0x00000253ab9746a2 sp=0x00000085c52fadd0 mode 2
Event: 1.721 Thread 0x00000253a129f8e0 Uncommon trap: trap_request=0xffffffde fr.pc=0x00000253abf46920 relative=0x00000000000007e0
Event: 1.721 Thread 0x00000253a129f8e0 Uncommon trap: reason=class_check action=maybe_recompile pc=0x00000253abf46920 method=java.util.HashMap.putVal(ILjava/lang/Object;Ljava/lang/Object;ZZ)Ljava/lang/Object; @ 91 c2
Event: 1.721 Thread 0x00000253a129f8e0 DEOPT PACKING pc=0x00000253abf46920 sp=0x00000085c52faec0
Event: 1.721 Thread 0x00000253a129f8e0 DEOPT UNPACKING pc=0x00000253ab9746a2 sp=0x00000085c52fadd0 mode 2
Event: 1.721 Thread 0x00000253a129f8e0 Uncommon trap: trap_request=0xffffffde fr.pc=0x00000253abf46920 relative=0x00000000000007e0
Event: 1.721 Thread 0x00000253a129f8e0 Uncommon trap: reason=class_check action=maybe_recompile pc=0x00000253abf46920 method=java.util.HashMap.putVal(ILjava/lang/Object;Ljava/lang/Object;ZZ)Ljava/lang/Object; @ 91 c2
Event: 1.721 Thread 0x00000253a129f8e0 DEOPT PACKING pc=0x00000253abf46920 sp=0x00000085c52faec0
Event: 1.721 Thread 0x00000253a129f8e0 DEOPT UNPACKING pc=0x00000253ab9746a2 sp=0x00000085c52fadd0 mode 2
Event: 1.721 Thread 0x00000253a129f8e0 Uncommon trap: trap_request=0xffffffde fr.pc=0x00000253abf46920 relative=0x00000000000007e0
Event: 1.721 Thread 0x00000253a129f8e0 Uncommon trap: reason=class_check action=maybe_recompile pc=0x00000253abf46920 method=java.util.HashMap.putVal(ILjava/lang/Object;Ljava/lang/Object;ZZ)Ljava/lang/Object; @ 91 c2
Event: 1.721 Thread 0x00000253a129f8e0 DEOPT PACKING pc=0x00000253abf46920 sp=0x00000085c52faec0
Event: 1.721 Thread 0x00000253a129f8e0 DEOPT UNPACKING pc=0x00000253ab9746a2 sp=0x00000085c52fadd0 mode 2
Event: 1.730 Thread 0x00000253a129f8e0 Uncommon trap: trap_request=0xffffff45 fr.pc=0x00000253abef9428 relative=0x0000000000000268
Event: 1.730 Thread 0x00000253a129f8e0 Uncommon trap: reason=unstable_if action=reinterpret pc=0x00000253abef9428 method=java.util.concurrent.ConcurrentHashMap.get(Ljava/lang/Object;)Ljava/lang/Object; @ 76 c2
Event: 1.730 Thread 0x00000253a129f8e0 DEOPT PACKING pc=0x00000253abef9428 sp=0x00000085c52fb840
Event: 1.730 Thread 0x00000253a129f8e0 DEOPT UNPACKING pc=0x00000253ab9746a2 sp=0x00000085c52fb7b8 mode 2

Classes loaded (20 events):
Event: 1.432 Loading class java/lang/invoke/VarHandleByteArrayAsInts$ArrayHandle
Event: 1.432 Loading class java/lang/invoke/VarHandleByteArrayAsInts$ByteArrayViewVarHandle
Event: 1.432 Loading class java/lang/invoke/VarHandleByteArrayAsInts$ByteArrayViewVarHandle done
Event: 1.432 Loading class java/lang/invoke/VarHandleByteArrayAsInts$ArrayHandle done
Event: 1.432 Loading class java/lang/invoke/VarHandleByteArrayAsFloats$ArrayHandle
Event: 1.432 Loading class java/lang/invoke/VarHandleByteArrayAsFloats$ByteArrayViewVarHandle
Event: 1.432 Loading class java/lang/invoke/VarHandleByteArrayAsFloats$ByteArrayViewVarHandle done
Event: 1.432 Loading class java/lang/invoke/VarHandleByteArrayAsFloats$ArrayHandle done
Event: 1.433 Loading class java/lang/invoke/VarHandleByteArrayAsLongs$ArrayHandle
Event: 1.433 Loading class java/lang/invoke/VarHandleByteArrayAsLongs$ByteArrayViewVarHandle
Event: 1.433 Loading class java/lang/invoke/VarHandleByteArrayAsLongs$ByteArrayViewVarHandle done
Event: 1.433 Loading class java/lang/invoke/VarHandleByteArrayAsLongs$ArrayHandle done
Event: 1.433 Loading class java/lang/invoke/VarHandleByteArrayAsDoubles$ArrayHandle
Event: 1.433 Loading class java/lang/invoke/VarHandleByteArrayAsDoubles$ByteArrayViewVarHandle
Event: 1.433 Loading class java/lang/invoke/VarHandleByteArrayAsDoubles$ByteArrayViewVarHandle done
Event: 1.433 Loading class java/lang/invoke/VarHandleByteArrayAsDoubles$ArrayHandle done
Event: 1.512 Loading class java/util/Collections$SingletonMap
Event: 1.512 Loading class java/util/Collections$SingletonMap done
Event: 1.729 Loading class jdk/internal/vm/annotation/IntrinsicCandidate
Event: 1.730 Loading class jdk/internal/vm/annotation/IntrinsicCandidate done

Classes unloaded (0 events):
No events

Classes redefined (0 events):
No events

Internal exceptions (20 events):
Event: 0.935 Thread 0x00000253a129f8e0 Exception <a 'java/lang/NoSuchMethodError'{0x00000000c50e6d58}: 'java.lang.Object java.lang.invoke.DirectMethodHandle$Holder.invokeSpecial(java.lang.Object, java.lang.Object, java.lang.Object, java.lang.Object, long)'> (0x00000000c50e6d58) 
thrown [s\src\hotspot\share\interpreter\linkResolver.cpp, line 784]
Event: 0.936 Thread 0x00000253a129f8e0 Exception <a 'java/lang/NoSuchMethodError'{0x00000000c50f59f0}: 'int java.lang.invoke.DelegatingMethodHandle$Holder.reinvoke_L(java.lang.Object, java.lang.Object, java.lang.Object, long, java.lang.Object, java.lang.Object)'> (0x00000000c50f59f0) 
thrown [s\src\hotspot\share\interpreter\linkResolver.cpp, line 784]
Event: 0.937 Thread 0x00000253a129f8e0 Exception <a 'java/lang/NoSuchMethodError'{0x00000000c4f04068}: 'int java.lang.invoke.DelegatingMethodHandle$Holder.reinvoke_L(java.lang.Object, java.lang.Object, java.lang.Object, long, int, int)'> (0x00000000c4f04068) 
thrown [s\src\hotspot\share\interpreter\linkResolver.cpp, line 784]
Event: 0.938 Thread 0x00000253a129f8e0 Exception <a 'java/lang/NoSuchMethodError'{0x00000000c4f12380}: 'int java.lang.invoke.DelegatingMethodHandle$Holder.reinvoke_L(java.lang.Object, java.lang.Object, java.lang.Object, long, long, long)'> (0x00000000c4f12380) 
thrown [s\src\hotspot\share\interpreter\linkResolver.cpp, line 784]
Event: 0.939 Thread 0x00000253a129f8e0 Exception <a 'java/lang/NoSuchMethodError'{0x00000000c4f201d8}: 'int java.lang.invoke.DelegatingMethodHandle$Holder.reinvoke_L(java.lang.Object, java.lang.Object, java.lang.Object, long, int)'> (0x00000000c4f201d8) 
thrown [s\src\hotspot\share\interpreter\linkResolver.cpp, line 784]
Event: 0.940 Thread 0x00000253a129f8e0 Exception <a 'java/lang/NoSuchMethodError'{0x00000000c4f2b6d8}: 'int java.lang.invoke.DirectMethodHandle$Holder.invokeSpecial(java.lang.Object, java.lang.Object, java.lang.Object, java.lang.Object)'> (0x00000000c4f2b6d8) 
thrown [s\src\hotspot\share\interpreter\linkResolver.cpp, line 784]
Event: 0.941 Thread 0x00000253a129f8e0 Exception <a 'java/lang/NoSuchMethodError'{0x00000000c4f3a298}: 'void java.lang.invoke.DelegatingMethodHandle$Holder.reinvoke_L(java.lang.Object, java.lang.Object, java.lang.Object, long, java.lang.Object, long, long)'> (0x00000000c4f3a298) 
thrown [s\src\hotspot\share\interpreter\linkResolver.cpp, line 784]
Event: 0.941 Thread 0x00000253a129f8e0 Exception <a 'java/lang/NoSuchMethodError'{0x00000000c4f41098}: 'long java.lang.invoke.Invokers$Holder.invokeExact_MT(java.lang.Object, java.lang.Object, java.lang.Object)'> (0x00000000c4f41098) 
thrown [s\src\hotspot\share\interpreter\linkResolver.cpp, line 784]
Event: 0.942 Thread 0x00000253a129f8e0 Exception <a 'java/lang/NoSuchMethodError'{0x00000000c4f44fd0}: 'int java.lang.invoke.Invokers$Holder.invokeExact_MT(java.lang.Object, java.lang.Object, java.lang.Object)'> (0x00000000c4f44fd0) 
thrown [s\src\hotspot\share\interpreter\linkResolver.cpp, line 784]
Event: 0.973 Thread 0x00000253a129f8e0 Exception <a 'java/lang/NoSuchMethodError'{0x00000000c4d08b20}: 'int java.lang.invoke.DirectMethodHandle$Holder.invokeStatic(java.lang.Object)'> (0x00000000c4d08b20) 
thrown [s\src\hotspot\share\interpreter\linkResolver.cpp, line 784]
Event: 0.973 Thread 0x00000253a129f8e0 Exception <a 'java/lang/NoSuchMethodError'{0x00000000c4d0bf68}: 'int java.lang.invoke.DirectMethodHandle$Holder.invokeStaticInit(java.lang.Object)'> (0x00000000c4d0bf68) 
thrown [s\src\hotspot\share\interpreter\linkResolver.cpp, line 784]
Event: 0.977 Thread 0x00000253a129f8e0 Exception <a 'java/lang/NoSuchMethodError'{0x00000000c4d39c48}: 'java.lang.Object java.lang.invoke.DirectMethodHandle$Holder.newInvokeSpecial(java.lang.Object, java.lang.Object, int)'> (0x00000000c4d39c48) 
thrown [s\src\hotspot\share\interpreter\linkResolver.cpp, line 784]
Event: 1.065 Thread 0x00000253a129f8e0 Exception <a 'java/lang/NoSuchMethodError'{0x00000000c484e508}: 'void java.lang.invoke.DirectMethodHandle$Holder.invokeStatic(java.lang.Object, java.lang.Object, java.lang.Object, java.lang.Object)'> (0x00000000c484e508) 
thrown [s\src\hotspot\share\interpreter\linkResolver.cpp, line 784]
Event: 1.185 Thread 0x00000253a129f8e0 Exception <a 'java/lang/NoSuchMethodError'{0x00000000c289c6e8}: 'void java.lang.invoke.Invokers$Holder.invokeExact_MT(java.lang.Object, int, java.lang.Object)'> (0x00000000c289c6e8) 
thrown [s\src\hotspot\share\interpreter\linkResolver.cpp, line 784]
Event: 1.217 Thread 0x00000253a129f8e0 Exception <a 'java/lang/NoSuchMethodError'{0x00000000c266d418}: 'java.lang.Object java.lang.invoke.DirectMethodHandle$Holder.invokeStatic(java.lang.Object, java.lang.Object, long, long)'> (0x00000000c266d418) 
thrown [s\src\hotspot\share\interpreter\linkResolver.cpp, line 784]
Event: 1.223 Thread 0x00000253a129f8e0 Exception <a 'java/lang/NoSuchMethodError'{0x00000000c26971f0}: 'long java.lang.invoke.DirectMethodHandle$Holder.invokeStatic(java.lang.Object, java.lang.Object, int)'> (0x00000000c26971f0) 
thrown [s\src\hotspot\share\interpreter\linkResolver.cpp, line 784]
Event: 1.224 Thread 0x00000253a129f8e0 Exception <a 'java/lang/NoSuchMethodError'{0x00000000c26a21d8}: 'java.lang.Object java.lang.invoke.DelegatingMethodHandle$Holder.reinvoke_L(java.lang.Object, int, long, java.lang.Object, java.lang.Object, int, java.lang.Object)'> (0x00000000c26a21d8) 
thrown [s\src\hotspot\share\interpreter\linkResolver.cpp, line 784]
Event: 1.233 Thread 0x00000253a129f8e0 Exception <a 'java/lang/NoSuchMethodError'{0x00000000c26e35f8}: 'java.lang.Object java.lang.invoke.DirectMethodHandle$Holder.newInvokeSpecial(java.lang.Object, java.lang.Object, java.lang.Object, long)'> (0x00000000c26e35f8) 
thrown [s\src\hotspot\share\interpreter\linkResolver.cpp, line 784]
Event: 1.233 Thread 0x00000253a129f8e0 Exception <a 'java/lang/NoSuchMethodError'{0x00000000c26e71a8}: 'java.lang.Object java.lang.invoke.Invokers$Holder.linkToTargetMethod(java.lang.Object, java.lang.Object, long, java.lang.Object)'> (0x00000000c26e71a8) 
thrown [s\src\hotspot\share\interpreter\linkResolver.cpp, line 784]
Event: 1.500 Thread 0x00000253a129f8e0 Exception <a 'java/lang/NoSuchMethodError'{0x00000000c285f518}: 'java.lang.Object java.lang.invoke.DirectMethodHandle$Holder.newInvokeSpecial(java.lang.Object, java.lang.Object, java.lang.Object, java.lang.Object, java.lang.Object, java.lang.Object, java.lang.Object)'> (0x00000000c285f518) 
thrown [s\src\hotspot\share\interpreter\linkResolver.cpp, line 784]

ZGC Phase Switch (0 events):
No events

VM Operations (20 events):
Event: 1.069 Executing VM operation: CollectForMetadataAllocation (Metadata GC Threshold)
Event: 1.072 Executing VM operation: CollectForMetadataAllocation (Metadata GC Threshold) done
Event: 1.076 Executing VM operation: G1PauseRemark
Event: 1.078 Executing VM operation: G1PauseRemark done
Event: 1.079 Executing VM operation: G1PauseCleanup
Event: 1.080 Executing VM operation: G1PauseCleanup done
Event: 1.230 Executing VM operation: HandshakeAllThreads (Deoptimize)
Event: 1.230 Executing VM operation: HandshakeAllThreads (Deoptimize) done
Event: 1.328 Executing VM operation: G1CollectForAllocation (G1 Evacuation Pause)
Event: 1.340 Executing VM operation: G1CollectForAllocation (G1 Evacuation Pause) done
Event: 1.349 Executing VM operation: HandshakeAllThreads (Deoptimize)
Event: 1.349 Executing VM operation: HandshakeAllThreads (Deoptimize) done
Event: 1.349 Executing VM operation: HandshakeAllThreads (Deoptimize)
Event: 1.349 Executing VM operation: HandshakeAllThreads (Deoptimize) done
Event: 1.414 Executing VM operation: HandshakeAllThreads (Deoptimize)
Event: 1.414 Executing VM operation: HandshakeAllThreads (Deoptimize) done
Event: 1.415 Executing VM operation: HandshakeAllThreads (Deoptimize)
Event: 1.415 Executing VM operation: HandshakeAllThreads (Deoptimize) done
Event: 1.557 Executing VM operation: G1CollectForAllocation (G1 Evacuation Pause)
Event: 1.566 Executing VM operation: G1CollectForAllocation (G1 Evacuation Pause) done

Memory protections (0 events):
No events

Nmethod flushes (0 events):
No events

Events (15 events):
Event: 0.010 Thread 0x00000253a129f8e0 Thread added: 0x00000253a129f8e0
Event: 0.053 Thread 0x00000253a129f8e0 Thread added: 0x00000253b6cbb370
Event: 0.058 Thread 0x00000253a129f8e0 Thread added: 0x00000253bb00a090
Event: 0.058 Thread 0x00000253a129f8e0 Thread added: 0x00000253bb00cb00
Event: 0.059 Thread 0x00000253a129f8e0 Thread added: 0x00000253bb00f180
Event: 0.059 Thread 0x00000253a129f8e0 Thread added: 0x00000253bb018e20
Event: 0.059 Thread 0x00000253a129f8e0 Thread added: 0x00000253bb021a00
Event: 0.059 Thread 0x00000253a129f8e0 Thread added: 0x00000253bb022460
Event: 0.059 Thread 0x00000253a129f8e0 Thread added: 0x00000253bb0231f0
Event: 0.062 Thread 0x00000253a129f8e0 Thread added: 0x00000253bb023c90
Event: 0.115 Thread 0x00000253a129f8e0 Thread added: 0x00000253bb1aee70
Event: 0.125 Loaded shared library C:\Program Files\Android\Android Studio\jbr\bin\net.dll
Event: 0.127 Loaded shared library C:\Program Files\Android\Android Studio\jbr\bin\nio.dll
Event: 0.167 Loaded shared library C:\Program Files\Android\Android Studio\jbr\bin\zip.dll
Event: 0.205 Loaded shared library C:\Program Files\Android\Android Studio\jbr\bin\jimage.dll


Dynamic libraries:
0x00007ff7e2880000 - 0x00007ff7e288a000 	C:\Program Files\Android\Android Studio\jbr\bin\java.exe
0x00007ffd87f30000 - 0x00007ffd88148000 	C:\Windows\SYSTEM32\ntdll.dll
0x00007ffd86960000 - 0x00007ffd86a24000 	C:\Windows\System32\KERNEL32.DLL
0x00007ffd85160000 - 0x00007ffd85533000 	C:\Windows\System32\KERNELBASE.dll
0x00007ffd859f0000 - 0x00007ffd85b01000 	C:\Windows\System32\ucrtbase.dll
0x00007ffd7f1a0000 - 0x00007ffd7f1b8000 	C:\Program Files\Android\Android Studio\jbr\bin\jli.dll
0x00007ffd7cc50000 - 0x00007ffd7cc6b000 	C:\Program Files\Android\Android Studio\jbr\bin\VCRUNTIME140.dll
0x00007ffd86200000 - 0x00007ffd863b2000 	C:\Windows\System32\USER32.dll
0x00007ffd859c0000 - 0x00007ffd859e6000 	C:\Windows\System32\win32u.dll
0x00007ffd86bb0000 - 0x00007ffd86bd9000 	C:\Windows\System32\GDI32.dll
0x00007ffd73f50000 - 0x00007ffd741ec000 	C:\Windows\WinSxS\amd64_microsoft.windows.common-controls_6595b64144ccf1df_6.0.22621.6060_none_2712eda17382d24b\COMCTL32.dll
0x00007ffd87e40000 - 0x00007ffd87ee7000 	C:\Windows\System32\msvcrt.dll
0x00007ffd85040000 - 0x00007ffd8515b000 	C:\Windows\System32\gdi32full.dll
0x00007ffd85680000 - 0x00007ffd8571a000 	C:\Windows\System32\msvcp_win.dll
0x00007ffd86900000 - 0x00007ffd86931000 	C:\Windows\System32\IMM32.DLL
0x00007ffd81f60000 - 0x00007ffd81f6c000 	C:\Program Files\Android\Android Studio\jbr\bin\vcruntime140_1.dll
0x00007ffd705b0000 - 0x00007ffd7063d000 	C:\Program Files\Android\Android Studio\jbr\bin\msvcp140.dll
0x00007ffd28e90000 - 0x00007ffd29b26000 	C:\Program Files\Android\Android Studio\jbr\bin\server\jvm.dll
0x00007ffd860d0000 - 0x00007ffd86181000 	C:\Windows\System32\ADVAPI32.dll
0x00007ffd874e0000 - 0x00007ffd87588000 	C:\Windows\System32\sechost.dll
0x00007ffd85990000 - 0x00007ffd859b8000 	C:\Windows\System32\bcrypt.dll
0x00007ffd864d0000 - 0x00007ffd865e8000 	C:\Windows\System32\RPCRT4.dll
0x00007ffd863c0000 - 0x00007ffd86431000 	C:\Windows\System32\WS2_32.dll
0x00007ffd84f10000 - 0x00007ffd84f5d000 	C:\Windows\SYSTEM32\POWRPROF.dll
0x00007ffd75e10000 - 0x00007ffd75e44000 	C:\Windows\SYSTEM32\WINMM.dll
0x00007ffd82170000 - 0x00007ffd8217a000 	C:\Windows\SYSTEM32\VERSION.dll
0x00007ffd84ef0000 - 0x00007ffd84f03000 	C:\Windows\SYSTEM32\UMPDC.dll
0x00007ffd84020000 - 0x00007ffd84038000 	C:\Windows\SYSTEM32\kernel.appcore.dll
0x00007ffd81f40000 - 0x00007ffd81f4a000 	C:\Program Files\Android\Android Studio\jbr\bin\jimage.dll
0x00007ffd746d0000 - 0x00007ffd74903000 	C:\Windows\SYSTEM32\DBGHELP.DLL
0x00007ffd87140000 - 0x00007ffd874d1000 	C:\Windows\System32\combase.dll
0x00007ffd867b0000 - 0x00007ffd86888000 	C:\Windows\System32\OLEAUT32.dll
0x00007ffd6d3a0000 - 0x00007ffd6d3d2000 	C:\Windows\SYSTEM32\dbgcore.DLL
0x00007ffd85910000 - 0x00007ffd8598b000 	C:\Windows\System32\bcryptPrimitives.dll
0x00007ffd7cc30000 - 0x00007ffd7cc50000 	C:\Program Files\Android\Android Studio\jbr\bin\java.dll
0x00007ffd7cc10000 - 0x00007ffd7cc28000 	C:\Program Files\Android\Android Studio\jbr\bin\zip.dll
0x00007ffd875a0000 - 0x00007ffd87e3c000 	C:\Windows\System32\SHELL32.dll
0x00007ffd85540000 - 0x00007ffd8567f000 	C:\Windows\System32\wintypes.dll
0x00007ffd82f40000 - 0x00007ffd8385a000 	C:\Windows\SYSTEM32\windows.storage.dll
0x00007ffd86a80000 - 0x00007ffd86b84000 	C:\Windows\System32\SHCORE.dll
0x00007ffd86190000 - 0x00007ffd861f9000 	C:\Windows\System32\shlwapi.dll
0x00007ffd84f70000 - 0x00007ffd84f95000 	C:\Windows\SYSTEM32\profapi.dll
0x00007ffd81230000 - 0x00007ffd81240000 	C:\Program Files\Android\Android Studio\jbr\bin\net.dll
0x00007ffd7fa20000 - 0x00007ffd7fb4c000 	C:\Windows\SYSTEM32\WINHTTP.dll
0x00007ffd84500000 - 0x00007ffd84569000 	C:\Windows\system32\mswsock.dll
0x00007ffd7ff70000 - 0x00007ffd7ff86000 	C:\Program Files\Android\Android Studio\jbr\bin\nio.dll
0x00007ffd7f200000 - 0x00007ffd7f210000 	C:\Program Files\Android\Android Studio\jbr\bin\verify.dll

JVMTI agents: none

dbghelp: loaded successfully - version: 4.0.5 - missing functions: none
symbol engine: initialized successfully - sym options: 0x614 - pdb path: .;C:\Program Files\Android\Android Studio\jbr\bin;C:\Windows\SYSTEM32;C:\Windows\WinSxS\amd64_microsoft.windows.common-controls_6595b64144ccf1df_6.0.22621.6060_none_2712eda17382d24b;C:\Program Files\Android\Android Studio\jbr\bin\server

VM Arguments:
java_command: org.jetbrains.kotlin.cli.jvm.K2JVMCompiler @C:\Users\Ahmed\Downloads\Final-Flutter-App\build\shared_preferences_android\20251127_17502788035096060032.compiler.options
java_class_path (initial): C:\Users\Ahmed\.gradle\caches\modules-2\files-2.1\org.jetbrains.kotlin\kotlin-compiler-embeddable\2.1.0\988bf980588bbbcfa1ba19c1ffd7aa869b335a31\kotlin-compiler-embeddable-2.1.0.jar;C:\Users\Ahmed\.gradle\caches\modules-2\files-2.1\org.jetbrains.kotlin\kotlin-stdlib\2.1.0\85f8b81009cda5890e54ba67d64b5e599c645020\kotlin-stdlib-2.1.0.jar;C:\Users\Ahmed\.gradle\caches\modules-2\files-2.1\org.jetbrains.kotlin\kotlin-script-runtime\2.1.0\5909da8c57b75a117714ab0e348c86101b7a3284\kotlin-script-runtime-2.1.0.jar;C:\Users\Ahmed\.gradle\caches\modules-2\files-2.1\org.jetbrains.kotlin\kotlin-reflect\1.6.10\1cbe9c92c12a94eea200d23c2bbaedaf3daf5132\kotlin-reflect-1.6.10.jar;C:\Users\Ahmed\.gradle\caches\modules-2\files-2.1\org.jetbrains.kotlin\kotlin-daemon-embeddable\2.1.0\420bae1908e4a353f5b56c3c850d24d86367b25d\kotlin-daemon-embeddable-2.1.0.jar;C:\Users\Ahmed\.gradle\caches\modules-2\files-2.1\org.jetbrains.intellij.deps\trove4j\1.0.20200330\3afb14d5f9ceb459d724e907a21145e8ff394f02\trove4j-1.0.20200330.jar;C:\Users\Ahmed\.gradle\caches\modules-2\files-2.1\org.jetbrains.kotlinx\kotlinx-coroutines-core-jvm\1.6.4\2c997cd1c0ef33f3e751d3831929aeff1390cb30\kotlinx-coroutines-core-jvm-1.6.4.jar;C:\Users\Ahmed\.gradle\caches\modules-2\files-2.1\org.jetbrains\annotations\13.0\919f0dfe192fb4e063e7dacadee7f8bb9a2672a9\annotations-13.0.jar
Launcher Type: SUN_STANDARD

[Global flags]
     intx CICompilerCount                          = 3                                         {product} {ergonomic}
     uint ConcGCThreads                            = 1                                         {product} {ergonomic}
     uint G1ConcRefinementThreads                  = 4                                         {product} {ergonomic}
   size_t G1HeapRegionSize                         = 1048576                                   {product} {ergonomic}
    uintx GCDrainStackTargetSize                   = 64                                        {product} {ergonomic}
   size_t InitialHeapSize                          = 67108864                                  {product} {ergonomic}
   size_t MarkStackSize                            = 4194304                                   {product} {ergonomic}
   size_t MaxHeapSize                              = 1052770304                                {product} {ergonomic}
   size_t MaxNewSize                               = 631242752                                 {product} {ergonomic}
   size_t MinHeapDeltaBytes                        = 1048576                                   {product} {ergonomic}
   size_t MinHeapSize                              = 8388608                                   {product} {ergonomic}
    uintx NonNMethodCodeHeapSize                   = 5832780                                {pd product} {ergonomic}
    uintx NonProfiledCodeHeapSize                  = 122912730                              {pd product} {ergonomic}
    uintx ProfiledCodeHeapSize                     = 122912730                              {pd product} {ergonomic}
    uintx ReservedCodeCacheSize                    = 251658240                              {pd product} {ergonomic}
     bool SegmentedCodeCache                       = true                                      {product} {ergonomic}
   size_t SoftMaxHeapSize                          = 1052770304                             {manageable} {ergonomic}
     bool UseCompressedOops                        = true                           {product lp64_product} {ergonomic}
     bool UseG1GC                                  = true                                      {product} {ergonomic}
     bool UseLargePagesIndividualAllocation        = false                                  {pd product} {ergonomic}

Logging:
Log output configuration:
 #0: stdout all=warning uptime,level,tags foldmultilines=false
 #1: stderr all=off uptime,level,tags foldmultilines=false

Environment Variables:
JAVA_HOME=C:\Program Files\Android\Android Studio\jbr
CLASSPATH=C:\Users\Ahmed\Downloads\Final-Flutter-App\android\\gradle\wrapper\gradle-wrapper.jar
PATH=C:\Program Files\Android\Android Studio\jbr\bin;C:\Program Files\Common Files\Oracle\Java\javapath;C:\Windows\system32;C:\Windows;C:\Windows\System32\Wbem;C:\Windows\System32\WindowsPowerShell\v1.0\;C:\Program Files\dotnet\;C:\Program Files\Git\cmd;C:\Program Files (x86)\Microsoft SQL Server\160\DTS\Binn\;C:\Program Files (x86)\Microsoft SQL Server\160\Tools\Binn\;C:\Program Files\Microsoft SQL Server\160\Tools\Binn\;C:\Program Files\Microsoft SQL Server\Client SDK\ODBC\170\Tools\Binn\;C:\Program Files\Microsoft SQL Server\160\DTS\Binn\;C:\Program Files\Microsoft SQL Server\150\Tools\Binn\;C:\Windows\System32\OpenSSH\;C:\Program Files\Docker\Docker\resources\bin;C:\Users\Ahmed\AppData\Local\Programs\Python\Python314\Scripts\;C:\Users\Ahmed\AppData\Local\Programs\Python\Python314\;C:\Users\Ahmed\AppData\Local\Microsoft\WindowsApps;C:\Users\Ahmed\.dotnet\tools;C:\Users\Ahmed\AppData\Local\Programs\Microsoft VS Code\bin;C:\flutter\bin;C:\Users\Ahmed\AppData\Local\Android\Sdk\platform-tools;C:\gradle-9.2.1\bin;;C:\flutter\bin\mingit\cmd;C:\flutter\bin\mingit\cmd
USERNAME=Ahmed
OS=Windows_NT
PROCESSOR_IDENTIFIER=Intel64 Family 6 Model 60 Stepping 3, GenuineIntel
TMP=C:\Users\Ahmed\AppData\Local\Temp
TEMP=C:\Users\Ahmed\AppData\Local\Temp




Periodic native trim disabled

JNI global refs:
JNI global refs: 8, weak refs: 0

JNI global refs memory usage: 835, weak refs: 833

Process memory usage:
Resident Set Size: 137572K (3% of 4105108K total physical memory with 286896K free physical memory)

OOME stack traces (most recent first):
Classloader memory used:
Loader jdk.internal.loader.ClassLoaders$AppClassLoader                                 : 22341K
Loader bootstrap                                                                       : 9966K

---------------  S Y S T E M  ---------------

OS:
 Windows 11 , 64 bit Build 22621 (10.0.22621.5415)
OS uptime: 2 days 5:04 hours

CPU: total 4 (initial active 4) (4 cores per cpu, 1 threads per core) family 6 model 60 stepping 3 microcode 0x28, cx8, cmov, fxsr, mmx, sse, sse2, sse3, ssse3, sse4.1, sse4.2, popcnt, lzcnt, tsc, tscinvbit, avx, avx2, aes, erms, clmul, bmi1, bmi2, fma, vzeroupper, clflush, rdtscp, f16c
Processor Information for the first 4 processors :
  Max Mhz: 2901, Current Mhz: 2901, Mhz Limit: 2901

Memory: 4k page, system-wide physical 4008M (280M free)
TotalPageFile size 16296M (AvailPageFile size 6M)
current process WorkingSet (physical memory assigned to process): 134M, peak: 134M
current process commit charge ("private bytes"): 164M, peak: 166M

vm_info: OpenJDK 64-Bit Server VM (21.0.8+-14018985-b1038.68) for windows-amd64 JRE (21.0.8+-14018985-b1038.68), built on 2025-08-29T19:56:34Z by "builder" with MS VC++ 16.10 / 16.11 (VS2019)

END.
