#
# There is insufficient memory for the Java Runtime Environment to continue.
# Native memory allocation (mmap) failed to map 67108864 bytes. Error detail: G1 virtual space
# Possible reasons:
#   The system is out of physical RAM or swap space
#   This process is running with CompressedOops enabled, and the Java Heap may be blocking the growth of the native heap
# Possible solutions:
#   Reduce memory load on the system
#   Increase physical memory or swap space
#   Check if swap backing store is full
#   Decrease Java heap size (-Xmx/-Xms)
#   Decrease number of Java threads
#   Decrease Java thread stack sizes (-Xss)
#   Set larger code cache with -XX:ReservedCodeCacheSize=
#   JVM is running with Unscaled Compressed Oops mode in which the Java heap is
#     placed in the first 4GB address space. The Java Heap base address is the
#     maximum limit for the native heap growth. Please use -XX:HeapBaseMinAddress
#     to set the Java Heap base and to place the Java Heap above 4GB virtual address.
# This output file may be truncated or incomplete.
#
#  Out of Memory Error (os_windows.cpp:3925), pid=14872, tid=14948
#
# JRE version:  (21.0.8) (build )
# Java VM: OpenJDK 64-Bit Server VM (21.0.8+-14018985-b1038.68, mixed mode, sharing, tiered, compressed oops, compressed class ptrs, g1 gc, windows-amd64)
# No core dump will be written. Minidumps are not enabled by default on client versions of Windows
#

---------------  S U M M A R Y ------------

Command Line: org.jetbrains.kotlin.cli.jvm.K2JVMCompiler @C:\xampp\htdocs\Final-Flutter-App\Ecommerce_UI\build\package_info_plus\20251202_10850180823126091052.compiler.options

Host: Intel(R) Core(TM) i5-4460S CPU @ 2.90GHz, 4 cores, 3G,  Windows 11 , 64 bit Build 22621 (10.0.22621.5415)
Time: Tue Dec  2 13:22:07 2025 Egypt Standard Time elapsed time: 0.112354 seconds (0d 0h 0m 0s)

---------------  T H R E A D  ---------------

Current thread (0x00000203e19f20d0):  JavaThread "Unknown thread" [_thread_in_vm, id=14948, stack(0x0000009abe200000,0x0000009abe300000) (1024K)]

Stack: [0x0000009abe200000,0x0000009abe300000]
Native frames: (J=compiled Java code, j=interpreted, Vv=VM code, C=native code)
V  [jvm.dll+0x6d68d9]
V  [jvm.dll+0x866693]
V  [jvm.dll+0x868c4e]
V  [jvm.dll+0x869333]
V  [jvm.dll+0x280566]
V  [jvm.dll+0x6d3195]
V  [jvm.dll+0x6c69ea]
V  [jvm.dll+0x3586db]
V  [jvm.dll+0x360336]
V  [jvm.dll+0x3b23f6]
V  [jvm.dll+0x3b26c8]
V  [jvm.dll+0x32ae6c]
V  [jvm.dll+0x32bb5b]
V  [jvm.dll+0x82e109]
V  [jvm.dll+0x3bf5c8]
V  [jvm.dll+0x817388]
V  [jvm.dll+0x453b6e]
V  [jvm.dll+0x4552d1]
C  [jli.dll+0x52ab]
C  [ucrtbase.dll+0x29333]
C  [KERNEL32.DLL+0x1259d]
C  [ntdll.dll+0x5af78]


---------------  P R O C E S S  ---------------

Threads class SMR info:
_java_thread_list=0x00007ffe44f6b988, length=0, elements={
}

Java Threads: ( => current thread )
Total: 0

Other Threads:
  0x00000203e3d350a0 WorkerThread "GC Thread#0"                     [id=15052, stack(0x0000009abe400000,0x0000009abe500000) (1024K)]
  0x00000203e3d3de00 ConcurrentGCThread "G1 Main Marker"            [id=14800, stack(0x0000009abe500000,0x0000009abe600000) (1024K)]
  0x00000203e3d3fa80 WorkerThread "G1 Conc#0"                       [id=4692, stack(0x0000009abe600000,0x0000009abe700000) (1024K)]

[error occurred during error reporting (printing all threads), id 0xc0000005, EXCEPTION_ACCESS_VIOLATION (0xc0000005) at pc=0x00007ffe4475ddd7]
VM state: not at safepoint (not fully initialized)

VM Mutex/Monitor currently owned by a thread:  ([mutex/lock_event])
[0x00007ffe44fd86b8] Heap_lock - owner thread: 0x00000203e19f20d0

Heap address: 0x00000000c1400000, size: 1004 MB, Compressed Oops mode: 32-bit

CDS archive(s) mapped at: [0x0000000000000000-0x0000000000000000-0x0000000000000000), size 0, SharedBaseAddress: 0x0000000800000000, ArchiveRelocationMode: 1.
Narrow klass base: 0x0000000000000000, Narrow klass shift: 0, Narrow klass range: 0x0

GC Precious Log:
 CardTable entry size: 512
 Card Set container configuration: InlinePtr #cards 5 size 8 Array Of Cards #cards 12 size 40 Howl #buckets 4 coarsen threshold 1843 Howl Bitmap #cards 512 size 80 coarsen threshold 460 Card regions per heap region 1 cards per card region 2048

Heap:
 garbage-first heap   total 0K, used 0K [0x00000000c1400000, 0x0000000100000000)
  region size 1024K, 0 young (0K), 0 survivors (0K)
 Metaspace       used 0K, committed 0K, reserved 0K
  class space    used 0K, committed 0K, reserved 0K

Heap Regions: E=young(eden), S=young(survivor), O=old, HS=humongous(starts), HC=humongous(continues), CS=collection set, F=free, TAMS=top-at-mark-start, PB=parsable bottom

Card table byte_map: [0x00000203f6050000,0x00000203f6250000] _byte_map_base: 0x00000203f5a46000

Marking Bits: (CMBitMap*) 0x00000203e3d357a0
 Bits: [0x00000203f6250000, 0x00000203f7200000)

GC Heap History (0 events):
No events

Dll operation events (1 events):
Event: 0.064 Loaded shared library C:\Program Files\Android\Android Studio\jbr\bin\java.dll

Deoptimization events (0 events):
No events

Classes loaded (0 events):
No events

Classes unloaded (0 events):
No events

Classes redefined (0 events):
No events

Internal exceptions (0 events):
No events

ZGC Phase Switch (0 events):
No events

VM Operations (0 events):
No events

Memory protections (0 events):
No events

Nmethod flushes (0 events):
No events

Events (0 events):
No events


Dynamic libraries:
0x00007ff674050000 - 0x00007ff67405a000 	C:\Program Files\Android\Android Studio\jbr\bin\java.exe
0x00007ffe997f0000 - 0x00007ffe99a08000 	C:\Windows\SYSTEM32\ntdll.dll
0x00007ffe97ff0000 - 0x00007ffe980b4000 	C:\Windows\System32\KERNEL32.DLL
0x00007ffe969b0000 - 0x00007ffe96d83000 	C:\Windows\System32\KERNELBASE.dll
0x00007ffe97010000 - 0x00007ffe97121000 	C:\Windows\System32\ucrtbase.dll
0x00007ffe6acb0000 - 0x00007ffe6acc8000 	C:\Program Files\Android\Android Studio\jbr\bin\jli.dll
0x00007ffe977e0000 - 0x00007ffe97992000 	C:\Windows\System32\USER32.dll
0x00007ffe96900000 - 0x00007ffe96926000 	C:\Windows\System32\win32u.dll
0x00007ffe98a10000 - 0x00007ffe98a39000 	C:\Windows\System32\GDI32.dll
0x00007ffe96e50000 - 0x00007ffe96f6b000 	C:\Windows\System32\gdi32full.dll
0x00007ffe96f70000 - 0x00007ffe9700a000 	C:\Windows\System32\msvcp_win.dll
0x00007ffe61d40000 - 0x00007ffe61d5b000 	C:\Program Files\Android\Android Studio\jbr\bin\VCRUNTIME140.dll
0x00007ffe843b0000 - 0x00007ffe8464c000 	C:\Windows\WinSxS\amd64_microsoft.windows.common-controls_6595b64144ccf1df_6.0.22621.6060_none_2712eda17382d24b\COMCTL32.dll
0x00007ffe97730000 - 0x00007ffe977d7000 	C:\Windows\System32\msvcrt.dll
0x00007ffe975a0000 - 0x00007ffe975d1000 	C:\Windows\System32\IMM32.DLL
0x00007ffe81670000 - 0x00007ffe8167c000 	C:\Program Files\Android\Android Studio\jbr\bin\vcruntime140_1.dll
0x00007ffe560e0000 - 0x00007ffe5616d000 	C:\Program Files\Android\Android Studio\jbr\bin\msvcp140.dll
0x00007ffe44420000 - 0x00007ffe450b6000 	C:\Program Files\Android\Android Studio\jbr\bin\server\jvm.dll
0x00007ffe99650000 - 0x00007ffe99701000 	C:\Windows\System32\ADVAPI32.dll
0x00007ffe980c0000 - 0x00007ffe98168000 	C:\Windows\System32\sechost.dll
0x00007ffe973e0000 - 0x00007ffe97408000 	C:\Windows\System32\bcrypt.dll
0x00007ffe97b30000 - 0x00007ffe97c48000 	C:\Windows\System32\RPCRT4.dll
0x00007ffe98a70000 - 0x00007ffe98ae1000 	C:\Windows\System32\WS2_32.dll
0x00007ffe967d0000 - 0x00007ffe9681d000 	C:\Windows\SYSTEM32\POWRPROF.dll
0x00007ffe874f0000 - 0x00007ffe87524000 	C:\Windows\SYSTEM32\WINMM.dll
0x00007ffe8c8e0000 - 0x00007ffe8c8ea000 	C:\Windows\SYSTEM32\VERSION.dll
0x00007ffe967b0000 - 0x00007ffe967c3000 	C:\Windows\SYSTEM32\UMPDC.dll
0x00007ffe958e0000 - 0x00007ffe958f8000 	C:\Windows\SYSTEM32\kernel.appcore.dll
0x00007ffe7f2d0000 - 0x00007ffe7f2da000 	C:\Program Files\Android\Android Studio\jbr\bin\jimage.dll
0x00007ffe84c30000 - 0x00007ffe84e63000 	C:\Windows\SYSTEM32\DBGHELP.DLL
0x00007ffe97c50000 - 0x00007ffe97fe1000 	C:\Windows\System32\combase.dll
0x00007ffe97600000 - 0x00007ffe976d8000 	C:\Windows\System32\OLEAUT32.dll
0x00007ffe7ea10000 - 0x00007ffe7ea42000 	C:\Windows\SYSTEM32\dbgcore.DLL
0x00007ffe97410000 - 0x00007ffe9748b000 	C:\Windows\System32\bcryptPrimitives.dll
0x00007ffe5de10000 - 0x00007ffe5de30000 	C:\Program Files\Android\Android Studio\jbr\bin\java.dll

JVMTI agents: none

dbghelp: loaded successfully - version: 4.0.5 - missing functions: none
symbol engine: initialized successfully - sym options: 0x614 - pdb path: .;C:\Program Files\Android\Android Studio\jbr\bin;C:\Windows\SYSTEM32;C:\Windows\WinSxS\amd64_microsoft.windows.common-controls_6595b64144ccf1df_6.0.22621.6060_none_2712eda17382d24b;C:\Program Files\Android\Android Studio\jbr\bin\server

VM Arguments:
java_command: org.jetbrains.kotlin.cli.jvm.K2JVMCompiler @C:\xampp\htdocs\Final-Flutter-App\Ecommerce_UI\build\package_info_plus\20251202_10850180823126091052.compiler.options
java_class_path (initial): C:\Users\Ahmed\.gradle\caches\modules-2\files-2.1\org.jetbrains.kotlin\kotlin-compiler-embeddable\2.1.0\988bf980588bbbcfa1ba19c1ffd7aa869b335a31\kotlin-compiler-embeddable-2.1.0.jar;C:\Users\Ahmed\.gradle\caches\modules-2\files-2.1\org.jetbrains.kotlin\kotlin-stdlib\2.1.0\85f8b81009cda5890e54ba67d64b5e599c645020\kotlin-stdlib-2.1.0.jar;C:\Users\Ahmed\.gradle\caches\modules-2\files-2.1\org.jetbrains.kotlin\kotlin-script-runtime\2.1.0\5909da8c57b75a117714ab0e348c86101b7a3284\kotlin-script-runtime-2.1.0.jar;C:\Users\Ahmed\.gradle\caches\modules-2\files-2.1\org.jetbrains.kotlin\kotlin-reflect\1.6.10\1cbe9c92c12a94eea200d23c2bbaedaf3daf5132\kotlin-reflect-1.6.10.jar;C:\Users\Ahmed\.gradle\caches\modules-2\files-2.1\org.jetbrains.kotlin\kotlin-daemon-embeddable\2.1.0\420bae1908e4a353f5b56c3c850d24d86367b25d\kotlin-daemon-embeddable-2.1.0.jar;C:\Users\Ahmed\.gradle\caches\modules-2\files-2.1\org.jetbrains.intellij.deps\trove4j\1.0.20200330\3afb14d5f9ceb459d724e907a21145e8ff394f02\trove4j-1.0.20200330.jar;C:\Users\Ahmed\.gradle\caches\modules-2\files-2.1\org.jetbrains.kotlinx\kotlinx-coroutines-core-jvm\1.6.4\2c997cd1c0ef33f3e751d3831929aeff1390cb30\kotlinx-coroutines-core-jvm-1.6.4.jar;C:\Users\Ahmed\.gradle\caches\modules-2\files-2.1\org.jetbrains\annotations\13.0\919f0dfe192fb4e063e7dacadee7f8bb9a2672a9\annotations-13.0.jar
Launcher Type: SUN_STANDARD

[Global flags]
     intx CICompilerCount                          = 3                                         {product} {ergonomic}
     uint ConcGCThreads                            = 1                                         {product} {ergonomic}
     uint G1ConcRefinementThreads                  = 4                                         {product} {ergonomic}
   size_t G1HeapRegionSize                         = 1048576                                   {product} {ergonomic}
    uintx GCDrainStackTargetSize                   = 64                                        {product} {ergonomic}
   size_t InitialHeapSize                          = 67108864                                  {product} {ergonomic}
   size_t MarkStackSize                            = 4194304                                   {product} {ergonomic}
   size_t MaxHeapSize                              = 1052770304                                {product} {ergonomic}
   size_t MinHeapDeltaBytes                        = 1048576                                   {product} {ergonomic}
   size_t MinHeapSize                              = 8388608                                   {product} {ergonomic}
    uintx NonNMethodCodeHeapSize                   = 5832780                                {pd product} {ergonomic}
    uintx NonProfiledCodeHeapSize                  = 122912730                              {pd product} {ergonomic}
    uintx ProfiledCodeHeapSize                     = 122912730                              {pd product} {ergonomic}
    uintx ReservedCodeCacheSize                    = 251658240                              {pd product} {ergonomic}
     bool SegmentedCodeCache                       = true                                      {product} {ergonomic}
   size_t SoftMaxHeapSize                          = 1052770304                             {manageable} {ergonomic}
     bool UseCompressedOops                        = true                           {product lp64_product} {ergonomic}
     bool UseG1GC                                  = true                                      {product} {ergonomic}
     bool UseLargePagesIndividualAllocation        = false                                  {pd product} {ergonomic}

Logging:
Log output configuration:
 #0: stdout all=warning uptime,level,tags foldmultilines=false
 #1: stderr all=off uptime,level,tags foldmultilines=false

Environment Variables:
JAVA_HOME=C:\Program Files\Android\Android Studio\jbr
CLASSPATH=C:\xampp\htdocs\Final-Flutter-App\Ecommerce_UI\android\\gradle\wrapper\gradle-wrapper.jar
PATH=C:\Program Files\Android\Android Studio\jbr\bin;C:\Program Files\Common Files\Oracle\Java\javapath;C:\Windows\system32;C:\Windows;C:\Windows\System32\Wbem;C:\Windows\System32\WindowsPowerShell\v1.0\;C:\Program Files\dotnet\;C:\Program Files\Git\cmd;C:\Program Files (x86)\Microsoft SQL Server\160\DTS\Binn\;C:\Program Files (x86)\Microsoft SQL Server\160\Tools\Binn\;C:\Program Files\Microsoft SQL Server\160\Tools\Binn\;C:\Program Files\Microsoft SQL Server\Client SDK\ODBC\170\Tools\Binn\;C:\Program Files\Microsoft SQL Server\160\DTS\Binn\;C:\Program Files\Microsoft SQL Server\150\Tools\Binn\;C:\Windows\System32\OpenSSH\;C:\Program Files\Docker\Docker\resources\bin;C:\Users\Ahmed\AppData\Local\Programs\Python\Python314\Scripts\;C:\Users\Ahmed\AppData\Local\Programs\Python\Python314\;C:\Users\Ahmed\AppData\Local\Microsoft\WindowsApps;C:\Users\Ahmed\.dotnet\tools;C:\Users\Ahmed\AppData\Local\Programs\Microsoft VS Code\bin;C:\flutter\bin;C:\Users\Ahmed\AppData\Local\Android\Sdk\platform-tools;C:\gradle-9.2.1\bin;;C:\flutter\bin\mingit\cmd;C:\flutter\bin\mingit\cmd
USERNAME=Ahmed
OS=Windows_NT
PROCESSOR_IDENTIFIER=Intel64 Family 6 Model 60 Stepping 3, GenuineIntel
TMP=C:\Users\Ahmed\AppData\Local\Temp
TEMP=C:\Users\Ahmed\AppData\Local\Temp




Periodic native trim disabled

JNI global refs:
JNI global refs: 0, weak refs: 0

JNI global refs memory usage: 0, weak refs: 0

Process memory usage:
Resident Set Size: 11424K (0% of 4105108K total physical memory with 505100K free physical memory)

OOME stack traces (most recent first):
Classloader memory used:

---------------  S Y S T E M  ---------------

OS:
 Windows 11 , 64 bit Build 22621 (10.0.22621.5415)
OS uptime: 0 days 7:38 hours

CPU: total 4 (initial active 4) (4 cores per cpu, 1 threads per core) family 6 model 60 stepping 3 microcode 0x28, cx8, cmov, fxsr, mmx, sse, sse2, sse3, ssse3, sse4.1, sse4.2, popcnt, lzcnt, tsc, tscinvbit, avx, avx2, aes, erms, clmul, bmi1, bmi2, fma, vzeroupper, clflush, rdtscp, f16c
Processor Information for the first 4 processors :
  Max Mhz: 2901, Current Mhz: 2901, Mhz Limit: 2901

Memory: 4k page, system-wide physical 4008M (493M free)
TotalPageFile size 16296M (AvailPageFile size 0M)
current process WorkingSet (physical memory assigned to process): 11M, peak: 11M
current process commit charge ("private bytes"): 51M, peak: 115M

vm_info: OpenJDK 64-Bit Server VM (21.0.8+-14018985-b1038.68) for windows-amd64 JRE (21.0.8+-14018985-b1038.68), built on 2025-08-29T19:56:34Z by "builder" with MS VC++ 16.10 / 16.11 (VS2019)

END.
